26MAY2022|HGFA|0806|HBL Growth Fund|5.13|5.80|5.13|5.79|32000|5.80|||
26MAY2022|HIFA|0806|HBL Invest Fund|2.29|2.29|2.28|2.28|4500|2.35|||
26MAY2022|ARM|0819|Allied Rent.|22.01|22.50|22|22|125000|22.05|||
26MAY2022|BFMOD|0819|B.F.Modaraba|9|9|9|9|500|8.50|||
26MAY2022|FECM|0819|Elite Cap.Mod|3.10|3.10|2.95|2.96|1500|2.99|||
26MAY2022|OLPM|0819|OLP Modaraba|15.80|15.80|15.80|15.80|2000|15.85|||
26MAY2022|FHAM|0819|Habib Modaraba|9.38|9.38|9.25|9.25|3500|9.38|||
26MAY2022|KASBM|0819|KASB Mod|1.88|1.89|1.88|1.89|2000|1.73|||
26MAY2022|MODAM|0819|Mod.Al-Mali|6|6.50|5.85|6.48|51500|5.97|||
26MAY2022|ORM|0819|Orient Rental|0|7.21|7.21|7.21|320000|7.21|||
26MAY2022|PAKMI|0819|Pak Mod.|2.65|2.65|2.40|2.40|1500|2.61|||
26MAY2022|PMI|0819|Prud Mod.1st|1.61|1.70|1.52|1.70|25500|1.65|||
26MAY2022|FPJM|0819|Punjab Mod|1.76|1.76|1.70|1.70|18500|1.89|||
26MAY2022|FTSM|0819|Tri-Star 1st. M|9|9|9|9|1000|8.99|||
26MAY2022|TRSM|0819|Trust Modaraba|1.70|1.70|1.51|1.51|13500|1.66|||
26MAY2022|UCAPM|0819|Unicap Modaraba|1.90|1.98|1.80|1.90|9000|1.74|||
26MAY2022|GRYL|0815|Grays Leasing|3|3.65|3|3.65|1000|2.70|||
26MAY2022|OLPL|0813|OLP FinancialXD|19.50|19.53|19.50|19.51|8000|19.26|||
26MAY2022|SLL|0815|SME Leasing Ltd|2.45|2.45|2.45|2.45|500|2.05|||
26MAY2022|AHL|0813|Arif Habib Ltd.|40.50|40.89|40.01|40.49|9500|40.40|||
26MAY2022|ICIBL|0813|Invest Bank|1.67|1.70|1.63|1.65|259500|1.60|||
26MAY2022|FDIBL|0813|Ist.Dawood Bank|2.26|2.32|2.15|2.28|88500|2.20|||
26MAY2022|JSCL|0813|Jah.Sidd. Co.|12.90|13.50|12.76|13.30|314500|12.88|||
26MAY2022|BIPLS|0813|BIPL Securities|0|0|0|41.9708|0|43.6744|||
26MAY2022|NEXT|0813|Next Capital|6.60|6.60|6.22|6.22|1500|6.02|||
26MAY2022|AMBL|0813|Apna Microfin.|19.24|19.24|19.24|19.24|500|18.15|||
26MAY2022|ESBL|0813|Escorts Bank|6.98|6.98|5.87|6.06|31500|5.99|||
26MAY2022|PSX|0813|Pak Stock Exchange|10.70|11.24|10.52|11.02|616500|10.86|||
26MAY2022|FCSC|0813|Ist.Capital Sec|1.60|1.64|1.52|1.59|251000|1.57|||
26MAY2022|EFGH|0813|EFG Hermes Pak|16.50|16.50|16.08|16.10|5500|17.38|||
26MAY2022|FNEL|0813|F. Nat.Equities|6.15|6.30|6|6.16|1333500|6.02|||
26MAY2022|JSIL|0813|JS Investments|10.75|10.75|10.75|10.75|2000|11.01|||
26MAY2022|JSGCL|0813|JS Global Cap.|91.32|91.32|86.91|86.91|1000|84.95|||
26MAY2022|786|0813|786 Invest Ltd|5|5.25|5|5.25|9000|5|||
26MAY2022|DEL|0813|Dawood Equities|5.10|5.10|4.95|4.95|13500|4.92|||
26MAY2022|PASL|0813|Pervez Ahmed Co|0.86|0.94|0.86|0.91|316000|0.86|||
26MAY2022|JSCLPSA|0813|JahangirSidd(Pref)|8|8|8|8|500|7.90|||
26MAY2022|ABL|0807|Allied Bank Ltd|75.50|76|70.40|70.73|400500|75.50|||
26MAY2022|SMBL|0807|Summit Bank|2.40|2.53|2.38|2.53|434500|2.42|||
26MAY2022|AKBL|0807|Askari Bank|18.06|18.50|18|18.47|86000|18.45|||
26MAY2022|BAFL|0807|Bank Al-Falah|34|34.60|34|34.22|183054|33.93|||
26MAY2022|BIPL|0807|Bankislami Pak.|11.95|12.38|11.85|11.94|202000|11.92|||
26MAY2022|BOK|0807|Bank Of KhyberXB|14.01|15.19|14.01|15.05|7000|14.77|||
26MAY2022|BAHL|0807|Bank AL-Habib|66.50|66.50|65.01|65.47|82522|65.86|||
26MAY2022|BOP|0807|B.O.Punjab|5.80|5.90|5.75|5.84|1627500|5.75|||
26MAY2022|FABL|0807|Faysal Bank|23.05|23.50|22.89|23.25|962000|23|||
26MAY2022|HBL|0807|Habib Bank|102.62|103.97|102.60|103.41|284727|102.61|||
26MAY2022|MEBL|0807|Meezan Bank|128.50|130.50|128.50|130.02|373607|129.14|||
26MAY2022|NBP|0807|National BankXD|29.18|29.85|29.18|29.85|757000|29.41|||
26MAY2022|HMB|0807|Habib Metropol.|41|42.50|41|42.24|169500|41.01|||
26MAY2022|MCB|0807|MCB Bank Ltd|134.90|135.60|133.26|135|221652|133.54|||
26MAY2022|JSBL|0807|JS Bank Ltd|4.10|4.15|3.96|4.14|187000|4.13|||
26MAY2022|SBL|0807|Samba Bank|9|9.39|9|9.39|4500|8.95|||
26MAY2022|SILK|0807|Silk Bank Ltd|1.37|1.44|1.35|1.43|13074500|1.37|||
26MAY2022|SNBL|0807|Soneri Bank Ltd|9.49|9.49|9.40|9.48|107000|9.30|||
26MAY2022|SCBPL|0807|St.Chart.Bank|28.10|28.10|28.10|28.10|500|29|||
26MAY2022|UBL|0807|United Bank|126.98|129.29|125.61|128.36|746138|126.81|||
26MAY2022|AICL|0812|Adamjee Ins.|30|30.75|30|30.56|41500|29.92|||
26MAY2022|ALIFE|0812|Adamjee Life As|21|21.50|21|21.12|48000|21.26|||
26MAY2022|IGIL|0812|IGI Life Ins|29|32.49|29|31.97|3000|31.08|||
26MAY2022|AGIC|0812|Ask.Gen.Insur.XD|17.89|17.89|17.85|17.85|7500|17.98|||
26MAY2022|CYAN|0812|Cyan Limited|28.20|29.90|28.20|29.50|10000|27.99|||
26MAY2022|JLICL|0812|Jubile Life Ins|163.10|163.10|163.10|160.25|100|160.25|||
26MAY2022|CSIL|0812|Cres.Star Ins.|2.10|2.10|1.94|2.01|23000|1.90|||
26MAY2022|EFUG|0812|EFU General|100|100|100|100|2500|100|||
26MAY2022|EFUL|0812|EFU Life Assr|184|184|184|184.77|100|184.77|||
26MAY2022|HICL|0812|Habib Ins.|6.40|6.40|6.40|6.40|500|6.21|||
26MAY2022|IGIHL|0812|IGI Holdings|116.60|124.99|116.50|124.98|9800|121.50|||
26MAY2022|PIL|0812|PICIC Ins.Ltd.|0.90|1.05|0.88|0.95|65000|0.94|||
26MAY2022|PKGI|0812|Pak Gen.Ins.|9.23|9.23|8.38|9.19|6000|9.18|||
26MAY2022|PAKRI|0812|Pak Reinsurance|8.80|9.03|8.70|8.92|2003500|8.89|||
26MAY2022|PINL|0812|Premier Ins.|3.58|4.75|3.58|4.75|45000|3.75|||
26MAY2022|RICL|0812|Reliance Ins.|6.10|6.15|5.50|5.50|28000|5.20|||
26MAY2022|SHNI|0812|Shaheen Ins.|3.20|4|3.20|3.21|18000|3.20|||
26MAY2022|UNIC|0812|United Insurance|7.97|7.97|7.33|7.33|6000|7.13|||
26MAY2022|UVIC|0812|Universal Ins.|7|7|7|7|500|6.50|||
26MAY2022|ASTM|0830|Asim Textile|6.59|6.60|6.59|6.60|1000|6.39|||
26MAY2022|BILF|0830|Bilal Fibres|2.45|2.45|2.20|2.30|12500|2.47|||
26MAY2022|CWSM|0830|Chakwal Spinning|1.82|2|1.80|1.96|41500|1.80|||
26MAY2022|HIRAT|0830|Hira Textile|2.70|2.87|2.60|2.84|9000|2.81|||
26MAY2022|DFSM|0830|Dewan Farooque Sp.|2.25|2.29|2.23|2.24|124500|2.21|||
26MAY2022|DSIL|0830|D.S. Ind. Ltd.|3.90|4.25|3.74|4.10|613000|3.82|||
26MAY2022|ELSM|0830|Ellcot Spinning|0|0|0|127.3878|0|125.01|||
26MAY2022|FZCM|0829|Fazal Cloth|264.50|264.50|264.50|264.50|100|259.89|||
26MAY2022|GADT|0830|Gadoon Textile|270|270|267.26|267.26|600|265|||
26MAY2022|IDYM|0830|Indus Dyeing|225|225.30|225|225.05|1000|223.61|||
26MAY2022|JATM|0830|J.A.Textile|9.40|9.45|9.40|9.43|1500|9.50|||
26MAY2022|JDMT|0830|Janana D Mal|52.75|61.25|52.73|58|86000|57|||
26MAY2022|ARCTM|0830|Arctic Textile|12.65|12.65|10.65|10.65|17000|11.65|||
26MAY2022|KOSM|0830|Kohinoor Spining|3|3.11|3|3.06|928500|3|||
26MAY2022|NAGC|0830|Nagina Cotton|84.55|94.50|84.55|85.01|4000|91.40|||
26MAY2022|NCML|0830|Nazir Cotton Mills|5.85|5.85|5.85|5.85|500|5.16|||
26MAY2022|PRET|0830|Premium Tex.|825|825|825|825|50|825|||
26MAY2022|BECO|0808|Beco Steel Ltd|19.40|19.80|18.75|19.30|38000|19.09|||
26MAY2022|RUBY|0830|Ruby Textile|3.80|4|3.80|4|3500|3.87|||
26MAY2022|SAIF|0830|Saif Textile|21.94|21.94|20.65|21.47|19000|21.31|||
26MAY2022|SSML|0830|Saritow Spinning|7.35|7.38|7.30|7.38|11500|7.30|||
26MAY2022|SHDT|0830|Shadab Textile|21.70|21.70|21.25|21.38|5000|21.13|||
26MAY2022|SUTM|0830|Sunrays Textile|214|214|210|210|900|218.02|||
26MAY2022|UNITY|0810|Unity Foods Ltd|22.11|23.45|21.92|23.26|8686413|22.33|||
26MAY2022|TATM|0830|Tata Textile|0|69|69|69|20000|69|||
26MAY2022|FML|0829|Feroze 1888|61.25|61.25|61.25|61.25|500|61.90|||
26MAY2022|SMTM|0831|Samin Textile|4.70|4.98|4.22|4.75|70500|4.94|||
26MAY2022|GTECH|0805|G3 Technologies|9.20|9.90|9|9.78|8022500|9.19|||
26MAY2022|STJT|0831|Shahtaj Textile|93.60|93.60|93|93|1000|87.07|||
26MAY2022|YOUW|0831|Yousuf Weaving|4.97|5.19|4.92|5.11|675500|4.98|||
26MAY2022|ZTL|0831|Zephyr Textile|11|11.48|11|11.48|1000|10.50|||
26MAY2022|ADMM|0829|Artistic Denim|56|58|54.50|56.93|12500|56.90|||
26MAY2022|CRTM|0829|Crescent Tex.|18|18.39|18|18.30|6000|17.93|||
26MAY2022|NCL|0829|Nishat (Chun.)|47.02|47.55|46.70|46.89|2131861|47.01|||
26MAY2022|DLL|0813|Dawood Law|175.61|175.61|175.61|187.25|500|187.25|||
26MAY2022|REWM|0829|Reliance Weaving|67.50|69.50|67|68.71|18000|69|||
26MAY2022|GFIL|0829|Ghazi Fabrics|5.75|6.40|5.75|6.30|6500|5.50|||
26MAY2022|GATM|0829|Gul Ahmed|38.01|39.15|38.01|38.90|137612|38.60|||
26MAY2022|ILP|0829|Interloop Ltd.|65.25|68.22|63.64|68.03|37070|64.99|||
26MAY2022|KOIL|0829|Kohinoor Ind.|5.18|5.29|5.10|5.29|3500|5.10|||
26MAY2022|BTL|0829|Blessed Tex.|483|483|482|482|400|485.01|||
26MAY2022|KTML|0829|Kohinoor Textile|54.99|55.75|53.29|55|54500|54.58|||
26MAY2022|ANL|0829|Azgard Nine|11.02|11.64|10.96|11.55|3358000|11.02|||
26MAY2022|CLVL|0833|Cordoba Logist|14.64|14.64|13.25|14.28|45000|13.62|||
26MAY2022|NML|0829|Nishat Mills Ltd|72|73.75|71|73.33|1212240|72.16|||
26MAY2022|STML|0829|Shams Textile|55.43|55.43|55.43|55.43|500|59.92|||
26MAY2022|TOWL|0829|Towellers Limited|104.89|104.89|95|99.22|7300|99.22|||
26MAY2022|ZAHID|0829|ZahidJee Tex.|22|22|21.20|21.20|2500|22|||
26MAY2022|MSOT|0829|Masood Textile|49.90|49.90|49.90|49.90|500|50.9806|||
26MAY2022|SAPT|0829|Sapphire Tex.|974.50|974.50|974.50|1000.01|20|1000.01|||
26MAY2022|BNL|0810|Bunnys Limited|21.50|22|21.50|22|2500|22|||
26MAY2022|AGL|0805|Agritech Limited|5.09|5.29|5.05|5.19|424500|5.09|||
26MAY2022|GATI|0827|Gatron Ind.|420|434|380.01|404.01|1400|404.67|||
26MAY2022|IBFL|0827|Ibrahim Fibres|170.25|170.25|170.25|170.25|500|170|||
26MAY2022|RUPL|0827|Rupali Polyester|40|40.50|40|40|16000|40.80|||
26MAY2022|IMAGE|0827|Image Pakistan|14.40|15|14.26|14.95|927500|14.43|||
26MAY2022|THALL|0802|Thal Limited|319.99|328.50|319.99|325.04|22200|327.21|||
26MAY2022|ADAMS|0826|Adam Sugar|39.50|40|39.50|40|12000|39.50|||
26MAY2022|AABS|0826|AL-Abbas Sugar|280|284.02|280|282.01|200|270|||
26MAY2022|AGSML|0826|Abdullah Shah|11.25|11.98|11.25|11.40|93000|11.40|||
26MAY2022|ALNRS|0826|AL-Noor Sugar|51.81|51.81|51.81|51.81|4000|48.20|||
26MAY2022|IML|0813|Imperial Limite|14.30|14.30|14.30|14.30|6000|15.45|||
26MAY2022|DWSM|0826|Dewan Sugar|2.06|2.15|2.06|2.15|21500|2.18|||
26MAY2022|FCEPL|0810|Frieslandcampina|71|75.73|71|74.60|485297|70.88|||
26MAY2022|FRSM|0826|Faran Sugar|43.50|46|43.50|45.74|20000|44.85|||
26MAY2022|HABSM|0826|Habib Sugar|32.98|32.98|31.90|31.91|182000|31.90|||
26MAY2022|HSM|0826|Husein Sugar|12.55|13.40|12.55|12.72|3500|12.50|||
26MAY2022|HSMCPS|0826|Husein Sugar(Pr|5.40|5.40|5.40|5.40|1000|6.01|||
26MAY2022|JSML|0826|Jauharabad Sug|16.88|16.88|16.88|16.88|500|16.50|||
26MAY2022|MRNS|0826|Mehran Sugar|44|46.80|43.50|44.94|86500|43.75|||
26MAY2022|MIRKS|0826|Mirpurkhas Sugar|154|159.90|154|159.30|500|154.9987|||
26MAY2022|SKRS|0826|Sakrand Sugar|8.11|9.09|8.11|8.93|89500|8.68|||
26MAY2022|SHJS|0826|Shahtaj Sugar|49.45|49.45|49.45|49.45|1000|46|||
26MAY2022|TSML|0826|Tandlianwala Sugar|131.28|131.28|131|131.14|200|124.99|||
26MAY2022|TICL|0826|Thal Ind.Corp.|274.49|274.49|274.49|274.49|100|264.99|||
26MAY2022|ACPL|0804|Attock CementXD|81|84.50|80.55|81.37|70900|81.46|||
26MAY2022|BWCL|0804|Bestway Cement|135|136.75|135|136.66|5100|134.65|||
26MAY2022|CHCC|0804|Cherat Cement|106.02|110.50|106.02|109.25|244347|107.45|||
26MAY2022|DNCC|0804|Dandot Cement|7.30|7.30|7.30|7.30|1000|7.10|||
26MAY2022|DGKC|0804|D.G.K.Cement|58|60.35|56.11|59.89|1060357|58.31|||
26MAY2022|POWER|0804|Power Cement|5.26|5.39|5.22|5.34|976500|5.17|||
26MAY2022|POWERPS|0804|Power Cem(Pref)|0|8.50|8.50|8.50|1000|8.50|||
26MAY2022|FCCL|0804|Fauji Cement|14.95|15.20|14.81|15.03|4742000|15|||
26MAY2022|FECTC|0804|Fecto Cement|19.50|19.50|19.50|19.50|500|19.48|||
26MAY2022|FLYNG|0804|Flying Cement|7.61|8.29|7.50|8.01|9137000|7.62|||
26MAY2022|GWLC|0804|Gharibwal Cement|20.20|21.10|19.70|20.59|104500|19.74|||
26MAY2022|JVDC|0804|Javedan Corp.|44.48|44.50|43.50|44.40|10500|44.30|||
26MAY2022|KOHC|0804|Kohat Cement|135.01|140.01|133.98|139.66|64700|136|||
26MAY2022|LUCK|0804|Lucky Cement|467.40|485.10|462|481.51|393385|469.72|||
26MAY2022|MLCF|0804|Maple Leaf|26.25|27.30|26|27.16|7035996|26.34|||
26MAY2022|DCL|0804|Dewan Cement|5.50|5.78|5.35|5.56|716000|5.48|||
26MAY2022|PIOC|0804|Pioneer Cement|58.77|62.90|58.02|62.20|1076912|58.86|||
26MAY2022|SMCPL|0804|Safe Mix Con.Lt|6.63|7.15|6.53|7.15|4000|6.95|||
26MAY2022|THCCL|0804|Thatta Cement|15.45|15.78|15.25|15.56|221000|15.21|||
26MAY2022|KHTC|0832|Khyber Tobacco|186.11|200|182.85|186.50|4600|197.67|||
26MAY2022|PMPK|0832|Philip Morris Pak.|580|580|580|580|50|541.13|||
26MAY2022|PAKT|0832|Pak Tobacco|1018|1018|1000|1000|80|1000|||
26MAY2022|ATRL|0825|Attock Refinery|155|164.95|153.67|163.86|2507807|156.06|||
26MAY2022|CNERGY|0825|Cnergyico PK|5.26|5.65|5.20|5.59|19647019|5.29|||
26MAY2022|NRL|0825|National Refinery|230|245.90|230|243.49|1462432|233.74|||
26MAY2022|PRL|0825|Pak Refinery|16.71|17.88|16.26|17.88|35663724|16.64|||
26MAY2022|ALTN|0824|Altern Energy|16.78|16.99|16.78|16.99|2500|16.60|||
26MAY2022|EPQL|0824|Engro Powergen|20|20.70|19.98|20.19|1209000|19.98|||
26MAY2022|HUBC|0824|Hub Power Co.|63.18|63.90|63|63.40|1659966|63.18|||
26MAY2022|KEL|0824|K-Electric Ltd.|2.52|2.59|2.51|2.58|5745000|2.52|||
26MAY2022|KOHE|0824|Kohinoor Energy|37.41|37.80|37.41|37.49|35500|37.41|||
26MAY2022|LPL|0824|Lalpir Power|13.26|13.89|13.25|13.76|22000|13.54|||
26MAY2022|KAPCO|0824|Kot Addu Power|27|27.32|26.90|27.24|697816|27|||
26MAY2022|NCPL|0824|Nishat ChunPow|15.30|15.50|15.30|15.50|53000|15.10|||
26MAY2022|NPL|0824|Nishat Power|17.05|17.45|17|17.44|43000|17|||
26MAY2022|PKGP|0824|Pakgen Power|18.49|18.70|18.49|18.69|1500|18.02|||
26MAY2022|SPWL|0824|Saif Power Ltd.|17.72|18|17.55|17.79|1277500|17.72|||
26MAY2022|SEL|0824|Sitara Energy|11.44|11.44|11.44|11.44|1000|11|||
26MAY2022|TSPL|0824|Tri-Star Power|3|3|3|3|1000|3|||
26MAY2022|APL|0821|Attock Petroleum|304.99|314.90|304.99|311.83|66100|303.69|||
26MAY2022|PSO|0821|P.S.O.|157|161|156.40|160.58|1356186|157.31|||
26MAY2022|BPL|0821|Burshane LPG|19.51|19.51|19.51|19.51|1000|19.84|||
26MAY2022|SHEL|0821|Shell Pakistan|105.85|110|105.15|109.35|105000|105.13|||
26MAY2022|SSGC|0821|Sui South Gas|8.40|8.83|8.36|8.68|349000|8.40|||
26MAY2022|SNGP|0821|Sui North Gas|25.50|26.40|25.50|26.07|2751881|25.88|||
26MAY2022|HASCOL|0821|Hascol Petrol|4.60|4.74|4.53|4.71|1246000|4.54|||
26MAY2022|HTL|0821|HI-Tech Lub.|38.20|39.35|37.71|39.13|854000|38.13|||
26MAY2022|MARI|0820|Mari Petroleum|1600.13|1637.90|1575.11|1624.68|12727|1612.99|||
26MAY2022|OGDC|0820|Oil & Gas Dev.|75.58|76|74.51|75.19|4567957|75.17|||
26MAY2022|POL|0820|Pak Oilfields|386.79|389|381|386.74|207167|384.95|||
26MAY2022|PPL|0820|Pak Petroleum|65.99|66.35|65.10|66.02|1659941|65.67|||
26MAY2022|AGHA|0808|Agha Steel Ind.|15.45|15.84|15.10|15.74|112000|15.34|||
26MAY2022|ASL|0808|Aisha Steel Mill|11.54|11.95|11.10|11.74|1085797|11.14|||
26MAY2022|ASTL|0808|Amreli Steels|25.71|27|25.71|26.85|227000|25.92|||
26MAY2022|BCL|0808|Bolan Casting|54.99|56.95|54.99|56.95|5500|52.99|||
26MAY2022|DADX|0808|Dadex Eternit|91.90|93.90|91.90|93.90|1500|88.34|||
26MAY2022|DSL|0808|Dost Steels Ltd.|4.94|5.18|4.80|5.14|3495500|4.83|||
26MAY2022|CSAP|0808|Crescent Steel|36.79|38.98|36.50|38.05|35500|36.32|||
26MAY2022|OBOY|0821|Oilboy EnergyXR|9.85|10.19|9.85|9.92|133500|9.82|||
26MAY2022|HSPI|0808|Huffaz Seamless|11.10|11.10|10.21|10.21|281000|11.21|||
26MAY2022|INIL|0808|Int. Ind.Ltd.|103.98|105.79|103.01|104.66|289309|103.21|||
26MAY2022|ISL|0808|Inter.Steel Ltd|59.89|61.85|58.60|61.38|1018328|58.77|||
26MAY2022|ITTEFAQ|0808|Ittefaq Iron Ind|7.30|8|7.21|7.31|3276500|7.31|||
26MAY2022|KSBP|0808|K.S.B.PumpsXD|113.08|116|110.90|110.90|9500|119.89|||
26MAY2022|MUGHAL|0808|Mughal Iron|61.15|63.95|60.50|63.66|266342|61.76|||
26MAY2022|AGTL|0801|AL-Ghazi TractorsXD|378|381|377|378.34|4100|375|||
26MAY2022|ATLH|0801|Atlas Honda Ltd|396|401|396|399.99|2800|396.98|||
26MAY2022|DFML|0801|Dewan Motors|4.50|4.64|4.50|4.62|50000|4.44|||
26MAY2022|GHNI|0801|Ghandhara Ind.|142.75|152|141.50|151.05|402700|142.99|||
26MAY2022|GHNL|0801|Ghand Nissan|58.79|61.69|56.10|61.28|197500|58.79|||
26MAY2022|HINO|0801|Hinopak Motor|312|312.49|292.23|310.99|1300|291|||
26MAY2022|HCAR|0801|Honda Atlas Cars|173.99|183|171.05|179.63|818333|171.78|||
26MAY2022|INDU|0801|Indus Motor Co|1295|1295|1241|1268.17|63689|1286.60|||
26MAY2022|MTL|0801|Millat Tractors|816|840|813|829.15|31607|814|||
26MAY2022|PSMC|0801|Pak Suzuki|176.53|184.30|176.53|183.76|143228|180.07|||
26MAY2022|SAZEW|0801|Sazgar Eng|67|68|66.50|67.30|338400|67.19|||
26MAY2022|AGIL|0802|Agriautos Ind.|161.27|161.27|161|161.14|200|161.39|||
26MAY2022|ATBA|0802|Atlas Battery|159|163.89|159|161.72|6600|159.07|||
26MAY2022|BWHL|0802|Bal.WheelsXD|89.75|89.75|78.63|78.64|7000|85|||
26MAY2022|EXIDE|0802|Exide (PAK)|238.25|249.99|238.25|249|2100|235|||
26MAY2022|GTYR|0802|Ghandhara Tyre|38.60|39.50|38.50|39.39|80000|38.24|||
26MAY2022|LOADS|0802|Loads Limited|10.26|10.60|10.21|10.40|374500|10.24|||
26MAY2022|PTL|0802|Panther Tyres Ltd.|26.99|28.50|26.65|28.45|870500|27.09|||
26MAY2022|PCAL|0803|Pakistan Cables|138.11|147|138.11|142.56|6200|144.81|||
26MAY2022|PAEL|0803|Pak Elektron|15.52|16.45|15.50|16.34|8182000|15.59|||
26MAY2022|TPL|0828|TPL Corp Ltd|9.29|10.09|9.11|9.95|6989500|9.26|||
26MAY2022|TPLT|0828|TPL Trakker Ltd|9.80|10.10|9.41|9.89|167500|9.70|||
26MAY2022|AIRLINK|0828|Air Link Commun|40.90|41.98|40|41.04|246000|41.04|||
26MAY2022|AVN|0828|Avanceon Ltd|73.05|78.30|72.51|78.30|4055740|72.84|||
26MAY2022|WAVES|0803|Waves Singer|12.95|13.58|12.95|13.45|2474500|12.94|||
26MAY2022|SIEM|0803|Siemens Pak.|618|645|600|645|2150|600|||
26MAY2022|SPEL|0818|Synthetic Prod|15.10|15.35|15|15.14|36000|14.80|||
26MAY2022|PNSC|0833|P.N.S.C|49.99|50.31|49.50|50.31|20500|49.50|||
26MAY2022|GEMUNSL|0833|Universal Net (GEM)|59.50|59.50|51.75|51.75|1000|55.90|||
26MAY2022|PIBTL|0833|Pak Int.Bulk|6|6.20|5.90|6.16|3442000|5.98|||
26MAY2022|PICT|0833|Pak.Int.Cont.|159|160|158|159.25|76700|158|||
26MAY2022|PIAA|0833|P.I.A.C.(A)|3.43|3.55|3.42|3.50|325000|3.39|||
26MAY2022|HUMNL|0828|Hum Network|6.45|6.73|6.35|6.67|5739000|6.48|||
26MAY2022|NETSOL|0828|Netsol Tech.|87.40|93.61|86.10|93.61|2928168|87.08|||
26MAY2022|PAKD|0828|Pak Datacom|41.84|43|40.99|42.77|9500|41.30|||
26MAY2022|OCTOPUS|0828|Octopus Digital|62.10|66.71|62.10|66.71|1776000|62.06|||
26MAY2022|MDTL|0828|Media Times Ltd|1.85|1.99|1.85|1.95|388000|1.81|||
26MAY2022|SYS|0828|Systems Limited|302|324.20|300.01|324.20|811886|301.59|||
26MAY2022|PTC|0828|P.T.C.L.|7.51|8.22|7.41|8.17|14110000|7.48|||
26MAY2022|TRG|0828|TRG Pak Ltd|78.49|82.10|77.70|81.68|9287198|78.35|||
26MAY2022|TELE|0828|Telecard Limited|11.06|11.76|10.78|11.70|18443000|10.76|||
26MAY2022|WTL|0828|WorldCall Telecom|1.53|1.61|1.51|1.60|16186000|1.54|||
26MAY2022|GEMSPNL|0828|Supernet Ltd.|18|18|18|18|1000|18.70|||
26MAY2022|DAWH|0813|Dawood HerculesXD|94|95|94|95|10500|93.80|||
26MAY2022|ENGRO|0809|Engro Corp|262|267.50|262|266.60|234186|265.17|||
26MAY2022|EFERT|0809|Engro Fert.|84.51|86.50|83.87|85.89|1995143|84.93|||
26MAY2022|FFBL|0809|Fauji Fert Bin|21.25|21.55|20.75|21.53|257000|21.12|||
26MAY2022|FFC|0809|Fauji Fert.|112.90|113.40|111.60|112.97|432588|112.90|||
26MAY2022|ABOT|0823|Abbott Lab.|630|642|630|642|14800|640.70|||
26MAY2022|AGP|0823|AGP Limited|81|82.30|78.51|81.20|17941|80.03|||
26MAY2022|CPHL|0823|Citi Pharma Ltd|30.25|31.49|30.15|31.06|321000|30.10|||
26MAY2022|FEROZ|0823|Ferozsons (Lab)|253.99|256|251|253.34|20300|250.70|||
26MAY2022|GLAXO|0823|GlaxoSmithKlineXD|125|125|122|122.90|34400|124.61|||
26MAY2022|GSKCH|0823|Glaxo Healthcar|220|230|220|228.20|11200|220.84|||
26MAY2022|HINOON|0823|Highnoon (Lab)|519.99|523|517|522.89|28000|520.36|||
26MAY2022|SAPL|0823|Sanofi-Aventis|800|800|799.99|800|1050|800.21|||
26MAY2022|SEARL|0823|The Searle Co.|100|102.50|100|102.02|568833|100.81|||
26MAY2022|BAPL|0805|Bawany Air Products|0|9.50|9.50|9.50|18000|9.50|||
26MAY2022|BIFO|0805|Biafo Ind.|67.50|69.45|67.50|69.45|6000|68.45|||
26MAY2022|BERG|0805|Berger Paints|72|76|72|75.58|29500|72.16|||
26MAY2022|BUXL|0805|Buxly Paints|116|124|116|123.35|6000|120.99|||
26MAY2022|ARPL|0805|Archroma Pak|565|571|565|570.02|7800|565|||
26MAY2022|COLG|0805|Colgate Palm|2200|2200|2123.28|2123.28|140|2199.99|||
26MAY2022|CTM|0830|Colony Tex.Mills Ltd|3.93|3.95|3.93|3.95|9500|3.90|||
26MAY2022|DOL|0805|Descon Oxychem|15.69|16.40|15.69|16.23|279000|15.69|||
26MAY2022|DAAG|0805|Data Agro|15.01|15.01|15.01|15.54|500|15.54|||
26MAY2022|DYNO|0805|Dynea Pakistan|158|158|158|150.83|100|150.83|||
26MAY2022|EPCL|0805|Engro Polymer|83.66|84.30|81.51|83.51|3385201|83.08|||
26MAY2022|EPCLPS|0805|Engro Poly(Pref)|11.30|11.40|11.30|11.40|26000|11.30|||
26MAY2022|FATIMA|0809|Fatima Fert.|36.49|36.89|36.49|36.52|14143|36.48|||
26MAY2022|GGL|0805|Ghani Glo Hol|16.01|17.10|15.71|16.95|17603329|15.96|||
26MAY2022|ICI|0805|ICI Pakistan|716|724.99|710.10|719.02|12050|716.40|||
26MAY2022|ICL|0805|Ittehad Chem.|31|31.85|31|31.71|50500|30.06|||
26MAY2022|LPGL|0805|Leiner Pak Gelat|16.38|16.38|16.38|16.38|1000|15.25|||
26MAY2022|LOTCHEM|0805|Lotte Chemical|24.94|25.92|24.94|25.79|1947230|24.93|||
26MAY2022|NICL|0805|Nimir Ind.Chem.|95|95|94.10|94.10|900|95|||
26MAY2022|PAKOXY|0805|Pak Oxygen Ltd.|132|135.55|132|134.48|2600|134.41|||
26MAY2022|NRSL|0805|Nimir Resins|14.61|15.30|14.50|15.15|296500|14.51|||
26MAY2022|SITC|0805|Sitara Chemical|364|364|364|364|300|358|||
26MAY2022|SPL|0805|Sitara Peroxide|14.90|15.24|14.90|15.06|167500|14.77|||
26MAY2022|CEPB|0822|Century Paper|63.49|64.35|63.03|64.08|61000|63.63|||
26MAY2022|CPPL|0822|Cherat Pack|100.50|104|100.50|103.74|3900|101.40|||
26MAY2022|MERIT|0822|Merit Packaging|9|10|9|9.61|356500|9.20|||
26MAY2022|PKGS|0822|Packages Ltd.|400|400|391|393.73|22700|393|||
26MAY2022|GEMPAPL|0822|Pak Agro Pack(Gem)|12.85|12.85|12.85|12.85|161500|12.85|||
26MAY2022|RPL|0822|Roshan Packages|15.14|16.16|14.70|15.76|194000|15.13|||
26MAY2022|SEPL|0822|Security Paper|110.13|115.99|110.12|115.88|3800|115.88|||
26MAY2022|POML|0834|Punjab Oil|160|163|157.25|163|2000|169.99|||
26MAY2022|SGF|0816|Service Global Foot|42.99|43.45|42.27|42.31|203000|42.65|||
26MAY2022|SRVI|0816|Service Ind.Ltd|373.40|390|366.50|368.59|15200|381.86|||
26MAY2022|ASC|0810|Al-Shaheer Corp|9.41|10.18|9.41|9.86|1077500|9.54|||
26MAY2022|PREMA|0810|At-Tahur Ltd.|19.44|20.40|19.13|20.20|21500|19.25|||
26MAY2022|CLOV|0810|Clover Pakistan|19.20|20.48|19.20|20.48|76500|19.06|||
26MAY2022|GLPL|0810|Gillette Pak|110|116|105|116|1500|112.83|||
26MAY2022|IBLHL|0823|IBL HealthCare|43|43.50|42.67|42.74|31500|42.95|||
26MAY2022|MACTER|0823|Macter Int. Ltd|114|114|114|115|100|115|||
26MAY2022|ISIL|0810|Ismail Ind|410.01|410.01|410.01|410.01|100|425.51|||
26MAY2022|MFL|0810|Matco Foods Ltd|29.38|29.95|29.11|29.58|16500|29|||
26MAY2022|NESTLE|0810|Nestle Pakistan|5710|5779|5710|5775|260|5779.90|||
26MAY2022|MFFL|0810|MithchellsFruit|79.99|84.80|78.80|81.86|108900|79.98|||
26MAY2022|MUREB|0810|Murree Brewery|402|415.90|401|415.90|800|418.48|||
26MAY2022|NATF|0810|National Foods|143.05|146|143|145.99|17300|145.45|||
26MAY2022|FFL|0810|Fauji Foods LtdXD|6.95|7.15|6.86|6.99|12121000|6.91|||
26MAY2022|QUICE|0810|Quice Food|3.75|3.85|3.75|3.80|44500|3.70|||
26MAY2022|SHEZ|0810|Shezan Inter.|170.01|174.99|170.01|174.50|300|174|||
26MAY2022|TOMCL|0810|The Organic Meat|22.25|23.25|22|23.02|171500|22.23|||
26MAY2022|TREET|0810|Treet Corp|28.89|30.80|28.51|30.31|7319000|28.80|||
26MAY2022|ZIL|0810|ZIL Limited|78|79|78|78.21|53000|78.13|||
26MAY2022|BGL|0811|Bal.Glass|6.18|6.48|6.12|6.35|569000|6.21|||
26MAY2022|EMCO|0803|EMCO Industries|27.38|27.38|27.38|27.38|500|26.99|||
26MAY2022|FRCL|0811|Frontier Ceram|26.37|29|26.37|28.75|2500|28.50|||
26MAY2022|GHGL|0811|Ghani Glass Ltd|42.11|42.80|42.11|42.75|46000|42.58|||
26MAY2022|GGGL|0811|GhaniGlobalGlass|11.61|12.44|11.58|12.35|4632500|11.82|||
26MAY2022|GVGL|0811|Ghani Value Glas|71.50|72|71.50|71.50|11000|71.65|||
26MAY2022|KCL|0811|Karam Ceramics|56.99|56.99|56.99|56.99|500|55.70|||
26MAY2022|TGL|0811|Tariq Glass Ind.|111.90|115.90|111.90|115.10|177558|111.29|||
26MAY2022|STCL|0811|Shabbir Tiles|15.19|15.75|15.19|15.65|321500|15.21|||
26MAY2022|GAMON|0818|Gammon Pak|6.65|6.66|5.66|6.66|12500|5.66|||
26MAY2022|MACFL|0818|MACPAC Films|14.75|15.20|14.30|15.05|32500|14.47|||
26MAY2022|ECOP|0818|ECOPACK Ltd|29.79|29.80|28.60|29.80|40000|27.73|||
26MAY2022|PABC|0818|Pakistan AluminXD|30.50|31|30.50|31|145500|31|||
26MAY2022|PACE|0818|Pace (Pak) Ltd.|3.05|3.15|3|3.11|466500|2.99|||
26MAY2022|PHDL|0818|Pak Hotels|110|111|110|110.14|700|110.22|||
26MAY2022|AKDHL|0818|AKD Hospitality|143|149.98|137|147.33|4100|141.36|||
26MAY2022|SHFA|0818|Shifa Int.Hosp|180|180|175|176.76|21800|180|||
26MAY2022|STPL|0818|Siddiqsons Tin|10.95|11.20|10.86|11.20|223000|10.86|||
26MAY2022|TPLP|0818|TPL Properties|16.45|17.68|16.10|17.68|16755741|16.45|||
26MAY2022|TRIPF|0818|Tri-Pack FilmsXD|164.50|164.50|164.50|162.11|100|162.11|||
26MAY2022|UBDL|0818|United Brands|15|15.26|15|15.26|8500|14.20|||
26MAY2022|UDPL|0818|United Dist.|37|37|37|37|500|37.01|||
26MAY2022|BAFLTFC6|36|Bank Al-Falah(T|0|0|0|99.7498|0|99.7498|||
26MAY2022|AKBLTFC6|36|Askari Bank(TFC|0|0|0|100.0357|0|100.0357|||
26MAY2022|SNBLTFC3|36|Soneri Bank(TFC|0|0|0|100.25|0|100.25|||
26MAY2022|EPCLSC|36|Engro Polymer(S|0|0|0|102|0|102|||
26MAY2022|HUBCSC2|36|Hub PowerSC2|0|102.2577|102.2577|102.2577|1000|102.2577|||
26MAY2022|BIPLSC|36|Bank IslamiSC|0|0|0|99.9999|0|99.9999|||
26MAY2022|SBLTFC|36|Samba Bank Ltd.|0|0|0|100|0|100|||
26MAY2022|FFC-MAYB|40|FFC-MAYB|112|113.20|112|113.09|530000|113|||
26MAY2022|HUBC-MAY|40|HUBC-MAY|63.41|63.41|63.20|63.40|300000|63.28|||
26MAY2022|PSO-MAY|40|PSO-MAY|157|161|156.51|160.66|483500|157.22|||
26MAY2022|SNGP-MAY|40|SNGP-MAY|25.95|26.30|25.81|26.20|693000|25.96|||
26MAY2022|NML-MAY|40|NML-MAY|68.25|74.50|68.25|73.10|113500|71.85|||
26MAY2022|PTC-MAY|40|PTC-MAY|7.49|8.12|7.45|8.10|4270000|7.45|||
26MAY2022|FFBL-MAY|40|FFBL-MAY|21.10|21.64|21.10|21.55|548500|21.13|||
26MAY2022|LOTCHEM-MAY|40|LOTCHEM-MAY|25.40|25.95|24.98|25.84|2705000|25|||
26MAY2022|HUBC-JUN|40|HUBC-JUN|64.30|64.34|63.61|63.61|293000|63.75|||
26MAY2022|PSO-JUN|40|PSO-JUN|159.98|162.85|158|162.46|826000|159.15|||
26MAY2022|SNGP-JUN|40|SNGP-JUN|26.25|26.68|26.10|26.42|1052500|26.23|||
26MAY2022|NML-JUN|40|NML-JUN|70.25|74.25|70.25|73.94|170500|72.82|||
26MAY2022|PTC-JUN|40|PTC-JUN|8.01|8.24|7.38|8.23|4057500|7.38|||
26MAY2022|FFBL-JUN|40|FFBL-JUN|21.33|22.30|20.40|21.92|463000|21.94|||
26MAY2022|LOTCHEM-JUN|40|LOTCHEM-JUN|24.70|25.77|24.70|25.71|2337500|24.87|||
26MAY2022|HUBC-JUL|40|HUBC-JUL|0|0|0|65.28|0|65.14|||
26MAY2022|PSO-JUL|40|PSO-JUL|0|0|0|165.34|0|162.19|||
26MAY2022|SNGP-JUL|40|SNGP-JUL|0|0|0|26.84|0|26.68|||
26MAY2022|MCB-JUL|40|MCB-JUL|0|0|0|139|0|137.69|||
26MAY2022|NML-JUL|40|NML-JUL|0|0|0|75.50|0|74.40|||
26MAY2022|PTC-JUL|40|PTC-JUL|0|0|0|8.41|0|7.71|||
26MAY2022|ENGRO-JUL|40|ENGRO-JUL|0|0|0|274.50|0|273.40|||
26MAY2022|FFC-JUL|40|FFC-JUL|0|0|0|116.32|0|116.40|||
26MAY2022|FFBL-JUL|40|FFBL-JUL|0|0|0|22.17|0|21.78|||
26MAY2022|LOTCHEM-JUL|40|LOTCHEM-JUL|0|0|0|26.55|0|25.70|||
26MAY2022|OGDC-JUL|40|OGDC-JUL|0|0|0|77.42|0|77.50|||
26MAY2022|DGKC-JUL|40|DGKC-JUL|0|0|0|61.67|0|60.12|||
26MAY2022|POL-JUL|40|POL-JUL|0|0|0|398.21|0|396.90|||
26MAY2022|NBP-JUL|40|NBP-JUL|0|0|0|30.74|0|30.32|||
26MAY2022|MLCF-JUL|40|MLCF-JUL|0|0|0|27.97|0|27.16|||
26MAY2022|LUCK-JUL|40|LUCK-JUL|0|0|0|495.79|0|484.30|||
26MAY2022|SSGC-JUL|40|SSGC-JUL|0|0|0|8.94|0|8.66|||
26MAY2022|PPL-MAY|40|PPL-MAY|66|66.46|65.10|66.08|535000|65.75|||
26MAY2022|DGKC-MAY|40|DGKC-MAY|58.01|60.30|55.52|60.01|1145500|58.59|||
26MAY2022|POL-MAY|40|POL-MAY|0|390|390|390|40000|390|||
26MAY2022|MLCF-MAY|40|MLCF-MAY|26.16|27.27|26|27.19|2325000|26.48|||
26MAY2022|LUCK-MAY|40|LUCK-MAY|462.25|486.44|462.25|482.03|107000|469.51|||
26MAY2022|SSGC-MAY|40|SSGC-MAY|8.49|8.54|8.30|8.50|12000|8.30|||
26MAY2022|BOP-MAY|40|BOP-MAY|5.82|5.89|5.60|5.89|165500|5.78|||
26MAY2022|FABL-MAY|40|FABL-MAY|23.02|23.02|22.90|23|700000|22.63|||
26MAY2022|TELE-MAY|40|TELE-MAY|10.99|11.80|10.60|11.70|6710500|10.80|||
26MAY2022|WTL-MAY|40|WTL-MAY|1.53|1.65|1.53|1.60|1169000|1.56|||
26MAY2022|PPL-JUN|40|PPL-JUN|66.29|67.10|65.85|66.89|792500|66.41|||
26MAY2022|DGKC-JUN|40|DGKC-JUN|58.01|60.85|56.55|60.71|1267500|59.10|||
26MAY2022|POL-JUN|40|POL-JUN|396|396|384.26|396|41000|384.26|||
26MAY2022|NBP-JUN|40|NBP-JUN|0|0|0|30.25|0|29.85|||
26MAY2022|MLCF-JUN|40|MLCF-JUN|26.51|27.50|26.25|27.44|3757500|26.70|||
26MAY2022|LUCK-JUN|40|LUCK-JUN|479|490|472|486.42|121000|474.95|||
26MAY2022|SSGC-JUN|40|SSGC-JUN|0|8.52|8.52|8.52|18000|8.52|||
26MAY2022|BOP-JUN|40|BOP-JUN|5.94|5.94|5.87|5.89|9500|5.85|||
26MAY2022|FABL-JUN|40|FABL-JUN|23.45|23.45|23.28|23.28|704000|23|||
26MAY2022|TELE-JUN|40|TELE-JUN|11.09|11.86|10.80|11.79|8921500|10.86|||
26MAY2022|WTL-JUN|40|WTL-JUN|2|1.62|1.54|1.62|2453000|1.57|||
26MAY2022|PPL-JUL|40|PPL-JUL|0|0|0|67.98|0|67.71|||
26MAY2022|BOP-JUL|40|BOP-JUL|0|0|0|6.01|0|5.93|||
26MAY2022|FABL-JUL|40|FABL-JUL|0|0|0|23.94|0|23.71|||
26MAY2022|TELE-JUL|40|TELE-JUL|0|0|0|12.05|0|11.09|||
26MAY2022|WTL-JUL|40|WTL-JUL|0|0|0|1.65|0|1.59|||
26MAY2022|KAPCO-MAY|40|KAPCO-MAY|25.24|27.99|25.24|27.45|175000|27.16|||
26MAY2022|PIAA-MAY|40|PIAA-MAY|0|0|0|3.50|0|3.40|||
26MAY2022|BAFL-MAY|40|BAFL-MAY|0|34|34|34|803000|34|||
26MAY2022|PIOC-MAY|40|PIOC-MAY|59|62.84|58.25|62.53|1009000|59|||
26MAY2022|PIOC-JUN|40|PIOC-JUN|59.50|63.30|58.85|62.73|1331500|59.30|||
26MAY2022|BAFL-JUN|40|BAFL-JUN|0|34.43|34.43|34.43|803000|34.43|||
26MAY2022|PIAA-JUN|40|PIAA-JUN|0|0|0|3.55|0|3.44|||
26MAY2022|KAPCO-JUN|40|KAPCO-JUN|27.37|27.90|27.20|27.50|149500|27.35|||
26MAY2022|BAFL-JUL|40|BAFL-JUL|0|0|0|35.23|0|34.98|||
26MAY2022|PIAA-JUL|40|PIAA-JUL|0|0|0|3.60|0|3.50|||
26MAY2022|PIOC-JUL|40|PIOC-JUL|0|0|0|64.04|0|60.69|||
26MAY2022|KAPCO-JUL|40|KAPCO-JUL|0|0|0|28.05|0|27.84|||
26MAY2022|ATRL-MAY|40|ATRL-MAY|155|165|154.10|163.75|1213000|155.99|||
26MAY2022|ANL-MAY|40|ANL-MAY|11.20|11.57|11|11.54|1742500|10.99|||
26MAY2022|FCCL-MAY|40|FCCL-MAY|14.95|15.25|14.78|15.10|315500|15|||
26MAY2022|NETSOL-MAY|40|NETSOL-MAY|84.50|93.86|84.50|93.86|1045000|87.32|||
26MAY2022|NRL-MAY|40|NRL-MAY|230|245.62|230|243.59|472000|233.03|||
26MAY2022|PACE-MAY|40|PACE-MAY|3.04|3.10|3|3.09|17500|2.96|||
26MAY2022|ATRL-JUN|40|ATRL-JUN|155.49|164.49|154|163.42|2355000|156.06|||
26MAY2022|ANL-JUN|40|ANL-JUN|11.32|11.70|10.97|11.68|1557500|10.97|||
26MAY2022|PACE-JUN|40|PACE-JUN|3.10|3.10|3.05|3.10|5500|3.03|||
26MAY2022|FCCL-JUN|40|FCCL-JUN|15.05|15.40|14.95|15.22|702000|15.16|||
26MAY2022|NETSOL-JUN|40|NETSOL-JUN|87.50|94.17|86.53|94.17|1920000|87.60|||
26MAY2022|NRL-JUN|40|NRL-JUN|233.50|248|233|245.76|640500|235.20|||
26MAY2022|ABL-JUL|40|ABL-JUL|0|0|0|72.83|0|77.84|||
26MAY2022|ATRL-JUL|40|ATRL-JUL|0|0|0|168.72|0|160.90|||
26MAY2022|ANL-JUL|40|ANL-JUL|0|0|0|11.89|0|11.36|||
26MAY2022|PACE-JUL|40|PACE-JUL|0|0|0|3.20|0|3.08|||
26MAY2022|FCCL-JUL|40|FCCL-JUL|0|0|0|15.48|0|15.47|||
26MAY2022|NETSOL-JUL|40|NETSOL-JUL|0|0|0|96.39|0|89.78|||
26MAY2022|UBL-JUL|40|UBL-JUL|0|0|0|132.17|0|130.75|||
26MAY2022|NRL-JUL|40|NRL-JUL|0|0|0|250.71|0|241|||
26MAY2022|HBL-JUL|40|HBL-JUL|0|0|0|106.48|0|105.80|||
26MAY2022|BAHL-MAY|40|BAHL-MAY|0|65|65|65|470500|65|||
26MAY2022|UBL-MAYB|40|UBL-MAYB|126.25|127.60|119.50|127.18|26000|126.67|||
26MAY2022|BAHL-JUN|40|BAHL-JUN|0|66.84|66.84|66.84|470500|66.84|||
26MAY2022|BAHL-JUL|40|BAHL-JUL|0|0|0|67.41|0|67.90|||
26MAY2022|FATIMA-JUL|40|FATIMA-JUL|0|0|0|37.60|0|37.61|||
26MAY2022|CHCC-MAY|40|CHCC-MAY|107.25|110|106.65|110|51500|108|||
26MAY2022|NCL-MAY|40|NCL-MAY|47.50|47.50|46.81|46.81|1166500|47.02|||
26MAY2022|CHCC-JUN|40|CHCC-JUN|108|110|106.50|109|83500|107.48|||
26MAY2022|NCL-JUN|40|NCL-JUN|47.77|48.16|47.25|47.48|1864000|47.50|||
26MAY2022|CHCC-JUL|40|CHCC-JUL|0|0|0|112.49|0|110.79|||
26MAY2022|FCEPL-JUL|40|FCEPL-JUL|0|0|0|76.81|0|73.08|||
26MAY2022|NCL-JUL|40|NCL-JUL|0|0|0|48.28|0|48.47|||
26MAY2022|GATM-MAY|40|GATM-MAY|38.90|39.20|38.40|38.90|309000|39.03|||
26MAY2022|KEL-MAY|40|KEL-MAY|2.53|2.60|2.52|2.58|1965000|2.54|||
26MAY2022|PAEL-MAY|40|PAEL-MAY|15.48|16.44|15.36|16.34|5693500|15.59|||
26MAY2022|SEARL-MAY|40|SEARL-MAY|100.90|102.48|100.75|102.22|82500|100.95|||
26MAY2022|ENGRO-MAYB|40|ENGRO-MAYB|248.84|264|248.84|264|27500|265|||
26MAY2022|GATM-JUN|40|GATM-JUN|39.40|39.99|38.62|39.33|308000|37.90|||
26MAY2022|KEL-JUN|40|KEL-JUN|3.55|3.55|2.55|2.58|2276000|2.56|||
26MAY2022|PAEL-JUN|40|PAEL-JUN|15.81|16.60|15.60|16.51|5636000|15.79|||
26MAY2022|SEARL-JUN|40|SEARL-JUN|102.50|104.99|101.80|103.29|115000|101.91|||
26MAY2022|EFERT-JUL|40|EFERT-JUL|0|0|0|88.44|0|87.57|||
26MAY2022|GATM-JUL|40|GATM-JUL|0|0|0|40.05|0|39.80|||
26MAY2022|KEL-JUL|40|KEL-JUL|0|0|0|2.66|0|2.60|||
26MAY2022|PAEL-JUL|40|PAEL-JUL|0|0|0|16.82|0|16.07|||
26MAY2022|SEARL-JUL|40|SEARL-JUL|0|0|0|105.04|0|103.94|||
26MAY2022|DCL-MAY|40|DCL-MAY|5.49|6.01|5.30|5.65|140000|5.40|||
26MAY2022|ISL-MAY|40|ISL-MAY|56.60|61.40|56.60|61.32|249500|58.82|||
26MAY2022|POWER-MAY|40|POWER-MAY|5.25|5.34|5.15|5.28|88000|5.15|||
26MAY2022|TPL-MAY|40|TPL-MAY|9.19|10.07|9.10|9.99|1209000|9.19|||
26MAY2022|TRG-MAY|40|TRG-MAY|78.10|82.05|77.82|81.75|6843500|78.42|||
26MAY2022|DCL-JUN|40|DCL-JUN|5.71|6|5.50|5.62|33000|5.56|||
26MAY2022|ISL-JUN|40|ISL-JUN|57.60|62.15|57.60|62.07|230000|59|||
26MAY2022|POWER-JUN|40|POWER-JUN|5.30|5.30|5.30|5.30|18000|5.25|||
26MAY2022|TPL-JUN|40|TPL-JUN|9.30|10.18|9.17|10.02|1642500|9.37|||
26MAY2022|TRG-JUN|40|TRG-JUN|79.13|83|78.71|82.64|9721500|79.19|||
26MAY2022|DCL-JUL|40|DCL-JUL|0|0|0|5.72|0|5.65|||
26MAY2022|ISL-JUL|40|ISL-JUL|0|0|0|63.20|0|60.59|||
26MAY2022|POWER-JUL|40|POWER-JUL|0|0|0|5.50|0|5.33|||
26MAY2022|TPL-JUL|40|TPL-JUL|0|0|0|10.25|0|9.55|||
26MAY2022|TRG-JUL|40|TRG-JUL|0|0|0|84.10|0|80.78|||
26MAY2022|HUMNL-JUL|40|HUMNL-JUL|0|0|0|6.87|0|6.68|||
26MAY2022|TREET-MAY|40|TREET-MAY|28.80|30.70|28.50|30.16|4290500|28.91|||
26MAY2022|TREET-JUN|40|TREET-JUN|29.20|30.90|28.66|30.57|4286500|29.18|||
26MAY2022|TREET-JUL|40|TREET-JUL|0|0|0|31.21|0|29.69|||
26MAY2022|LOADS-MAY|40|LOADS-MAY|10.20|10.40|10.20|10.35|75000|10.15|||
26MAY2022|MUGHAL-MAY|40|MUGHAL-MAY|60|64|60|63.36|160000|61.54|||
26MAY2022|PRL-MAY|40|PRL-MAY|16.57|17.83|16.20|17.83|6195500|16.59|||
26MAY2022|ASL-MAY|40|ASL-MAY|11.13|11.80|11.13|11.70|210000|11.13|||
26MAY2022|HMB-MAY|40|HMB-MAY|0|0|0|42.26|0|41.09|||
26MAY2022|INIL-MAY|40|INIL-MAY|104.50|105.90|102|105.20|65500|101|||
26MAY2022|PIBTL-MAY|40|PIBTL-MAY|5.98|6.18|5.90|6.18|982000|5.99|||
26MAY2022|MCB-MAYB|40|MCB-MAYB|0|0|0|135.06|0|133|||
26MAY2022|LOADS-JUN|40|LOADS-JUN|10.35|11|10.35|10.51|19000|10.39|||
26MAY2022|MUGHAL-JUN|40|MUGHAL-JUN|62.25|64.50|61.25|64.06|178000|62.12|||
26MAY2022|PRL-JUN|40|PRL-JUN|16.79|17.98|16.35|17.98|13590500|16.73|||
26MAY2022|ASL-JUN|40|ASL-JUN|11.20|11.86|11.20|11.85|93000|10.86|||
26MAY2022|HMB-JUN|40|HMB-JUN|0|0|0|42.81|0|41.62|||
26MAY2022|INIL-JUN|40|INIL-JUN|103|106.50|103|106.32|74000|104.50|||
26MAY2022|PIBTL-JUN|40|PIBTL-JUN|5.98|6.27|5.95|6.22|579000|6.02|||
26MAY2022|LOADS-JUL|40|LOADS-JUL|0|0|0|10.71|0|10.56|||
26MAY2022|MUGHAL-JUL|40|MUGHAL-JUL|0|0|0|65.55|0|63.68|||
26MAY2022|PRL-JUL|40|PRL-JUL|0|0|0|18.41|0|17.16|||
26MAY2022|ASL-JUL|40|ASL-JUL|0|0|0|12.09|0|11.49|||
26MAY2022|EPCL-JUL|40|EPCL-JUL|0|0|0|85.99|0|85.66|||
26MAY2022|HMB-JUL|40|HMB-JUL|0|0|0|43.49|0|42.28|||
26MAY2022|INIL-JUL|40|INIL-JUL|0|0|0|107.76|0|106.41|||
26MAY2022|PIBTL-JUL|40|PIBTL-JUL|0|0|0|6.34|0|6.17|||
26MAY2022|ASTL-MAY|40|ASTL-MAY|26|26.87|25.60|26.69|31500|25.94|||
26MAY2022|FFL-MAY|40|FFL-MAY|6.90|7.14|6.89|6.98|2128000|6.94|||
26MAY2022|UNITY-MAY|40|UNITY-MAY|22.48|23.44|21.84|23.27|7828500|22.26|||
26MAY2022|MEBL-MAYB|40|MEBL-MAYB|0|0|0|130.08|0|129.38|||
26MAY2022|ASTL-JUN|40|ASTL-JUN|26.50|27.23|26.50|27.23|5000|26.18|||
26MAY2022|FFL-JUN|40|FFL-JUN|7.01|7.24|6.96|7.08|3721500|7.01|||
26MAY2022|UNITY-JUN|40|UNITY-JUN|21.99|23.70|21.99|23.52|7940000|22.53|||
26MAY2022|MEBL-JUL|40|MEBL-JUL|0|0|0|133.88|0|133.15|||
26MAY2022|ASTL-JUL|40|ASTL-JUL|0|0|0|27.65|0|26.72|||
26MAY2022|DCR-JUL|40|DCR-JUL|0|0|0|14.78|0|14.87|||
26MAY2022|FFL-JUL|40|FFL-JUL|0|0|0|7.20|0|7.12|||
26MAY2022|UNITY-JUL|40|UNITY-JUL|0|0|0|23.95|0|23.02|||
26MAY2022|GHNI-JUL|40|GHNI-JUL|0|0|0|155.53|0|147.43|||
26MAY2022|PSMC-JUL|40|PSMC-JUL|0|0|0|189.21|0|185.66|||
26MAY2022|WAVES-JUL|40|WAVES-JUL|0|0|0|13.85|0|13.34|||
26MAY2022|FCEPL-MAY|40|FCEPL-MAY|0|68|68|68|2000|68|||
26MAY2022|GHNI-MAY|40|GHNI-MAY|142.50|151.25|142.02|150.61|129500|143.78|||
26MAY2022|KOHC-MAY|40|KOHC-MAY|0|0|0|139.72|0|136.25|||
26MAY2022|AVN-MAYB|40|AVN-MAYB|73|78.69|72.80|78.69|905000|73.20|||
26MAY2022|FCEPL-JUN|40|FCEPL-JUN|0|0|0|75.60|0|71.93|||
26MAY2022|GHNI-JUN|40|GHNI-JUN|145|153|143|151.93|171500|145.96|||
26MAY2022|KOHC-JUN|40|KOHC-JUN|0|0|0|141.54|0|138.02|||
26MAY2022|AVN-JUL|40|AVN-JUL|0|0|0|80.62|0|75.10|||
26MAY2022|KOHC-JUL|40|KOHC-JUL|0|0|0|143.80|0|140.22|||
26MAY2022|TGL-MAY|40|TGL-MAY|113.25|116|112.99|115|1132000|112|||
26MAY2022|BIPL-MAY|40|BIPL-MAY|0|0|0|11.95|0|11.94|||
26MAY2022|GGL-MAY|40|GGL-MAY|15.95|17.05|15.66|16.97|6805500|15.99|||
26MAY2022|ASC-MAY|40|ASC-MAY|9.55|10.15|9.50|10|3944500|9.53|||
26MAY2022|WAVES-MAY|40|WAVES-MAY|13|13.51|12.96|13.44|3580500|12.99|||
26MAY2022|TGL-JUN|40|TGL-JUN|112.20|116.59|112.20|116.20|1126500|113.18|||
26MAY2022|BIPL-JUN|40|BIPL-JUN|11.99|11.99|11.99|11.99|500|12.10|||
26MAY2022|GGL-JUN|40|GGL-JUN|16.10|17.25|15.85|17.14|9897000|16.14|||
26MAY2022|PSMC-JUN|40|PSMC-JUN|180|184.22|180|183.39|25500|180.23|||
26MAY2022|ASC-JUN|40|ASC-JUN|9.65|10.20|9.60|10.03|3984500|9.68|||
26MAY2022|WAVES-JUN|40|WAVES-JUN|13.20|13.70|13.05|13.59|3301000|13.09|||
26MAY2022|TGL-JUL|40|TGL-JUL|0|0|0|118.51|0|114.74|||
26MAY2022|BIPL-JUL|40|BIPL-JUL|0|0|0|12.29|0|12.29|||
26MAY2022|GGL-JUL|40|GGL-JUL|0|0|0|17.45|0|16.46|||
26MAY2022|ASC-JUL|40|ASC-JUL|0|0|0|10.15|0|9.84|||
26MAY2022|AGHA-MAY|40|AGHA-MAY|0|0|0|15.75|0|15.27|||
26MAY2022|CNERGY-MAY|40|CNERGY-MAY|5.25|5.65|5.22|5.60|5904000|5.28|||
26MAY2022|GGGL-MAY|40|GGGL-MAY|11.55|12.41|11.55|12.33|446500|11.85|||
26MAY2022|FEROZ-MAY|40|FEROZ-MAY|0|0|0|253.46|0|251.16|||
26MAY2022|FLYNG-MAY|40|FLYNG-MAY|7.69|8.25|7.69|8.03|887000|7.71|||
26MAY2022|KOSM-MAY|40|KOSM-MAY|3.05|3.11|2.95|3.05|60000|3|||
26MAY2022|MZNPETF-MAY|40|MZNPETF-MAY|0|0|0|7.78|0|7.69|||
26MAY2022|NBPGETF-MAY|40|NBPGETF-MAY|0|0|0|9.61|0|9.63|||
26MAY2022|NITGETF-MAY|40|NITGETF-MAY|0|0|0|10.61|0|10.63|||
26MAY2022|SHEL-MAY|40|SHEL-MAY|105|109|105|108.96|7500|105.32|||
26MAY2022|SILK-MAY|40|SILK-MAY|0|0|0|1.43|0|1.35|||
26MAY2022|SMBL-MAY|40|SMBL-MAY|0|0|0|2.53|0|2.42|||
26MAY2022|THALL-MAY|40|THALL-MAY|0|0|0|325.19|0|327.82|||
26MAY2022|UBLPETF-MAY|40|UBLPETF-MAY|0|0|0|11.16|0|11.17|||
26MAY2022|YOUW-MAY|40|YOUW-MAY|5.05|5.15|5.05|5.10|11500|4.99|||
26MAY2022|GHGL-MAYB|40|GHGL-MAYB|0|0|0|42.77|0|42.66|||
26MAY2022|TPLP-MAYB|40|TPLP-MAYB|16.50|17.61|16.10|17.61|3424500|16.39|||
26MAY2022|NBP-MAYB|40|NBP-MAYB|0|0|0|29.86|0|29.50|||
26MAY2022|SYS-MAYB|40|SYS-MAYB|301|326.49|301|326.49|49500|303.72|||
26MAY2022|AGHA-JUN|40|AGHA-JUN|15.65|15.80|15.65|15.80|10000|15.59|||
26MAY2022|CNERGY-JUN|40|CNERGY-JUN|5.30|5.70|5.26|5.64|6278000|5.33|||
26MAY2022|FEROZ-JUN|40|FEROZ-JUN|0|0|0|256.74|0|254.42|||
26MAY2022|FLYNG-JUN|40|FLYNG-JUN|7.71|8.30|7.70|8.08|2628000|7.80|||
26MAY2022|GGGL-JUN|40|GGGL-JUN|11.41|12.55|11.40|12.49|696000|11.96|||
26MAY2022|GHGL-JUN|40|GHGL-JUN|0|0|0|43.32|0|43.21|||
26MAY2022|KOSM-JUN|40|KOSM-JUN|3.15|3.15|3.04|3.15|4000|3.04|||
26MAY2022|MZNPETF-JUN|40|MZNPETF-JUN|0|0|0|7.88|0|7.79|||
26MAY2022|NBPGETF-JUN|40|NBPGETF-JUN|0|0|0|9.74|0|9.75|||
26MAY2022|NITGETF-JUN|40|NITGETF-JUN|0|0|0|10.75|0|10.77|||
26MAY2022|SHEL-JUN|40|SHEL-JUN|107|107|107|107|1000|106.69|||
26MAY2022|SILK-JUN|40|SILK-JUN|1.40|1.42|1.40|1.40|413000|1.35|||
26MAY2022|SMBL-JUN|40|SMBL-JUN|0|0|0|2.56|0|2.46|||
26MAY2022|SYS-JUN|40|SYS-JUN|306|327.89|306|326.14|111000|305.02|||
26MAY2022|THALL-JUN|40|THALL-JUN|0|0|0|329.41|0|332.06|||
26MAY2022|TPLP-JUN|40|TPLP-JUN|16.61|17.88|16.25|17.88|6406500|16.64|||
26MAY2022|UBLPETF-JUN|40|UBLPETF-JUN|0|0|0|11.30|0|11.32|||
26MAY2022|YOUW-JUN|40|YOUW-JUN|0|0|0|5.18|0|5.05|||
26MAY2022|PSMC-MAYB|40|PSMC-MAYB|180.02|181.50|180|181.50|5000|179.67|||
26MAY2022|AGP-MAYB|40|AGP-MAYB|0|0|0|81.24|0|80.18|||
26MAY2022|AGP-JUNB|40|AGP-JUNB|0|0|0|82.29|0|81.22|||
26MAY2022|FATIMA-MAYB|40|FATIMA-MAYB|0|0|0|36.54|0|36.55|||
26MAY2022|AVN-JUNB|40|AVN-JUNB|73.77|79.22|73.40|79.22|1175500|73.70|||
26MAY2022|FATIMA-JUNB|40|FATIMA-JUNB|0|0|0|37.01|0|37.02|||
26MAY2022|AGHA-JUL|40|AGHA-JUL|0|0|0|16.21|0|15.82|||
26MAY2022|AGP-JUL|40|AGP-JUL|0|0|0|83.61|0|82.51|||
26MAY2022|CNERGY-JUL|40|CNERGY-JUL|0|0|0|5.76|0|5.45|||
26MAY2022|FEROZ-JUL|40|FEROZ-JUL|0|0|0|260.85|0|258.48|||
26MAY2022|FLYNG-JUL|40|FLYNG-JUL|0|0|0|8.25|0|7.86|||
26MAY2022|GGGL-JUL|40|GGGL-JUL|0|0|0|12.72|0|12.19|||
26MAY2022|GHGL-JUL|40|GHGL-JUL|0|0|0|44.02|0|43.90|||
26MAY2022|KOSM-JUL|40|KOSM-JUL|0|0|0|3.15|0|3.09|||
26MAY2022|MTL-JUL|40|MTL-JUL|0|0|0|853.73|0|839.27|||
26MAY2022|MZNPETF-JUL|40|MZNPETF-JUL|0|0|0|8.01|0|7.92|||
26MAY2022|NBPGETF-JUL|40|NBPGETF-JUL|0|0|0|9.89|0|9.91|||
26MAY2022|NITGETF-JUL|40|NITGETF-JUL|0|0|0|10.92|0|10.94|||
26MAY2022|SHEL-JUL|40|SHEL-JUL|0|0|0|112.59|0|108.39|||
26MAY2022|SILK-JUL|40|SILK-JUL|0|0|0|1.47|0|1.41|||
26MAY2022|SMBL-JUL|40|SMBL-JUL|0|0|0|2.61|0|2.50|||
26MAY2022|SYS-JUL|40|SYS-JUL|0|0|0|333.81|0|310.95|||
26MAY2022|THALL-JUL|40|THALL-JUL|0|0|0|334.68|0|337.37|||
26MAY2022|TPLP-JUL|40|TPLP-JUL|16.50|17.70|16.50|17.70|50500|16.50|||
26MAY2022|UBLPETF-JUL|40|UBLPETF-JUL|0|0|0|11.48|0|11.50|||
26MAY2022|YOUW-JUL|40|YOUW-JUL|0|0|0|5.26|0|5.13|||
26MAY2022|AGL-JUL|40|AGL-JUL|0|0|0|5.34|0|5.25|||
26MAY2022|AIRLINK-JUL|40|AIRLINK-JUL|0|0|0|42.26|0|42.31|||
26MAY2022|PABC-JUL|40|PABC-JUL|0|0|0|31.92|0|31.96|||
26MAY2022|CPHL-JUL|40|CPHL-JUL|0|0|0|31.98|0|31.03|||
26MAY2022|AGL-MAY|40|AGL-MAY|0|0|0|5.19|0|5.05|||
26MAY2022|AIRLINK-MAY|40|AIRLINK-MAY|0|0|0|41.06|0|41.12|||
26MAY2022|PABC-MAY|40|PABC-MAY|0|0|0|31.01|0|31.06|||
26MAY2022|CPHL-MAY|40|CPHL-MAY|0|0|0|31.07|0|30.16|||
26MAY2022|AGL-JUN|40|AGL-JUN|5.20|5.25|5.16|5.16|63000|5.17|||
26MAY2022|AIRLINK-JUN|40|AIRLINK-JUN|0|0|0|41.59|0|41.65|||
26MAY2022|PABC-JUN|40|PABC-JUN|0|0|0|31.42|0|31.46|||
26MAY2022|CPHL-JUN|40|CPHL-JUN|0|0|0|31.48|0|30.55|||
26MAY2022|DCR-MAYB|40|DCR-MAYB|0|0|0|14.36|0|14.45|||
26MAY2022|DCR-JUNB|40|DCR-JUNB|0|0|0|14.54|0|14.63|||
26MAY2022|EPCL-MAYB|40|EPCL-MAYB|83.20|84.30|81.90|83.44|368500|82.89|||
26MAY2022|EPCL-JUNB|40|EPCL-JUNB|83.40|84.85|81.25|83.87|691000|83.52|||
26MAY2022|EFERT-MAYB|40|EFERT-MAYB|84.21|89.75|83|85.99|213500|85.01|||
26MAY2022|EFERT-JUNB|40|EFERT-JUNB|85|87|84.75|86.78|90500|85.87|||
26MAY2022|ABL-MAYB|40|ABL-MAYB|0|0|0|70.76|0|75.64|||
26MAY2022|ABL-JUNB|40|ABL-JUNB|0|0|0|71.68|0|76.62|||
26MAY2022|UBL-JUNB|40|UBL-JUNB|127.70|128.76|122|128.76|27000|126.90|||
26MAY2022|ENGRO-JUNB|40|ENGRO-JUNB|260|268|260|268|28000|265.96|||
26MAY2022|HBL-MAYB|40|HBL-MAYB|102.50|103.50|102.50|103.50|4500|102.50|||
26MAY2022|HBL-JUNB|40|HBL-JUNB|104.50|104.50|104.50|104.50|2000|103.75|||
26MAY2022|HUMNL-MAYB|40|HUMNL-MAYB|6.41|6.70|6.24|6.65|2066500|6.50|||
26MAY2022|HUMNL-JUNB|40|HUMNL-JUNB|6.44|6.78|6.37|6.74|3278000|6.54|||
26MAY2022|MEBL-JUNB|40|MEBL-JUNB|0|0|0|131.77|0|131.05|||
26MAY2022|MCB-JUNB|40|MCB-JUNB|136|136|136|136|5500|135.52|||
26MAY2022|FFC-JUNB|40|FFC-JUNB|113.10|114|113.01|113.51|523500|114|||
26MAY2022|OGDC-MAYB|40|OGDC-MAYB|74.90|75.85|74.50|75.23|1022500|75.35|||
26MAY2022|OGDC-JUNB|40|OGDC-JUNB|75.90|76.99|75.45|76.12|1277000|76.20|||
26MAY2022|MTL-MAYB|40|MTL-MAYB|756|760|756|757.60|75000|815.51|||
26MAY2022|MTL-JUNB|40|MTL-JUNB|0|0|0|840.29|0|826.07|||
26MAY2022|DCR|0836|Dolmen City|14.30|14.50|14.13|14.35|272000|14.42|||
26MAY2022|UBLPETF|0837|UBLPakistanETF|0|11.15|11.15|11.15|500|11.15|||
26MAY2022|MZNPETF|0837|Meezan PakistanXD|7.65|7.85|7.65|7.78|69000|7.68|||
26MAY2022|JSMFETF|0837|JS Momentum|8.70|8.70|8.70|8.70|2500|8.30|||
26MAY2022|ACIETF|0837|Alfalah Consumer|8.75|9.50|8.69|9.50|6500|9.39|||
