0801|AUTOMOBILE ASSEMBLER|318077253130|640890|194382993.23|47564.78|47593.772299|28.992299|4.462989|1.992353|
0802|AUTOMOBILE PARTS & ACCESSORIES|50783398655|456400|13932858|31299.56|31098.933265|-200.626734|.717583|.81647|
0803|CABLE & ELECTRICAL GOODS|30524789062|6689600|116994510.5|15110.91|15318.007553|207.097553|.422764|11.497763|
0804|CEMENT|439361144120|18001970|569939715.54|40671.04|40648.511461|-22.528538|6.171918|54.368451|
0805|CHEMICAL|421705426500|21518332|462662862.56|32383.65|32618.945552|235.295552|5.877911|13.888727|
0806|CLOSE - END MUTUAL FUND|2262055000|50000|179205|1519.34|1540.891178|21.551178|.031314|.590721|
0807|COMMERCIAL BANKS|1266626060145|7818145|418341516.61|11114.21|11101.760572|-12.449427|17.802996|28.215186|
0808|ENGINEERING|105484452706|7066550|323451839.26|33298.54|33450.881317|152.341317|1.474225|17.013932|
0809|FERTILIZER|536452886188|1178752|99456025.87|17282.44|17292.745168|10.305168|7.527151|3.018418|
0810|FOOD & PERSONAL CARE PRODUCTS|712769624923|7196016|169610522.38|50532.6|50499.55966|-33.040339|10.013621|25.289227|
0811|GLASS & CERAMICS|66816211891|2597750|50059281.03|2084486.61|2084569.036972|82.426972|.947909|3.805384|
0812|INSURANCE|136801516267|1914500|26331172|18790.62|18703.14557|-87.474429|1.929635|3.451284|
0813|INV. BANKS / INV. COS. / SECURITIES COS.|113364550698|1262100|10020599|15224.16|15080.627213|-143.532786|1.606753|7.949874|
0814|JUTE|214376601|0|0|21152.54|21152.544943|.004943|.003009|.003599|
0815|LEASING COMPANIES|501103143|1000|3520|77.9|77.899999|0|.007035|.23782|
0816|LEATHER & TANNERIES|40175930900|141600|6746185|14054.63|13901.899088|-152.730911|.570255|.047172|
0818|MISCELLANEOUS|104871278146|20018835|407212136.59|24398.16|24516.572179|118.412179|1.46525|5.589302|
0819|MODARABAS|21162458898|106000|591320|5095.46|5070.972497|-24.487502|.298549|2.871508|
0820|OIL & GAS EXPLORATION COMPANIES|855625388769|14864411|1192259422.44|8741.23|8904.751061|163.521061|11.792132|1.770853|
0821|OIL & GAS MARKETING COMPANIES|169911288130|10622134|432099272.41|7814.77|7943.348067|128.578067|2.34689|7.714684|
0822|PAPER & BOARD|64919317327|64900|3886091|15810.18|15719.286325|-90.893674|.916718|8.345484|
0823|PHARMACEUTICALS|241371037470|725745|65355406.15|31577.89|31485.66091|-92.229089|3.398704|.501482|
0824|POWER GENERATION & DISTRIBUTION|232611612141|3460894|58414045.73|19327.87|19338.017256|10.147256|3.264084|4.635682|
0825|REFINERY|78158232633|28861758|667167017.56|9510.74|9459.197079|-51.54292|1.103297|31.321464|
0826|SUGAR & ALLIED INDUSTRIES|68096613249|208800|3800667|98782.8|100115.641888|1332.841888|.943328|2.136839|
0827|SYNTHETIC & RAYON|79342419558|654550|10232381|52630.25|52611.625403|-18.624596|1.114338|2.609702|
0828|TECHNOLOGY & COMMUNICATION|247222441771|25501206|706232828.1|46639.96|46858.337798|218.377798|3.454753|18.635158|
0829|TEXTILE COMPOSITE|287489725997|2597730|84514900.16|43078.91|43144.923887|66.013887|4.030094|3.80883|
0830|TEXTILE SPINNING|66886707400|443600|3732002|17971.55|17744.296399|-227.2536|.951096|3.663991|
0831|TEXTILE WEAVING|3490111586|346500|1898340|2332.38|2348.75386|16.37386|.048658|11.527359|
0832|TOBACCO|291690669622|10900|2721886|68682.16|69211.622565|529.462565|4.063922|.001472|
0833|TRANSPORT|55445285713|2360900|15607239|34508.54|34644.179376|135.639376|.775387|10.073544|
0834|VANASPATI & ALLIED INDUSTRIES|1250638156|1700|145715|35407.36|33872.8325|-1534.527499|.018354|24.565399|
0835|WOOLLEN|323212500|0|0|4970.61|4970.609638|-.000361|.004537|.000276|
0836|REAL ESTATE INVESTMENT TRUST|32199176000|20500|296535|22496.13|22465.100828|-31.029171|.452691|.005814|
0837|EXCHANGE TRADED FUNDS|6709600|67000|577545|4102.3|4154.242409|51.942409|.000093|.026578|
36|BONDS|0|0||0|0|0|0|0|
40|FUTURE CONTRACTS|0|65591000|2205759480|0|0|0|0|0|
41|STOCK INDEX FUTURE CONTRACTS|0|0||0|0|0|0|0|
|TOTAL|7143995104597|253062668|8324617036.12||||100.00996|311.991821|
