27MAY2022|HGFA|0806|HBL Growth Fund|5.75|5.75|5.21|5.56|114000|5.79|||
27MAY2022|HIFA|0806|HBL Invest Fund|2.45|2.45|2|2.14|164000|2.28|||
27MAY2022|TSMF|0806|Tri-Star Mutual|5.75|5.75|5.75|5.75|1500|6.75|||
27MAY2022|FANM|0819|AL-Noor Mod|2.98|3.25|2.60|2.81|31000|2.98|||
27MAY2022|ARM|0819|Allied Rent.|0|0|0|22.0032|0|22|||
27MAY2022|FECM|0819|Elite Cap.Mod|3.17|3.17|3.17|3.17|500|2.96|||
27MAY2022|FEM|0819|Equity Modaraba|7.80|7.80|7.50|7.50|1000|7.59|||
27MAY2022|OLPM|0819|OLP Modaraba|15.81|15.90|15.76|15.76|28000|15.80|||
27MAY2022|FHAM|0819|Habib Modaraba|9.43|9.47|9.02|9.46|43500|9.25|||
27MAY2022|HMM|0819|Habib Metro Mod|7|7|7|7|500|6.51|||
27MAY2022|FTMM|0819|F.Treet Manuf|8.75|8.75|8.75|8.75|500|8|||
27MAY2022|KASBM|0819|KASB Mod|1.98|1.98|1.81|1.89|6000|1.89|||
27MAY2022|MODAM|0819|Mod.Al-Mali|6.71|6.79|6.31|6.43|15000|6.48|||
27MAY2022|PAKMI|0819|Pak Mod.|2.70|2.70|2.41|2.45|2000|2.40|||
27MAY2022|PMI|0819|Prud Mod.1st|1.79|1.80|1.60|1.61|15500|1.70|||
27MAY2022|FPJM|0819|Punjab Mod|1.85|1.92|1.85|1.92|28500|1.70|||
27MAY2022|FUDLM|0819|U.D.L.Modaraba|6.31|6.60|6.31|6.60|1000|6.70|||
27MAY2022|CASH|0813|Calcorp Limited|0|0|0|16.50|0|17.35|||
27MAY2022|GRYL|0815|Grays Leasing|3.50|3.50|3.50|3.50|2000|3.65|||
27MAY2022|OLPL|0813|OLP FinancialXD|20|20.14|19.75|20|30000|19.51|||
27MAY2022|SLL|0815|SME Leasing Ltd|3.40|3.40|3.40|3.40|4000|2.45|||
27MAY2022|MCBAH|0813|MCB-ARIF Habib|24.49|24.50|23.76|23.96|3000|23.35|||
27MAY2022|AHL|0813|Arif Habib Ltd.|41.01|41.80|41|41|32000|40.49|||
27MAY2022|AHCL|0809|Arif Habib Corp|38.47|38.47|38.47|38.47|1000|37.21|||
27MAY2022|ICIBL|0813|Invest Bank|1.73|1.76|1.62|1.70|1356500|1.65|||
27MAY2022|FDIBL|0813|Ist.Dawood Bank|2.38|2.38|2|2.20|149500|2.28|||
27MAY2022|JSCL|0813|Jah.Sidd. Co.|13.50|14.25|13.50|13.55|417500|13.30|||
27MAY2022|BIPLS|0813|BIPL Securities|38.83|38.90|38.83|38.90|12000|41.9708|||
27MAY2022|NEXT|0813|Next Capital|6.79|7.20|6.61|6.61|14500|6.22|||
27MAY2022|AMBL|0813|Apna Microfin.|20.49|20.68|20.49|20.59|1500|19.24|||
27MAY2022|ESBL|0813|Escorts Bank|6.35|7.06|6.10|7.05|535000|6.06|||
27MAY2022|PSX|0813|Pak Stock Exchange|11.01|11.60|11.01|11.13|604000|11.02|||
27MAY2022|FCSC|0813|Ist.Capital Sec|1.64|1.67|1.57|1.60|562500|1.59|||
27MAY2022|EFGH|0813|EFG Hermes Pak|16|16.50|14.90|15.02|6500|16.10|||
27MAY2022|FNEL|0813|F. Nat.Equities|6.16|6.80|6.16|6.32|3047500|6.16|||
27MAY2022|786|0813|786 Invest Ltd|5.44|5.48|5.10|5.20|8000|5.25|||
27MAY2022|DEL|0813|Dawood Equities|5.19|5.25|5.10|5.20|45500|4.95|||
27MAY2022|PASL|0813|Pervez Ahmed Co|0.96|0.96|0.88|0.90|86000|0.91|||
27MAY2022|ABL|0807|Allied Bank Ltd|71|72|70.65|70.95|130000|70.73|||
27MAY2022|SMBL|0807|Summit Bank|2.46|2.59|2.46|2.48|141000|2.53|||
27MAY2022|AKBL|0807|Askari Bank|18.89|19|18.60|18.75|341000|18.47|||
27MAY2022|BAFL|0807|Bank Al-Falah|34.60|34.95|34|34.12|846735|34.22|||
27MAY2022|BIPL|0807|Bankislami Pak.|12.39|12.55|12.25|12.43|5630000|11.94|||
27MAY2022|BOK|0807|Bank Of KhyberXB|14.46|14.95|14.20|14.93|9500|15.05|||
27MAY2022|BAHL|0807|Bank AL-Habib|65.50|66.49|65.49|66.03|2883098|65.47|||
27MAY2022|BOP|0807|B.O.Punjab|5.89|6.05|5.88|5.91|4599500|5.84|||
27MAY2022|FABL|0807|Faysal Bank|23.70|24|23.20|23.45|702000|23.25|||
27MAY2022|HBL|0807|Habib Bank|104|106.44|103.04|103.71|865427|103.41|||
27MAY2022|MEBL|0807|Meezan Bank|130.52|133.92|129.50|129.63|4744950|130.02|||
27MAY2022|NBP|0807|National BankXD|30|30.30|29|29.13|493000|29.85|||
27MAY2022|HMB|0807|Habib Metropol.|43.50|43.50|42.95|43|112000|42.24|||
27MAY2022|MCB|0807|MCB Bank Ltd|135.90|137.44|134.75|135.31|973289|135|||
27MAY2022|JSBL|0807|JS Bank Ltd|4.15|4.29|4.07|4.15|91000|4.14|||
27MAY2022|SBL|0807|Samba Bank|9.50|10.25|9.50|10.25|3500|9.39|||
27MAY2022|SILK|0807|Silk Bank Ltd|1.43|1.46|1.27|1.30|11084000|1.43|||
27MAY2022|SNBL|0807|Soneri Bank Ltd|9.48|9.50|9.40|9.50|487500|9.48|||
27MAY2022|SCBPL|0807|St.Chart.Bank|28.95|28.95|28.95|28.95|500|28.10|||
27MAY2022|UBL|0807|United Bank|130|132.55|129.10|129.64|1076420|128.36|||
27MAY2022|AICL|0812|Adamjee Ins.|30.90|32.40|30.10|31.17|141000|30.56|||
27MAY2022|ALIFE|0812|Adamjee Life As|22.06|22.06|22.06|22.06|500|21.12|||
27MAY2022|AGIC|0812|Ask.Gen.Insur.XD|18.09|18.09|17.99|18.09|9500|17.85|||
27MAY2022|CYAN|0812|Cyan Limited|29.85|31|28.04|29.89|31000|29.50|||
27MAY2022|JLICL|0812|Jubile Life Ins|167|172.19|167|172.10|800|160.25|||
27MAY2022|CSIL|0812|Cres.Star Ins.|2.08|2.08|1.94|1.94|33000|2.01|||
27MAY2022|EFUG|0812|EFU General|100.10|100.10|100|100.06|500|100|||
27MAY2022|EFUL|0812|EFU Life Assr|184|184.01|184|184|800|184.77|||
27MAY2022|IGIHL|0812|IGI Holdings|122|122|120.01|120.17|600|124.98|||
27MAY2022|ALAC|0812|Askari Life Ass|6.65|6.65|6.21|6.21|13000|6.88|||
27MAY2022|ATIL|0812|Atlas Ins. Ltd|54.99|54.99|54.99|54.99|1000|53.50|||
27MAY2022|JGICL|0812|Jubilee Gen.Ins|32.01|32.01|32|32|5500|32.95|||
27MAY2022|PIL|0812|PICIC Ins.Ltd.|1.04|1.05|1|1.03|22500|0.95|||
27MAY2022|PKGI|0812|Pak Gen.Ins.|8.26|9.19|8.20|8.21|11500|9.19|||
27MAY2022|PAKRI|0812|Pak Reinsurance|8.95|9.85|8.65|9.43|8490000|8.92|||
27MAY2022|PINL|0812|Premier Ins.|4.90|5.34|4.90|5.34|7000|4.75|||
27MAY2022|RICL|0812|Reliance Ins.|5.10|6.45|5.06|6.45|3500|5.50|||
27MAY2022|SHNI|0812|Shaheen Ins.|3.64|3.65|3.10|3.10|27000|3.21|||
27MAY2022|TPLI|0812|TPL Insurance|31.45|33.50|29.10|29.10|5000|31.45|||
27MAY2022|UNIC|0812|United Insurance|7.45|7.63|7.26|7.49|7500|7.33|||
27MAY2022|ASTM|0830|Asim Textile|6.60|7|6.60|7|5000|6.60|||
27MAY2022|BILF|0830|Bilal Fibres|2.30|2.30|2.25|2.26|19000|2.30|||
27MAY2022|CWSM|0830|Chakwal Spinning|2|2.02|1.95|1.95|37000|1.96|||
27MAY2022|HIRAT|0830|Hira Textile|2.93|2.93|2.40|2.92|63500|2.84|||
27MAY2022|DFSM|0830|Dewan Farooque Sp.|2.35|2.43|2.26|2.29|109500|2.24|||
27MAY2022|DSIL|0830|D.S. Ind. Ltd.|4.10|4.50|4.10|4.37|2809000|4.10|||
27MAY2022|FZCM|0829|Fazal Cloth|245.05|255|245.01|250|1500|264.50|||
27MAY2022|GADT|0830|Gadoon Textile|285|285|285|285|100|267.26|||
27MAY2022|IDYM|0830|Indus Dyeing|227|227.51|225|226|3400|225.05|||
27MAY2022|JDMT|0830|Janana D Mal|60.34|60.34|60.34|60.34|500|58|||
27MAY2022|KOSM|0830|Kohinoor Spining|3.19|3.25|3.09|3.10|929000|3.06|||
27MAY2022|NAGC|0830|Nagina Cotton|78.64|89.95|78.64|78.66|2000|85.01|||
27MAY2022|NCML|0830|Nazir Cotton Mills|5.85|5.97|5.17|5.17|21000|5.85|||
27MAY2022|PRET|0830|Premium Tex.|824|850|824|840|650|825|||
27MAY2022|BECO|0808|Beco Steel Ltd|19.90|20.74|19.01|19.46|2333000|19.30|||
27MAY2022|RCML|0830|Reliance Cotton|325|325|325|325|1100|325|||
27MAY2022|RUBY|0830|Ruby Textile|4.25|4.35|4.25|4.30|1500|4|||
27MAY2022|SAIF|0830|Saif Textile|21.80|21.97|21.10|21.25|11000|21.47|||
27MAY2022|SSML|0830|Saritow Spinning|7.40|7.98|7.40|7.47|9000|7.38|||
27MAY2022|SERT|0830|Service Textile|8.78|9.25|8.78|9.25|1000|9.06|||
27MAY2022|SHDT|0830|Shadab Textile|21.99|22|21.06|21.17|13500|21.38|||
27MAY2022|SHCM|0830|Shadman Cotton|14.39|14.39|14.39|14.39|1000|15.55|||
27MAY2022|UNITY|0810|Unity Foods Ltd|23.30|24.25|22.45|22.72|12541292|23.26|||
27MAY2022|TATM|0830|Tata Textile|70.01|70.01|70.01|70.01|1000|69|||
27MAY2022|FML|0829|Feroze 1888|63.91|63.91|63.91|63.91|500|61.25|||
27MAY2022|PRWM|0831|Prosperity Weav|48.90|48.97|48.90|48.97|2000|45.56|||
27MAY2022|SMTM|0831|Samin Textile|4.93|5.65|4.90|4.91|62500|4.75|||
27MAY2022|GTECH|0805|G3 Technologies|9.91|10.30|9.42|9.58|10756000|9.78|||
27MAY2022|STJT|0831|Shahtaj Textile|99.97|99.97|99.97|99.97|1500|93|||
27MAY2022|YOUW|0831|Yousuf Weaving|5.18|5.40|4.91|5.01|676500|5.11|||
27MAY2022|ZTL|0831|Zephyr Textile|11.50|11.75|11.50|11.60|13000|11.48|||
27MAY2022|ADMM|0829|Artistic Denim|57.10|58.48|57.10|57.10|21000|56.93|||
27MAY2022|ARUJ|0829|Aruj Industries|12.51|12.52|12.51|12.52|3000|13.50|||
27MAY2022|CRTM|0829|Crescent Tex.|18.30|18.68|18.06|18.13|40500|18.30|||
27MAY2022|NCL|0829|Nishat (Chun.)|47.20|48.49|47.10|47.64|1982653|46.89|||
27MAY2022|DLL|0813|Dawood Law|180.50|180.50|180.50|187.25|100|187.25|||
27MAY2022|REWM|0829|Reliance Weaving|71.50|71.50|69|69|5000|68.71|||
27MAY2022|GFIL|0829|Ghazi Fabrics|6.35|6.35|5.81|5.81|28000|6.30|||
27MAY2022|GATM|0829|Gul Ahmed|39.48|40.20|39|39.19|1504653|38.90|||
27MAY2022|HAEL|0829|Hala Enterprise|7.90|8.48|7.37|7.89|2000|7.90|||
27MAY2022|HUSI|0829|Hussain Industries|19.25|19.25|19.25|19.25|500|18.40|||
27MAY2022|ILP|0829|Interloop Ltd.|69.03|71|67.01|67.52|211861|68.03|||
27MAY2022|JUBS|0829|Jubilee Spinning|3.65|3.65|3.64|3.64|3500|3.66|||
27MAY2022|KOIL|0829|Kohinoor Ind.|5.60|5.60|5.29|5.60|1500|5.29|||
27MAY2022|BTL|0829|Blessed Tex.|484|495|484|495|300|482|||
27MAY2022|KTML|0829|Kohinoor Textile|55.55|55.55|52.75|53.50|85500|55|||
27MAY2022|ANL|0829|Azgard Nine|11.50|12|11.11|11.26|4782000|11.55|||
27MAY2022|MEHT|0829|Mehmood Tex.|945|945|945|945|50|880|||
27MAY2022|CLVL|0833|Cordoba Logist|13.62|15.35|13.21|13.26|94000|14.28|||
27MAY2022|NML|0829|Nishat Mills Ltd|74.10|75.95|74.01|74.48|937026|73.33|||
27MAY2022|SFL|0829|Sapphire Fiber|1000.10|1086|1000.10|1079.86|700|1011.01|||
27MAY2022|STML|0829|Shams Textile|59.44|59.44|59.44|59.44|500|55.43|||
27MAY2022|TOWL|0829|Towellers Limited|102|102|102|102|500|99.22|||
27MAY2022|ZAHID|0829|ZahidJee Tex.|22|22.79|21.52|21.52|2500|21.20|||
27MAY2022|FASM|0829|Faisal Spinning|460.01|488.95|460.01|488.94|600|469.98|||
27MAY2022|MSOT|0829|Masood Textile|50.98|50.98|50.98|50.98|500|49.90|||
27MAY2022|SAPT|0829|Sapphire Tex.|1074|1074.50|1074|1074.25|40|1000.01|||
27MAY2022|BNL|0810|Bunnys Limited|22.99|23|22.27|22.50|8000|22|||
27MAY2022|AGL|0805|Agritech Limited|5.14|5.30|5.10|5.16|600500|5.19|||
27MAY2022|GATI|0827|Gatron Ind.|425|434|380.01|400.01|1250|404.01|||
27MAY2022|RUPL|0827|Rupali Polyester|40.99|40.99|40|40.50|25500|40|||
27MAY2022|IMAGE|0827|Image Pakistan|15.40|15.79|14.61|14.81|945000|14.95|||
27MAY2022|THALL|0802|Thal Limited|334.30|334.30|321|328.70|25100|325.04|||
27MAY2022|AABS|0826|AL-Abbas Sugar|293|294.70|290|294.70|400|282.01|||
27MAY2022|AGSML|0826|Abdullah Shah|11.90|12.20|11.51|11.55|97000|11.40|||
27MAY2022|ALNRS|0826|AL-Noor Sugar|55|55|51.51|51.51|1500|51.81|||
27MAY2022|CHAS|0826|Chashma Sugar|62|66.72|60.21|66.72|3500|64.99|||
27MAY2022|IML|0813|Imperial Limite|13.23|14|13.23|14|7000|14.30|||
27MAY2022|DWSM|0826|Dewan Sugar|2.20|2.50|2.06|2.06|3000|2.15|||
27MAY2022|FCEPL|0810|Frieslandcampina|77.77|77.85|72|73.48|165570|74.60|||
27MAY2022|FRSM|0826|Faran Sugar|45.80|45.80|45.80|45.80|40000|45.74|||
27MAY2022|HABSM|0826|Habib Sugar|32|32.01|31.01|32.01|260500|31.91|||
27MAY2022|HSM|0826|Husein Sugar|13.25|13.72|13.25|13.71|8000|12.72|||
27MAY2022|JDWS|0826|J.D.W.Sugar|200|200|200|200|200|200|||
27MAY2022|KPUS|0826|Khairpur Sugar|53|53.05|53|53.05|2000|51.99|||
27MAY2022|JSML|0826|Jauharabad Sug|16.70|16.99|16.70|16.99|8500|16.88|||
27MAY2022|MRNS|0826|Mehran Sugar|44.51|45.49|44.03|44.04|46500|44.94|||
27MAY2022|MIRKS|0826|Mirpurkhas Sugar|148|160|148|159.25|1100|159.30|||
27MAY2022|PMRS|0826|Premier Suger|548.24|548.25|548|548.25|5800|510|||
27MAY2022|SKRS|0826|Sakrand Sugar|8.30|9.48|8.30|8.78|368500|8.93|||
27MAY2022|SHJS|0826|Shahtaj Sugar|51|51|51|51|7500|49.45|||
27MAY2022|TICL|0826|Thal Ind.Corp.|270|270|253.91|253.91|1100|274.49|||
27MAY2022|ACPL|0804|Attock CementXD|82.99|84.50|82|82.02|50400|81.37|||
27MAY2022|BWCL|0804|Bestway Cement|136.75|138|136|137.50|9300|136.66|||
27MAY2022|CHCC|0804|Cherat Cement|111.35|114.30|108.11|110.53|303138|109.25|||
27MAY2022|DNCC|0804|Dandot Cement|8.20|8.20|8.20|8.20|500|7.30|||
27MAY2022|DGKC|0804|D.G.K.Cement|62|62.49|60.02|60.72|2822139|59.89|||
27MAY2022|POWER|0804|Power Cement|5.38|5.60|5.30|5.39|2421500|5.34|||
27MAY2022|FCCL|0804|Fauji Cement|15.10|15.73|15.10|15.48|3366000|15.03|||
27MAY2022|FECTC|0804|Fecto Cement|20.80|20.89|20.80|20.89|1500|19.50|||
27MAY2022|FLYNG|0804|Flying Cement|8.20|8.51|8.10|8.13|9340000|8.01|||
27MAY2022|GWLC|0804|Gharibwal Cement|20.99|21.99|20.99|21.41|66500|20.59|||
27MAY2022|JVDC|0804|Javedan Corp.|44.99|45|44.99|45|17500|44.40|||
27MAY2022|KOHC|0804|Kohat Cement|143|145|140.50|141.12|294800|139.66|||
27MAY2022|LUCK|0804|Lucky Cement|490|503|483|485.85|711969|481.51|||
27MAY2022|MLCF|0804|Maple Leaf|27.50|28.52|27.40|27.59|9949498|27.16|||
27MAY2022|DCL|0804|Dewan Cement|5.70|6.14|5.70|5.78|2098000|5.56|||
27MAY2022|PIOC|0804|Pioneer Cement|62.89|64.90|60.01|61.11|1566515|62.20|||
27MAY2022|SMCPL|0804|Safe Mix Con.Lt|7.50|7.90|7|7|2500|7.15|||
27MAY2022|THCCL|0804|Thatta Cement|15.90|16.25|15.26|15.53|429000|15.56|||
27MAY2022|KHTC|0832|Khyber Tobacco|185|200.48|185|192.58|7800|186.50|||
27MAY2022|PMPK|0832|Philip Morris Pak.|538|538|536.53|536.53|100|580|||
27MAY2022|ATRL|0825|Attock Refinery|170|174.74|162|163.55|4451316|163.86|||
27MAY2022|CNERGY|0825|Cnergyico PK|5.71|6.23|5.68|5.73|64002196|5.59|||
27MAY2022|NRL|0825|National Refinery|250.70|258.15|239|242.59|1820717|243.49|||
27MAY2022|PRL|0825|Pak Refinery|18.44|19.22|17.43|17.79|55636420|17.88|||
27MAY2022|ALTN|0824|Altern Energy|17|17.01|17|17.01|3000|16.99|||
27MAY2022|EPQL|0824|Engro Powergen|20.47|21.24|20.47|21.01|301500|20.19|||
27MAY2022|HUBC|0824|Hub Power Co.|64.95|65.70|63.51|63.93|1422478|63.40|||
27MAY2022|KEL|0824|K-Electric Ltd.|2.64|2.75|2.63|2.68|15469500|2.58|||
27MAY2022|KOHE|0824|Kohinoor Energy|37|37.99|36.87|37.61|25000|37.49|||
27MAY2022|KOHP|0824|Kohinoor Power|3.63|3.65|3.63|3.65|1000|3.57|||
27MAY2022|LPL|0824|Lalpir Power|13.76|13.99|13.60|13.60|49500|13.76|||
27MAY2022|KAPCO|0824|Kot Addu Power|27.49|28.49|27.40|27.51|3106435|27.24|||
27MAY2022|NCPL|0824|Nishat ChunPow|15.11|16.38|15.11|15.70|196000|15.50|||
27MAY2022|NPL|0824|Nishat Power|17.40|17.95|17.25|17.55|41500|17.44|||
27MAY2022|PKGP|0824|Pakgen Power|18.68|19.39|18.35|19.10|17500|18.69|||
27MAY2022|SPWL|0824|Saif Power Ltd.|18.20|18.24|17.94|17.98|143500|17.79|||
27MAY2022|SGPL|0824|S.G.Power|4.75|4.94|4.42|4.54|15500|4.50|||
27MAY2022|SEL|0824|Sitara Energy|10.75|11.85|10.44|10.80|57000|11.44|||
27MAY2022|TSPL|0824|Tri-Star Power|3|3.60|3|3.15|115500|3|||
27MAY2022|APL|0821|Attock Petroleum|316|318|310|310.54|85900|311.83|||
27MAY2022|PSO|0821|P.S.O.|165|168.60|159.50|161.56|3247766|160.58|||
27MAY2022|SHEL|0821|Shell Pakistan|114|115.90|112|114.13|500800|109.35|||
27MAY2022|SSGC|0821|Sui South Gas|8.83|9.29|8.62|8.68|4173000|8.68|||
27MAY2022|SNGP|0821|Sui North Gas|26.49|28.02|26.07|27.57|4402839|26.07|||
27MAY2022|HASCOL|0821|Hascol Petrol|4.95|5.08|4.65|4.69|4121000|4.71|||
27MAY2022|HTL|0821|HI-Tech Lub.|40.49|41.44|40|40.36|897000|39.13|||
27MAY2022|MARI|0820|Mari Petroleum|1644.50|1668.99|1625|1631.33|21754|1624.68|||
27MAY2022|OGDC|0820|Oil & Gas Dev.|76.49|78.37|76.49|77.02|4250275|75.19|||
27MAY2022|POL|0820|Pak Oilfields|389|391|384|386.01|330829|386.74|||
27MAY2022|PPL|0820|Pak Petroleum|67.90|69.09|66|66.69|4991546|66.02|||
27MAY2022|ADOS|0808|Ados Pakistan|28.10|28.10|28.10|28.10|500|28.98|||
27MAY2022|AGHA|0808|Agha Steel Ind.|15.75|16.36|15.50|15.72|276000|15.74|||
27MAY2022|ASL|0808|Aisha Steel Mill|11.80|12.25|11.55|12.08|1583160|11.74|||
27MAY2022|ASTL|0808|Amreli Steels|26.83|27.75|26.80|26.97|700000|26.85|||
27MAY2022|BCL|0808|Bolan Casting|59|61.22|57.01|60|6100|56.95|||
27MAY2022|DADX|0808|Dadex Eternit|90|90|90|90|500|93.90|||
27MAY2022|DSL|0808|Dost Steels Ltd.|5.24|5.25|4.77|4.82|1158500|5.14|||
27MAY2022|CSAP|0808|Crescent Steel|39|40.40|37.25|37.52|114500|38.05|||
27MAY2022|OBOY|0821|Oilboy EnergyXR|9.99|10.73|9.90|9.97|332000|9.92|||
27MAY2022|HSPI|0808|Huffaz Seamless|10.20|10.80|10|10|166500|10.21|||
27MAY2022|INIL|0808|Int. Ind.Ltd.|103.62|107.50|102|103.15|272818|104.66|||
27MAY2022|ISL|0808|Inter.Steel Ltd|62|63.25|60.66|61.44|1648153|61.38|||
27MAY2022|ITTEFAQ|0808|Ittefaq Iron Ind|7.44|7.67|7.31|7.36|2157500|7.31|||
27MAY2022|KSBP|0808|K.S.B.PumpsXD|109.99|111|102.59|103.60|11000|110.90|||
27MAY2022|MUGHAL|0808|Mughal Iron|63.70|65.88|62.60|63.06|671369|63.66|||
27MAY2022|PECO|0808|Pak Engineering|295|295|295|295|100|275.5463|||
27MAY2022|AGTL|0801|AL-Ghazi Tractors|383.98|390|378.34|384.37|3300|378.34|||
27MAY2022|ATLH|0801|Atlas Honda Ltd|404|404.50|398|398.21|2100|399.99|||
27MAY2022|DFML|0801|Dewan Motors|4.85|5.05|4.71|4.78|307500|4.62|||
27MAY2022|GHNI|0801|Ghandhara Ind.|152|158.50|149|151.27|508000|151.05|||
27MAY2022|GHNL|0801|Ghand Nissan|62|64.15|60.50|61.12|414500|61.28|||
27MAY2022|HINO|0801|Hinopak Motor|311.02|312|300|300.01|2000|310.99|||
27MAY2022|HCAR|0801|Honda Atlas Cars|181|193.10|180|184.31|470637|179.63|||
27MAY2022|INDU|0801|Indus Motor Co|1285|1289|1273.50|1277.85|13072|1268.17|||
27MAY2022|MTL|0801|Millat Tractors|840|853|840|846.09|139601|829.15|||
27MAY2022|PSMC|0801|Pak Suzuki|184.80|188.90|182.01|186.21|330368|183.76|||
27MAY2022|SAZEW|0801|Sazgar Eng|68.50|71|67.51|68.08|313900|67.30|||
27MAY2022|AGIL|0802|Agriautos Ind.|160|165|155|156.48|3000|161.14|||
27MAY2022|ATBA|0802|Atlas Battery|166.50|171.98|163|163.12|14300|161.72|||
27MAY2022|BWHL|0802|Bal.WheelsXD|0|78.64|78.64|78.64|500|78.64|||
27MAY2022|EXIDE|0802|Exide (PAK)|260|260|252.40|259.50|3200|249|||
27MAY2022|GTYR|0802|Ghandhara Tyre|39.65|40.80|39.15|39.26|162000|39.39|||
27MAY2022|LOADS|0802|Loads Limited|10.77|10.99|10.49|10.74|677500|10.40|||
27MAY2022|PTL|0802|Panther Tyres Ltd.|28.79|29|27.90|28.41|372000|28.45|||
27MAY2022|JOPP|0803|Johnson & Philips|43.50|45.49|43.50|45.49|2000|45.4933|||
27MAY2022|PCAL|0803|Pakistan Cables|148|148|141|141.75|2600|142.56|||
27MAY2022|PAEL|0803|Pak Elektron|16.52|17.56|16.50|16.71|19205500|16.34|||
27MAY2022|TPL|0828|TPL Corp Ltd|10.15|10.71|9.80|9.98|7777000|9.95|||
27MAY2022|TPLT|0828|TPL Trakker Ltd|9.50|10.89|9.50|10.35|148500|9.89|||
27MAY2022|AIRLINK|0828|Air Link Commun|41.50|42.98|41.10|41.81|905000|41.04|||
27MAY2022|AVN|0828|Avanceon Ltd|82.99|83.99|79.60|80.34|4510344|78.30|||
27MAY2022|WAVES|0803|Waves Singer|13.60|14.35|13.40|13.54|6900000|13.45|||
27MAY2022|SIEM|0803|Siemens Pak.|650.10|674.99|635.01|639.96|2050|645|||
27MAY2022|SPEL|0818|Synthetic Prod|15.30|15.51|15.10|15.20|38000|15.14|||
27MAY2022|PNSC|0833|P.N.S.C|51|52|50.50|50.69|17500|50.31|||
27MAY2022|GEMUNSL|0833|Universal Net (GEM)|55.62|55.62|50|50|2500|51.75|||
27MAY2022|PIBTL|0833|Pak Int.Bulk|6.20|6.35|5.98|6.04|8762500|6.16|||
27MAY2022|PICT|0833|Pak.Int.Cont.|159.99|162.50|159.99|161.69|37500|159.25|||
27MAY2022|PIAA|0833|P.I.A.C.(A)|3.56|3.65|3.50|3.50|802000|3.50|||
27MAY2022|HUMNL|0828|Hum Network|6.80|7.30|6.80|7.02|21350000|6.67|||
27MAY2022|NETSOL|0828|Netsol Tech.|95.90|98.80|91.75|94.06|2551507|93.61|||
27MAY2022|PAKD|0828|Pak Datacom|43|44.60|43|43.25|9500|42.77|||
27MAY2022|OCTOPUS|0828|Octopus Digital|70.01|71.71|67.95|68.24|2199000|66.71|||
27MAY2022|MDTL|0828|Media Times Ltd|2|2.15|2|2.02|823000|1.95|||
27MAY2022|SYS|0828|Systems Limited|344.99|348.51|328|328.92|952772|324.20|||
27MAY2022|PTC|0828|P.T.C.L.|8.16|8.29|7.61|7.72|3900000|8.17|||
27MAY2022|TRG|0828|TRG Pak Ltd|84.50|85.39|81.03|81.36|9962105|81.68|||
27MAY2022|TELE|0828|Telecard Limited|12|12.44|11.60|11.72|19065000|11.70|||
27MAY2022|WTL|0828|WorldCall Telecom|1.63|1.69|1.55|1.57|21506000|1.60|||
27MAY2022|GEMSPNL|0828|Supernet Ltd.|17.25|17.25|16.65|16.70|56000|18|||
27MAY2022|DAWH|0813|Dawood HerculesXD|94.50|96.99|94.50|95.41|6500|95|||
27MAY2022|ENGRO|0809|Engro Corp|270|271|264|265.22|379511|266.60|||
27MAY2022|EFERT|0809|Engro Fert.|86.50|88.40|86.50|87.09|1749331|85.89|||
27MAY2022|FFBL|0809|Fauji Fert Bin|21.75|22.60|21.54|21.93|1232500|21.53|||
27MAY2022|FFC|0809|Fauji Fert.|113.90|116.05|113.90|114.74|740796|112.97|||
27MAY2022|ABOT|0823|Abbott Lab.|642|642|635|638.07|2450|642|||
27MAY2022|AGP|0823|AGP Limited|82|84.50|81.99|82.54|68432|81.20|||
27MAY2022|CPHL|0823|Citi Pharma Ltd|31.49|32.40|31|31.08|696500|31.06|||
27MAY2022|FEROZ|0823|Ferozsons (Lab)|258|261|250|251.90|23200|253.34|||
27MAY2022|GLAXO|0823|GlaxoSmithKlineXD|123.01|125.95|123.01|124.45|22900|122.90|||
27MAY2022|GSKCH|0823|Glaxo Healthcar|228.24|236|228.23|232.10|43200|228.20|||
27MAY2022|HINOON|0823|Highnoon (Lab)|530|531|525|528.61|17200|522.89|||
27MAY2022|SAPL|0823|Sanofi-Aventis|810|830|810|820|150|800|||
27MAY2022|OTSU|0823|Otsuka Pak|229.99|229.99|229.99|229.99|200|224.99|||
27MAY2022|SEARL|0823|The Searle Co.|103|108.50|101.01|104.41|1097368|102.02|||
27MAY2022|BAPL|0805|Bawany Air Products|9|9.98|8.89|9.06|21500|9.50|||
27MAY2022|BIFO|0805|Biafo Ind.|70|70|68.05|69.50|4000|69.45|||
27MAY2022|BERG|0805|Berger Paints|76.50|80|76|77.02|40000|75.58|||
27MAY2022|BUXL|0805|Buxly Paints|127.90|130.85|122|124.01|10700|123.35|||
27MAY2022|ARPL|0805|Archroma Pak|578.49|583|566.01|574.01|2100|570.02|||
27MAY2022|COLG|0805|Colgate Palm|2050|2123.28|2050|2110|220|2123.28|||
27MAY2022|CTM|0830|Colony Tex.Mills Ltd|3.99|4|3.91|3.91|76000|3.95|||
27MAY2022|DOL|0805|Descon Oxychem|16.48|16.80|16.10|16.23|66500|16.23|||
27MAY2022|DAAG|0805|Data Agro|16|16.20|16|16.20|6500|15.54|||
27MAY2022|DYNO|0805|Dynea Pakistan|153|155.10|153|155|31900|150.83|||
27MAY2022|EPCL|0805|Engro Polymer|84.02|87.61|84.02|86.59|4239572|83.51|||
27MAY2022|EPCLPS|0805|Engro Poly(Pref)|11.40|12.17|11.40|11.90|24000|11.40|||
27MAY2022|FATIMA|0809|Fatima Fert.|36.57|37.50|36.57|36.68|59013|36.52|||
27MAY2022|GGL|0805|Ghani Glo Hol|17.21|18.15|16.80|17.01|19588012|16.95|||
27MAY2022|ICI|0805|ICI Pakistan|730|734.99|725|725|300|719.02|||
27MAY2022|ICL|0805|Ittehad Chem.|31.98|32|31.24|31.24|4000|31.71|||
27MAY2022|LPGL|0805|Leiner Pak Gelat|16.32|16.32|16|16|3000|16.38|||
27MAY2022|LOTCHEM|0805|Lotte Chemical|26.30|27.72|26.15|27.10|5290624|25.79|||
27MAY2022|NICL|0805|Nimir Ind.Chem.|94|94|94|94|1000|94.10|||
27MAY2022|PAKOXY|0805|Pak Oxygen Ltd.|134.05|134.05|130.25|131.10|4200|134.48|||
27MAY2022|NRSL|0805|Nimir Resins|15.21|15.75|14.90|15.05|607500|15.15|||
27MAY2022|SITC|0805|Sitara Chemical|364.90|364.90|360|360|600|364|||
27MAY2022|SPL|0805|Sitara Peroxide|15.25|15.48|15.05|15.05|26000|15.06|||
27MAY2022|WAHN|0805|Wah-Noble|199|203|195|203|900|205.50|||
27MAY2022|CEPB|0822|Century Paper|64.85|65|63.67|63.97|64000|64.08|||
27MAY2022|CPPL|0822|Cherat Pack|103.74|109|103.20|106.54|53900|103.74|||
27MAY2022|MERIT|0822|Merit Packaging|9.70|9.75|9.51|9.60|8000|9.61|||
27MAY2022|PKGS|0822|Packages Ltd.|396.01|413|394.50|401.82|23550|393.73|||
27MAY2022|GEMPAPL|0822|Pak Agro Pack(Gem)|0|12.85|12.85|12.85|5000|12.85|||
27MAY2022|PPP|0822|Pak Paper Prod|69.88|69.88|69.88|69.88|500|68.95|||
27MAY2022|RPL|0822|Roshan Packages|16.10|16.43|16.10|16.26|82000|15.76|||
27MAY2022|SEPL|0822|Security Paper|117.99|117.99|113|114.66|2100|115.88|||
27MAY2022|POML|0834|Punjab Oil|155.01|155.01|155.01|155.01|200|163|||
27MAY2022|SSOM|0834|S.S.Oil|79|79|75|79|2000|79|||
27MAY2022|BATA|0816|Bata (Pak)|0|1899.99|1899.99|1899.99|80|1899.99|||
27MAY2022|SGF|0816|Service Global Foot|42.98|43.44|41.30|42.02|245000|42.31|||
27MAY2022|SRVI|0816|Service Ind.Ltd|374.72|378|365|366.16|6900|368.59|||
27MAY2022|ASC|0810|Al-Shaheer Corp|9.99|10.49|9.71|9.87|1611000|9.86|||
27MAY2022|PREMA|0810|At-Tahur Ltd.|20.20|21|20.10|20.60|583500|20.20|||
27MAY2022|CLOV|0810|Clover Pakistan|20.77|22.01|20.77|21.64|146500|20.48|||
27MAY2022|GLPL|0810|Gillette Pak|119|119|119|116|100|116|||
27MAY2022|IBLHL|0823|IBL HealthCare|43.75|45.25|42.74|43|46000|42.74|||
27MAY2022|ISIL|0810|Ismail Ind|0|0|0|440.76|0|410.01|||
27MAY2022|MFL|0810|Matco Foods Ltd|29.90|31.79|29.90|30.88|47000|29.58|||
27MAY2022|NESTLE|0810|Nestle Pakistan|5620.02|5795|5620.02|5775|220|5775|||
27MAY2022|MFFL|0810|MithchellsFruit|82.05|86.20|81.25|81.48|110100|81.86|||
27MAY2022|MUREB|0810|Murree Brewery|424.80|424.80|424.80|424.80|100|415.90|||
27MAY2022|NATF|0810|National Foods|149.20|149.20|144.52|145.02|116800|145.99|||
27MAY2022|FFL|0810|Fauji Foods LtdXD|7.16|7.30|6.80|6.91|11961000|6.99|||
27MAY2022|QUICE|0810|Quice Food|3.80|3.95|3.80|3.81|32000|3.80|||
27MAY2022|RMPL|0810|Rafhan Maize|9990|9990|9700|9990|80|9600|||
27MAY2022|SHEZ|0810|Shezan Inter.|179.98|179.98|170.01|170.76|1200|174.50|||
27MAY2022|TOMCL|0810|The Organic Meat|23.48|23.84|21.30|22.70|617000|23.02|||
27MAY2022|SCL|0810|Shield Corp.|270.90|270.90|252.01|252.01|300|252|||
27MAY2022|TREET|0810|Treet Corp|30.60|31.74|29.60|29.97|7597000|30.31|||
27MAY2022|ZIL|0810|ZIL Limited|82|84.07|82|84.07|37000|78.21|||
27MAY2022|BGL|0811|Bal.Glass|6.45|6.70|6.27|6.38|981000|6.35|||
27MAY2022|EMCO|0803|EMCO Industries|26.99|27.94|26.60|26.70|16000|27.38|||
27MAY2022|FRCL|0811|Frontier Ceram|28.50|28.50|28|28.20|1500|28.75|||
27MAY2022|GHGL|0811|Ghani Glass Ltd|43.05|43.89|42.80|43.01|56500|42.75|||
27MAY2022|GGGL|0811|GhaniGlobalGlass|12.48|13.04|12.10|12.23|6800000|12.35|||
27MAY2022|GVGL|0811|Ghani Value Glas|72.30|72.30|72|72.01|9000|71.50|||
27MAY2022|KCL|0811|Karam Ceramics|56.90|56.99|56|56|3500|56.99|||
27MAY2022|TGL|0811|Tariq Glass Ind.|117|118|114|114.48|436198|115.10|||
27MAY2022|STCL|0811|Shabbir Tiles|15.94|16.80|15.50|15.83|1551500|15.65|||
27MAY2022|GAMON|0818|Gammon Pak|6.60|6.96|6.50|6.96|3000|6.66|||
27MAY2022|AKGL|0818|AL-Khair Gadoon|25.99|25.99|25.99|25.99|1500|24.18|||
27MAY2022|MACFL|0818|MACPAC Films|15.70|15.99|14.90|15.16|466000|15.05|||
27MAY2022|ECOP|0818|ECOPACK Ltd|31.40|32.03|31.40|32.03|148000|29.80|||
27MAY2022|PABC|0818|Pakistan AluminXD|31.50|32|31.50|31.50|108500|31|||
27MAY2022|PACE|0818|Pace (Pak) Ltd.|3.18|3.30|3.03|3.10|715500|3.11|||
27MAY2022|PHDL|0818|Pak Hotels|117.90|117.90|117.90|110.14|100|110.14|||
27MAY2022|AKDHL|0818|AKD Hospitality|141.54|151.98|141.54|148.99|2700|147.33|||
27MAY2022|SHFA|0818|Shifa Int.Hosp|179.99|182.90|177|179.78|8800|176.76|||
27MAY2022|STPL|0818|Siddiqsons Tin|11.20|11.70|11.11|11.13|321500|11.20|||
27MAY2022|TPLP|0818|TPL Properties|18.15|19|18.15|18.62|10415581|17.68|||
27MAY2022|TRIPF|0818|Tri-Pack FilmsXD|160.50|170.50|160.50|167.75|700|162.11|||
27MAY2022|UBDL|0818|United Brands|16|16.35|15.50|15.50|17500|15.26|||
27MAY2022|BAFLTFC6|36|Bank Al-Falah(T|0|0|0|99.7498|0|99.7498|||
27MAY2022|AKBLTFC6|36|Askari Bank(TFC|0|0|0|100.0357|0|100.0357|||
27MAY2022|SNBLTFC3|36|Soneri Bank(TFC|0|0|0|100.25|0|100.25|||
27MAY2022|EPCLSC|36|Engro Polymer(S|0|0|0|102|0|102|||
27MAY2022|HUBCSC2|36|Hub PowerSC2|0|102.2577|102.2577|102.2577|1450|102.2577|||
27MAY2022|BIPLSC|36|Bank IslamiSC|0|0|0|99.9999|0|99.9999|||
27MAY2022|SBLTFC|36|Samba Bank Ltd.|0|0|0|100|0|100|||
27MAY2022|FFC-MAYB|40|FFC-MAYB|115.20|115.20|115.20|115.20|4000|113.09|||
27MAY2022|HUBC-MAY|40|HUBC-MAY|64.50|65.83|63.50|63.90|139500|63.40|||
27MAY2022|PSO-MAY|40|PSO-MAY|163.95|168.10|160|161.11|784000|160.66|||
27MAY2022|SNGP-MAY|40|SNGP-MAY|26.65|28.16|24.28|27.63|958000|26.20|||
27MAY2022|NML-MAY|40|NML-MAY|75|76|72.60|74.34|198500|73.10|||
27MAY2022|PTC-MAY|40|PTC-MAY|8.15|8.15|7.70|7.80|129000|8.10|||
27MAY2022|FFBL-MAY|40|FFBL-MAY|21.65|22.40|21.55|22.12|196500|21.55|||
27MAY2022|LOTCHEM-MAY|40|LOTCHEM-MAY|26.39|27.75|26.23|26.77|2479000|25.84|||
27MAY2022|HUBC-JUN|40|HUBC-JUN|65.40|66.10|64.26|64.29|274000|63.61|||
27MAY2022|PSO-JUN|40|PSO-JUN|165.70|170|162|164.09|1236500|162.46|||
27MAY2022|SNGP-JUN|40|SNGP-JUN|26.70|28.40|26.50|27.81|1930000|26.42|||
27MAY2022|NML-JUN|40|NML-JUN|75.80|76.50|75.01|75.18|148000|73.94|||
27MAY2022|PTC-JUN|40|PTC-JUN|8.40|8.40|7.81|7.85|140500|8.23|||
27MAY2022|FFBL-JUN|40|FFBL-JUN|21.90|22.75|21.65|22.21|241500|21.92|||
27MAY2022|LOTCHEM-JUN|40|LOTCHEM-JUN|26.20|26.99|26.09|26.48|2840000|25.71|||
27MAY2022|HUBC-JUL|40|HUBC-JUL|0|0|0|65.80|0|65.28|||
27MAY2022|PSO-JUL|40|PSO-JUL|0|0|0|166.28|0|165.34|||
27MAY2022|SNGP-JUL|40|SNGP-JUL|0|0|0|28.37|0|26.84|||
27MAY2022|MCB-JUL|40|MCB-JUL|0|0|0|139.26|0|139|||
27MAY2022|NML-JUL|40|NML-JUL|0|0|0|76.65|0|75.50|||
27MAY2022|PTC-JUL|40|PTC-JUL|0|0|0|7.95|0|8.41|||
27MAY2022|ENGRO-JUL|40|ENGRO-JUL|0|0|0|272.96|0|274.50|||
27MAY2022|FFC-JUL|40|FFC-JUL|0|0|0|118.09|0|116.32|||
27MAY2022|FFBL-JUL|40|FFBL-JUL|0|0|0|22.57|0|22.17|||
27MAY2022|LOTCHEM-JUL|40|LOTCHEM-JUL|0|0|0|27.89|0|26.55|||
27MAY2022|OGDC-JUL|40|OGDC-JUL|0|0|0|79.27|0|77.42|||
27MAY2022|DGKC-JUL|40|DGKC-JUL|0|0|0|62.49|0|61.67|||
27MAY2022|POL-JUL|40|POL-JUL|0|0|0|397.28|0|398.21|||
27MAY2022|NBP-JUL|40|NBP-JUL|0|0|0|29.98|0|30.74|||
27MAY2022|MLCF-JUL|40|MLCF-JUL|0|0|0|28.40|0|27.97|||
27MAY2022|LUCK-JUL|40|LUCK-JUL|0|0|0|500.03|0|495.79|||
27MAY2022|SSGC-JUL|40|SSGC-JUL|0|0|0|8.93|0|8.94|||
27MAY2022|PPL-MAY|40|PPL-MAY|67|69.15|66|67.40|976500|66.08|||
27MAY2022|DGKC-MAY|40|DGKC-MAY|60.99|62.35|58.50|60.69|1039500|60.01|||
27MAY2022|POL-MAY|40|POL-MAY|387.40|389|385|386.25|32500|390|||
27MAY2022|MLCF-MAY|40|MLCF-MAY|27.70|28.51|27.50|27.61|896000|27.19|||
27MAY2022|LUCK-MAY|40|LUCK-MAY|493.93|503.89|483|484.94|68500|482.03|||
27MAY2022|SSGC-MAY|40|SSGC-MAY|8.80|9.25|8.57|8.65|304000|8.50|||
27MAY2022|BOP-MAY|40|BOP-MAY|5.98|6|5.80|5.88|1989500|5.89|||
27MAY2022|FABL-MAY|40|FABL-MAY|23.05|23.05|23.05|23.05|5000|23|||
27MAY2022|TELE-MAY|40|TELE-MAY|12.15|12.41|11.50|11.82|6754500|11.70|||
27MAY2022|WTL-MAY|40|WTL-MAY|1.60|1.70|1.52|1.55|2374000|1.60|||
27MAY2022|PPL-JUN|40|PPL-JUN|68|69.99|66.99|67.82|2168500|66.89|||
27MAY2022|DGKC-JUN|40|DGKC-JUN|61|63|61|61.35|1188500|60.71|||
27MAY2022|POL-JUN|40|POL-JUN|393|393.50|391|392.16|40500|396|||
27MAY2022|NBP-JUN|40|NBP-JUN|29.50|29.50|29.50|29.50|10000|30.25|||
27MAY2022|MLCF-JUN|40|MLCF-JUN|27.74|28.85|27.74|27.99|2747500|27.44|||
27MAY2022|LUCK-JUN|40|LUCK-JUN|492.99|507|489|491.21|171500|486.42|||
27MAY2022|SSGC-JUN|40|SSGC-JUN|8.95|9.35|8.91|9.20|414000|8.52|||
27MAY2022|BOP-JUN|40|BOP-JUN|5.98|6.07|5.95|6.01|1923000|5.89|||
27MAY2022|FABL-JUN|40|FABL-JUN|23.90|23.90|23.40|23.40|1000|23.28|||
27MAY2022|TELE-JUN|40|TELE-JUN|12.13|12.57|11.70|11.87|18266000|11.79|||
27MAY2022|WTL-JUN|40|WTL-JUN|1.63|1.77|1.51|1.58|4300000|1.62|||
27MAY2022|PPL-JUL|40|PPL-JUL|0|0|0|68.64|0|67.98|||
27MAY2022|BOP-JUL|40|BOP-JUL|0|0|0|6.08|0|6.01|||
27MAY2022|FABL-JUL|40|FABL-JUL|0|0|0|24.13|0|23.94|||
27MAY2022|TELE-JUL|40|TELE-JUL|0|0|0|12.06|0|12.05|||
27MAY2022|WTL-JUL|40|WTL-JUL|0|0|0|1.62|0|1.65|||
27MAY2022|KAPCO-MAY|40|KAPCO-MAY|27.55|28|27.44|27.56|949500|27.45|||
27MAY2022|PIAA-MAY|40|PIAA-MAY|0|0|0|3.50|0|3.50|||
27MAY2022|BAFL-MAY|40|BAFL-MAY|34.60|34.60|34.60|34.60|1000|34|||
27MAY2022|PIOC-MAY|40|PIOC-MAY|63|66.99|60|60.98|553500|62.53|||
27MAY2022|PIOC-JUN|40|PIOC-JUN|64|65.02|60.70|61.83|1061000|62.73|||
27MAY2022|BAFL-JUN|40|BAFL-JUN|0|0|0|34.56|0|34.43|||
27MAY2022|PIAA-JUN|40|PIAA-JUN|0|0|0|3.55|0|3.55|||
27MAY2022|KAPCO-JUN|40|KAPCO-JUN|27.87|29.50|27.60|27.96|954000|27.50|||
27MAY2022|BAFL-JUL|40|BAFL-JUL|0|0|0|35.12|0|35.23|||
27MAY2022|PIAA-JUL|40|PIAA-JUL|0|0|0|3.60|0|3.60|||
27MAY2022|PIOC-JUL|40|PIOC-JUL|0|0|0|62.89|0|64.04|||
27MAY2022|KAPCO-JUL|40|KAPCO-JUL|0|0|0|28.31|0|28.05|||
27MAY2022|ATRL-MAY|40|ATRL-MAY|169.50|175.30|161.52|162.97|886000|163.75|||
27MAY2022|ANL-MAY|40|ANL-MAY|11.65|11.94|11.10|11.19|646000|11.54|||
27MAY2022|FCCL-MAY|40|FCCL-MAY|15.25|15.68|15.25|15.55|1470000|15.10|||
27MAY2022|NETSOL-MAY|40|NETSOL-MAY|96.15|98.69|91.65|94.07|590500|93.86|||
27MAY2022|NRL-MAY|40|NRL-MAY|249.75|259|240|242.82|220500|243.59|||
27MAY2022|PACE-MAY|40|PACE-MAY|3.20|3.20|3.01|3.07|11500|3.09|||
27MAY2022|ATRL-JUN|40|ATRL-JUN|168|173.89|163.11|164.75|3881000|163.42|||
27MAY2022|ANL-JUN|40|ANL-JUN|11.67|12.19|11.20|11.34|1611500|11.68|||
27MAY2022|PACE-JUN|40|PACE-JUN|3.20|3.20|3.15|3.16|50000|3.10|||
27MAY2022|FCCL-JUN|40|FCCL-JUN|15.30|15.89|15.30|15.63|1682000|15.22|||
27MAY2022|NETSOL-JUN|40|NETSOL-JUN|96|99.60|92.51|95.32|1653000|94.17|||
27MAY2022|NRL-JUN|40|NRL-JUN|249.50|260.59|242.02|245.62|951000|245.76|||
27MAY2022|ABL-JUL|40|ABL-JUL|0|0|0|73.02|0|72.83|||
27MAY2022|ATRL-JUL|40|ATRL-JUL|0|0|0|168.32|0|168.72|||
27MAY2022|ANL-JUL|40|ANL-JUL|0|0|0|11.59|0|11.89|||
27MAY2022|PACE-JUL|40|PACE-JUL|0|0|0|3.19|0|3.20|||
27MAY2022|FCCL-JUL|40|FCCL-JUL|0|0|0|15.93|0|15.48|||
27MAY2022|NETSOL-JUL|40|NETSOL-JUL|0|0|0|96.81|0|96.39|||
27MAY2022|UBL-JUL|40|UBL-JUL|0|0|0|133.42|0|132.17|||
27MAY2022|NRL-JUL|40|NRL-JUL|0|0|0|249.67|0|250.71|||
27MAY2022|HBL-JUL|40|HBL-JUL|0|0|0|106.74|0|106.48|||
27MAY2022|BAHL-MAY|40|BAHL-MAY|0|0|0|66.03|0|65|||
27MAY2022|UBL-MAYB|40|UBL-MAYB|0|0|0|129.64|0|127.18|||
27MAY2022|BAHL-JUN|40|BAHL-JUN|0|0|0|66.89|0|66.84|||
27MAY2022|BAHL-JUL|40|BAHL-JUL|0|0|0|67.96|0|67.41|||
27MAY2022|FATIMA-JUL|40|FATIMA-JUL|0|0|0|37.75|0|37.60|||
27MAY2022|CHCC-MAY|40|CHCC-MAY|111.01|113.49|111.01|112|2000|110|||
27MAY2022|NCL-MAY|40|NCL-MAY|47.30|49|47.30|47.50|1982500|46.81|||
27MAY2022|CHCC-JUN|40|CHCC-JUN|111.01|115|110.50|111.41|46500|109|||
27MAY2022|NCL-JUN|40|NCL-JUN|48|49|47.75|48|2300000|47.48|||
27MAY2022|CHCC-JUL|40|CHCC-JUL|0|0|0|113.76|0|112.49|||
27MAY2022|FCEPL-JUL|40|FCEPL-JUL|0|0|0|75.62|0|76.81|||
27MAY2022|NCL-JUL|40|NCL-JUL|0|0|0|49.03|0|48.28|||
27MAY2022|GATM-MAY|40|GATM-MAY|39.70|40|38.52|39.40|1179000|38.90|||
27MAY2022|KEL-MAY|40|KEL-MAY|2.65|2.72|2.63|2.69|410000|2.58|||
27MAY2022|PAEL-MAY|40|PAEL-MAY|16.80|17.56|16.49|16.68|5542500|16.34|||
27MAY2022|SEARL-MAY|40|SEARL-MAY|103|108.49|102.99|104.36|205000|102.22|||
27MAY2022|ENGRO-MAYB|40|ENGRO-MAYB|269.75|269.75|269.75|269.75|4000|264|||
27MAY2022|GATM-JUN|40|GATM-JUN|40.50|40.50|39.12|39.64|2067000|39.33|||
27MAY2022|KEL-JUN|40|KEL-JUN|2.68|2.75|2.68|2.70|4305500|2.58|||
27MAY2022|PAEL-JUN|40|PAEL-JUN|16.90|17.74|16.70|16.94|10144500|16.51|||
27MAY2022|SEARL-JUN|40|SEARL-JUN|104.15|109.50|104.10|105.59|296000|103.29|||
27MAY2022|EFERT-JUL|40|EFERT-JUL|0|0|0|89.63|0|88.44|||
27MAY2022|GATM-JUL|40|GATM-JUL|0|0|0|40.33|0|40.05|||
27MAY2022|KEL-JUL|40|KEL-JUL|0|0|0|2.76|0|2.66|||
27MAY2022|PAEL-JUL|40|PAEL-JUL|0|0|0|17.20|0|16.82|||
27MAY2022|SEARL-JUL|40|SEARL-JUL|0|0|0|107.46|0|105.04|||
27MAY2022|DCL-MAY|40|DCL-MAY|5.70|6.10|5.70|5.87|226000|5.65|||
27MAY2022|ISL-MAY|40|ISL-MAY|61.80|63|61.16|61.33|117000|61.32|||
27MAY2022|POWER-MAY|40|POWER-MAY|5.35|5.55|5.33|5.34|880500|5.28|||
27MAY2022|TPL-MAY|40|TPL-MAY|10.29|10.99|9.80|10|1281000|9.99|||
27MAY2022|TRG-MAY|40|TRG-MAY|84|85.47|81|81.25|3989500|81.75|||
27MAY2022|DCL-JUN|40|DCL-JUN|5.99|6|5.79|5.79|11000|5.62|||
27MAY2022|ISL-JUN|40|ISL-JUN|63.40|63.63|62|62.20|137000|62.07|||
27MAY2022|POWER-JUN|40|POWER-JUN|5.50|5.65|5.26|5.52|738000|5.30|||
27MAY2022|TPL-JUN|40|TPL-JUN|10.05|10.90|9.85|10.15|3171500|10.02|||
27MAY2022|TRG-JUN|40|TRG-JUN|84|86.15|81.80|82.12|8740000|82.64|||
27MAY2022|DCL-JUL|40|DCL-JUL|0|0|0|5.95|0|5.72|||
27MAY2022|ISL-JUL|40|ISL-JUL|0|0|0|63.23|0|63.20|||
27MAY2022|POWER-JUL|40|POWER-JUL|0|0|0|5.55|0|5.50|||
27MAY2022|TPL-JUL|40|TPL-JUL|0|0|0|10.27|0|10.25|||
27MAY2022|TRG-JUL|40|TRG-JUL|89.19|89.19|89.19|89.19|500|84.10|||
27MAY2022|HUMNL-JUL|40|HUMNL-JUL|0|0|0|7.22|0|6.87|||
27MAY2022|TREET-MAY|40|TREET-MAY|30.60|31.65|29.01|29.73|4591500|30.16|||
27MAY2022|TREET-JUN|40|TREET-JUN|30.88|32.12|29.72|30.10|5373000|30.57|||
27MAY2022|TREET-JUL|40|TREET-JUL|0|0|0|30.84|0|31.21|||
27MAY2022|LOADS-MAY|40|LOADS-MAY|10.70|10.90|10.70|10.76|285000|10.35|||
27MAY2022|MUGHAL-MAY|40|MUGHAL-MAY|65.10|65.50|62.21|63.02|73000|63.36|||
27MAY2022|PRL-MAY|40|PRL-MAY|18.45|19.16|17.55|18.09|3410500|17.83|||
27MAY2022|ASL-MAY|40|ASL-MAY|11.80|12.21|11.80|12.11|218000|11.70|||
27MAY2022|HMB-MAY|40|HMB-MAY|0|0|0|43|0|42.26|||
27MAY2022|INIL-MAY|40|INIL-MAY|105|107.50|102.10|105.44|63500|105.20|||
27MAY2022|PIBTL-MAY|40|PIBTL-MAY|6.20|6.39|6|6.05|1299000|6.18|||
27MAY2022|MCB-MAYB|40|MCB-MAYB|136|136|130.51|130.51|1000|135.06|||
27MAY2022|LOADS-JUN|40|LOADS-JUN|10.90|10.90|10.51|10.88|219000|10.51|||
27MAY2022|MUGHAL-JUN|40|MUGHAL-JUN|65|66.25|64.02|64.55|141500|64.06|||
27MAY2022|PRL-JUN|40|PRL-JUN|18.60|19.32|17.64|18.04|20176000|17.98|||
27MAY2022|ASL-JUN|40|ASL-JUN|12.20|12.30|12|12.18|254500|11.85|||
27MAY2022|HMB-JUN|40|HMB-JUN|0|0|0|43.56|0|42.81|||
27MAY2022|INIL-JUN|40|INIL-JUN|106.99|109.49|104.01|104.18|153500|106.32|||
27MAY2022|PIBTL-JUN|40|PIBTL-JUN|6.20|6.39|6.06|6.12|2162500|6.22|||
27MAY2022|LOADS-JUL|40|LOADS-JUL|0|0|0|11.05|0|10.71|||
27MAY2022|MUGHAL-JUL|40|MUGHAL-JUL|0|0|0|64.90|0|65.55|||
27MAY2022|PRL-JUL|40|PRL-JUL|0|0|0|18.31|0|18.41|||
27MAY2022|ASL-JUL|40|ASL-JUL|0|0|0|12.43|0|12.09|||
27MAY2022|EPCL-JUL|40|EPCL-JUL|85.50|85.50|84.90|85.20|1000|85.99|||
27MAY2022|HMB-JUL|40|HMB-JUL|0|0|0|44.26|0|43.49|||
27MAY2022|INIL-JUL|40|INIL-JUL|0|0|0|106.16|0|107.76|||
27MAY2022|PIBTL-JUL|40|PIBTL-JUL|0|0|0|6.22|0|6.34|||
27MAY2022|ASTL-MAY|40|ASTL-MAY|26.90|27.98|25.94|27.05|67500|26.69|||
27MAY2022|FFL-MAY|40|FFL-MAY|7.01|7.28|6.80|6.85|1719500|6.98|||
27MAY2022|UNITY-MAY|40|UNITY-MAY|23.67|24.29|22.50|22.80|5135500|23.27|||
27MAY2022|MEBL-MAYB|40|MEBL-MAYB|130|130.10|130|130.08|3000|130.08|||
27MAY2022|ASTL-JUN|40|ASTL-JUN|29.20|29.20|27.25|27.29|98500|27.23|||
27MAY2022|FFL-JUN|40|FFL-JUN|7.20|7.40|6.90|7|2126000|7.08|||
27MAY2022|UNITY-JUN|40|UNITY-JUN|24.50|24.50|22.65|23.03|7531500|23.52|||
27MAY2022|MEBL-JUL|40|MEBL-JUL|0|0|0|133.41|0|133.88|||
27MAY2022|ASTL-JUL|40|ASTL-JUL|0|0|0|27.76|0|27.65|||
27MAY2022|DCR-JUL|40|DCR-JUL|0|0|0|14.92|0|14.78|||
27MAY2022|FFL-JUL|40|FFL-JUL|0|0|0|7.11|0|7.20|||
27MAY2022|UNITY-JUL|40|UNITY-JUL|24.25|24.25|23.95|24.25|59000|23.95|||
27MAY2022|GHNI-JUL|40|GHNI-JUL|0|0|0|155.69|0|155.53|||
27MAY2022|PSMC-JUL|40|PSMC-JUL|0|0|0|191.64|0|189.21|||
27MAY2022|WAVES-JUL|40|WAVES-JUL|0|0|0|13.94|0|13.85|||
27MAY2022|FCEPL-MAY|40|FCEPL-MAY|0|0|0|73.48|0|68|||
27MAY2022|GHNI-MAY|40|GHNI-MAY|152|157.80|151.01|151.78|111000|150.61|||
27MAY2022|KOHC-MAY|40|KOHC-MAY|0|0|0|141.12|0|139.72|||
27MAY2022|AVN-MAYB|40|AVN-MAYB|82|84|80|80.44|1413500|78.69|||
27MAY2022|FCEPL-JUN|40|FCEPL-JUN|0|0|0|74.43|0|75.60|||
27MAY2022|GHNI-JUN|40|GHNI-JUN|154|160|152.50|153.24|320500|151.93|||
27MAY2022|KOHC-JUN|40|KOHC-JUN|0|0|0|142.95|0|141.54|||
27MAY2022|AVN-JUL|40|AVN-JUL|0|0|0|82.68|0|80.62|||
27MAY2022|KOHC-JUL|40|KOHC-JUL|0|0|0|145.24|0|143.80|||
27MAY2022|TGL-MAY|40|TGL-MAY|118|118|112.12|113.57|22000|115|||
27MAY2022|BIPL-MAY|40|BIPL-MAY|0|0|0|12.43|0|11.95|||
27MAY2022|GGL-MAY|40|GGL-MAY|17.01|18.24|16.80|17.03|4753000|16.97|||
27MAY2022|ASC-MAY|40|ASC-MAY|9.26|10.38|9.20|9.99|253000|10|||
27MAY2022|WAVES-MAY|40|WAVES-MAY|13.70|14.33|13.38|13.60|865000|13.44|||
27MAY2022|TGL-JUN|40|TGL-JUN|117.40|120|114.65|115.19|85000|116.20|||
27MAY2022|BIPL-JUN|40|BIPL-JUN|0|0|0|12.59|0|11.99|||
27MAY2022|GGL-JUN|40|GGL-JUN|17.90|18.42|16.90|17.15|10873000|17.14|||
27MAY2022|PSMC-JUN|40|PSMC-JUN|186|188|186|186.01|21000|183.39|||
27MAY2022|ASC-JUN|40|ASC-JUN|9.85|10.55|9.75|10.01|345500|10.03|||
27MAY2022|WAVES-JUN|40|WAVES-JUN|13.75|14.50|13.70|13.78|1947500|13.59|||
27MAY2022|TGL-JUL|40|TGL-JUL|0|0|0|117.82|0|118.51|||
27MAY2022|BIPL-JUL|40|BIPL-JUL|0|0|0|12.79|0|12.29|||
27MAY2022|GGL-JUL|40|GGL-JUL|0|0|0|17.51|0|17.45|||
27MAY2022|ASC-JUL|40|ASC-JUL|0|0|0|10.16|0|10.15|||
27MAY2022|AGHA-MAY|40|AGHA-MAY|16.01|16.20|15.60|15.66|27000|15.75|||
27MAY2022|CNERGY-MAY|40|CNERGY-MAY|5.70|6.20|5.66|5.74|8248500|5.60|||
27MAY2022|GGGL-MAY|40|GGGL-MAY|12.50|13|11.55|12.26|574000|12.33|||
27MAY2022|FEROZ-MAY|40|FEROZ-MAY|0|0|0|251.90|0|253.46|||
27MAY2022|FLYNG-MAY|40|FLYNG-MAY|8.20|8.50|8|8.09|1423500|8.03|||
27MAY2022|KOSM-MAY|40|KOSM-MAY|3.19|3.20|3.19|3.20|44000|3.05|||
27MAY2022|MZNPETF-MAY|40|MZNPETF-MAY|0|0|0|7.87|0|7.78|||
27MAY2022|NBPGETF-MAY|40|NBPGETF-MAY|0|0|0|9.61|0|9.61|||
27MAY2022|NITGETF-MAY|40|NITGETF-MAY|0|0|0|10.61|0|10.61|||
27MAY2022|SHEL-MAY|40|SHEL-MAY|110|115|110|113|6500|108.96|||
27MAY2022|SILK-MAY|40|SILK-MAY|0|0|0|1.30|0|1.43|||
27MAY2022|SMBL-MAY|40|SMBL-MAY|0|0|0|2.48|0|2.53|||
27MAY2022|THALL-MAY|40|THALL-MAY|0|0|0|328.70|0|325.19|||
27MAY2022|UBLPETF-MAY|40|UBLPETF-MAY|0|0|0|11.68|0|11.16|||
27MAY2022|YOUW-MAY|40|YOUW-MAY|5.22|5.48|4.82|5.02|143000|5.10|||
27MAY2022|GHGL-MAYB|40|GHGL-MAYB|0|0|0|43.01|0|42.77|||
27MAY2022|TPLP-MAYB|40|TPLP-MAYB|18.50|18.93|18.24|18.58|4091000|17.61|||
27MAY2022|NBP-MAYB|40|NBP-MAYB|0|29.86|29.86|29.86|5000|29.86|||
27MAY2022|SYS-MAYB|40|SYS-MAYB|344|350|326|326.54|27000|326.49|||
27MAY2022|AGHA-JUN|40|AGHA-JUN|16.30|16.55|15.50|16.17|56000|15.80|||
27MAY2022|CNERGY-JUN|40|CNERGY-JUN|5.75|6.29|5.65|5.80|23568500|5.64|||
27MAY2022|FEROZ-JUN|40|FEROZ-JUN|0|0|0|255.17|0|256.74|||
27MAY2022|FLYNG-JUN|40|FLYNG-JUN|8.30|8.60|8.13|8.27|1697000|8.08|||
27MAY2022|GGGL-JUN|40|GGGL-JUN|12.60|13.15|12.10|12.34|1773500|12.49|||
27MAY2022|GHGL-JUN|40|GHGL-JUN|0|0|0|43.57|0|43.32|||
27MAY2022|KOSM-JUN|40|KOSM-JUN|0|0|0|3.14|0|3.15|||
27MAY2022|MZNPETF-JUN|40|MZNPETF-JUN|0|0|0|7.97|0|7.88|||
27MAY2022|NBPGETF-JUN|40|NBPGETF-JUN|0|0|0|9.73|0|9.74|||
27MAY2022|NITGETF-JUN|40|NITGETF-JUN|0|0|0|10.75|0|10.75|||
27MAY2022|SHEL-JUN|40|SHEL-JUN|115.02|115.02|115.02|115.02|8000|107|||
27MAY2022|SILK-JUN|40|SILK-JUN|1.44|1.47|1.30|1.31|942000|1.40|||
27MAY2022|SMBL-JUN|40|SMBL-JUN|0|0|0|2.51|0|2.56|||
27MAY2022|SYS-JUN|40|SYS-JUN|340.01|350.60|326.14|332.28|176500|326.14|||
27MAY2022|THALL-JUN|40|THALL-JUN|0|0|0|332.96|0|329.41|||
27MAY2022|TPLP-JUN|40|TPLP-JUN|18.60|19.22|18.40|18.78|7883500|17.88|||
27MAY2022|UBLPETF-JUN|40|UBLPETF-JUN|0|0|0|11.83|0|11.30|||
27MAY2022|YOUW-JUN|40|YOUW-JUN|5.35|5.45|5.01|5.01|20000|5.18|||
27MAY2022|PSMC-MAYB|40|PSMC-MAYB|184|188.20|179|185.51|11500|181.50|||
27MAY2022|AGP-MAYB|40|AGP-MAYB|0|0|0|82.54|0|81.24|||
27MAY2022|AGP-JUNB|40|AGP-JUNB|0|0|0|83.61|0|82.29|||
27MAY2022|FATIMA-MAYB|40|FATIMA-MAYB|0|0|0|36.68|0|36.54|||
27MAY2022|AVN-JUNB|40|AVN-JUNB|81|84.65|80.55|81.30|1806000|79.22|||
27MAY2022|FATIMA-JUNB|40|FATIMA-JUNB|0|0|0|37.16|0|37.01|||
27MAY2022|AGHA-JUL|40|AGHA-JUL|0|0|0|16.18|0|16.21|||
27MAY2022|AGP-JUL|40|AGP-JUL|0|0|0|84.95|0|83.61|||
27MAY2022|CNERGY-JUL|40|CNERGY-JUL|0|0|0|5.90|0|5.76|||
27MAY2022|FEROZ-JUL|40|FEROZ-JUL|0|0|0|259.25|0|260.85|||
27MAY2022|FLYNG-JUL|40|FLYNG-JUL|0|0|0|8.37|0|8.25|||
27MAY2022|GGGL-JUL|40|GGGL-JUL|0|0|0|12.59|0|12.72|||
27MAY2022|GHGL-JUL|40|GHGL-JUL|0|0|0|44.27|0|44.02|||
27MAY2022|KOSM-JUL|40|KOSM-JUL|0|0|0|3.19|0|3.15|||
27MAY2022|MTL-JUL|40|MTL-JUL|0|0|0|870.78|0|853.73|||
27MAY2022|MZNPETF-JUL|40|MZNPETF-JUL|0|0|0|8.10|0|8.01|||
27MAY2022|NBPGETF-JUL|40|NBPGETF-JUL|0|0|0|9.89|0|9.89|||
27MAY2022|NITGETF-JUL|40|NITGETF-JUL|0|0|0|10.92|0|10.92|||
27MAY2022|SHEL-JUL|40|SHEL-JUL|0|0|0|117.46|0|112.59|||
27MAY2022|SILK-JUL|40|SILK-JUL|0|0|0|1.34|0|1.47|||
27MAY2022|SMBL-JUL|40|SMBL-JUL|0|0|0|2.55|0|2.61|||
27MAY2022|SYS-JUL|40|SYS-JUL|0|0|0|338.52|0|333.81|||
27MAY2022|THALL-JUL|40|THALL-JUL|0|0|0|338.29|0|334.68|||
27MAY2022|TPLP-JUL|40|TPLP-JUL|0|0|0|19.16|0|17.70|||
27MAY2022|UBLPETF-JUL|40|UBLPETF-JUL|0|0|0|12.02|0|11.48|||
27MAY2022|YOUW-JUL|40|YOUW-JUL|0|0|0|5.16|0|5.26|||
27MAY2022|AGL-JUL|40|AGL-JUL|0|0|0|5.31|0|5.34|||
27MAY2022|AIRLINK-JUL|40|AIRLINK-JUL|0|0|0|43.03|0|42.26|||
27MAY2022|PABC-JUL|40|PABC-JUL|0|0|0|32.42|0|31.92|||
27MAY2022|CPHL-JUL|40|CPHL-JUL|0|0|0|31.99|0|31.98|||
27MAY2022|AGL-MAY|40|AGL-MAY|0|0|0|5.16|0|5.19|||
27MAY2022|AIRLINK-MAY|40|AIRLINK-MAY|0|0|0|41.81|0|41.06|||
27MAY2022|PABC-MAY|40|PABC-MAY|0|0|0|31.50|0|31.01|||
27MAY2022|CPHL-MAY|40|CPHL-MAY|0|0|0|31.08|0|31.07|||
27MAY2022|AGL-JUN|40|AGL-JUN|0|0|0|5.23|0|5.16|||
27MAY2022|AIRLINK-JUN|40|AIRLINK-JUN|0|0|0|42.35|0|41.59|||
27MAY2022|PABC-JUN|40|PABC-JUN|0|0|0|31.91|0|31.42|||
27MAY2022|CPHL-JUN|40|CPHL-JUN|0|0|0|31.48|0|31.48|||
27MAY2022|DCR-MAYB|40|DCR-MAYB|0|0|0|14.50|0|14.36|||
27MAY2022|DCR-JUNB|40|DCR-JUNB|0|0|0|14.69|0|14.54|||
27MAY2022|EPCL-MAYB|40|EPCL-MAYB|85|87.19|84.50|85.75|542000|83.44|||
27MAY2022|EPCL-JUNB|40|EPCL-JUNB|85|85.90|83|84.30|1249000|83.87|||
27MAY2022|EFERT-MAYB|40|EFERT-MAYB|88|88.10|86.13|87|14500|85.99|||
27MAY2022|EFERT-JUNB|40|EFERT-JUNB|87.01|89|87.01|88.07|90000|86.78|||
27MAY2022|ABL-MAYB|40|ABL-MAYB|0|0|0|70.95|0|70.76|||
27MAY2022|ABL-JUNB|40|ABL-JUNB|0|0|0|71.87|0|71.68|||
27MAY2022|UBL-JUNB|40|UBL-JUNB|131.30|131.50|130.50|131.25|6500|128.76|||
27MAY2022|ENGRO-JUNB|40|ENGRO-JUNB|272.90|272.90|270|270|8500|268|||
27MAY2022|HBL-MAYB|40|HBL-MAYB|103.75|105.50|103.50|103.50|38000|103.50|||
27MAY2022|HBL-JUNB|40|HBL-JUNB|107.25|107.25|105|105|52000|104.50|||
27MAY2022|HUMNL-MAYB|40|HUMNL-MAYB|6.79|7.65|6.79|7.03|4865500|6.65|||
27MAY2022|HUMNL-JUNB|40|HUMNL-JUNB|6.90|7.38|6.90|7.09|8623000|6.74|||
27MAY2022|MEBL-JUNB|40|MEBL-JUNB|131.90|131.90|130.60|130.78|7000|131.77|||
27MAY2022|MCB-JUNB|40|MCB-JUNB|137.40|137.50|137.40|137.48|10000|136|||
27MAY2022|FFC-JUNB|40|FFC-JUNB|115.98|116|113.51|115|105500|113.51|||
27MAY2022|OGDC-MAYB|40|OGDC-MAYB|76.40|79.21|76.25|77|569500|75.23|||
27MAY2022|OGDC-JUNB|40|OGDC-JUNB|77.50|79.15|77.50|77.90|1711500|76.12|||
27MAY2022|MTL-MAYB|40|MTL-MAYB|0|0|0|846.09|0|757.60|||
27MAY2022|MTL-JUNB|40|MTL-JUNB|0|0|0|857.07|0|840.29|||
27MAY2022|DCR|0836|Dolmen City|14.50|14.59|14.32|14.50|31500|14.35|||
27MAY2022|UBLPETF|0837|UBLPakistanETF|11.68|11.68|11.68|11.68|1500|11.15|||
27MAY2022|MZNPETF|0837|Meezan PakistanXD|8|8.08|7.85|7.87|125000|7.78|||
27MAY2022|JSMFETF|0837|JS Momentum|9.34|9.34|9.34|9.34|5000|8.70|||
27MAY2022|ACIETF|0837|Alfalah Consumer|8.79|8.79|8.79|8.79|11000|9.50|||
