0801|AUTOMOBILE ASSEMBLER|317883492894|2504978|415105875.32|47086.32|47564.784231|478.464231|4.453206|2.865226|
0802|AUTOMOBILE PARTS & ACCESSORIES|51111014666|1257600|36411882|31087.67|31299.55772|211.88772|.718389|1.254636|
0803|CABLE & ELECTRICAL GOODS|30112097708|26128150|426932697|14986.53|15110.906582|124.376582|.422617|12.97312|
0804|CEMENT|439604650442|33450759|1150400862.26|40224.09|40671.037791|446.947791|6.152602|79.49816|
0805|CHEMICAL|418663470022|41329628|987141298.45|32047.85|32383.649796|335.799796|5.863187|18.340278|
0806|CLOSE - END MUTUAL FUND|2230417500|279500|976800|1594.26|1519.340882|-74.919117|.033119|.822462|
0807|COMMERCIAL BANKS|1268046444604|35214419|1374899716.9|11062.87|11114.205028|51.335028|17.861592|38.107898|
0808|ENGINEERING|105004057518|11099700|294710304.63|33349.76|33298.541777|-51.218222|1.488227|25.270922|
0809|FERTILIZER|536133200820|4162151|370371175.9|17139.76|17282.439091|142.679091|7.524333|4.190863|
0810|FOOD & PERSONAL CARE PRODUCTS|713235968676|35575762|709899874.06|50232.5|50532.602153|300.102153|10.033258|36.467753|
0811|GLASS & CERAMICS|67516375500|9839198|171892255.19|2058077.31|2084486.6136|26409.3036|.953283|4.581511|
0812|INSURANCE|137441335541|8780200|84318991|18672.67|18790.62474|117.95474|1.932761|3.40085|
0813|INV. BANKS / INV. COS. / SECURITIES COS.|114443519759|6956100|44499960|15075.25|15224.159172|148.909172|1.603681|10.915412|
0814|JUTE|214376601|0|0|21152.54|21152.544943|.004943|.003033|.005401|
0815|LEASING COMPANIES|501103143|6000|20600|73.68|77.904805|4.224805|.006706|.355689|
0816|LEATHER & TANNERIES|40617317150|251980|13092930|14114.65|14054.626172|-60.023827|.577241|.061447|
0818|MISCELLANEOUS|104364762005|12247381|219393235.66|24113.79|24398.158431|284.368431|1.45968|9.912526|
0819|MODARABAS|21264651493|173000|1155315|4926.41|5095.459759|169.049759|.290938|4.32941|
0820|OIL & GAS EXPLORATION COMPANIES|839913240164|9594404|831208621.94|8633.27|8741.231821|107.961821|11.739043|1.786145|
0821|OIL & GAS MARKETING COMPANIES|167160953516|17760305|840435811.5|7699.87|7814.771585|114.901585|2.33076|8.559584|
0822|PAPER & BOARD|65294700409|239050|21130612|15610.69|15810.180824|199.490824|.912344|12.681906|
0823|PHARMACEUTICALS|242078071490|2017600|175977101.84|31297.61|31577.89071|280.28071|3.395307|.4844|
0824|POWER GENERATION & DISTRIBUTION|232489553541|20964913|235743396.09|18974.62|19327.872804|353.252804|3.229892|4.128319|
0825|REFINERY|78584114843|125910649|2633334595.53|9440|9510.735317|70.735317|1.103794|28.551715|
0826|SUGAR & ALLIED INDUSTRIES|67190041062|855100|21484703|98556.07|98782.797993|226.727993|.948642|3.11062|
0827|SYNTHETIC & RAYON|79370506966|971750|15991587|52729.95|52630.247602|-99.702397|1.125321|3.90937|
0828|TECHNOLOGY & COMMUNICATION|246070290689|95715728|2501510300.77|46468.08|46639.956938|171.876938|3.469376|23.930692|
0829|TEXTILE COMPOSITE|287049852214|9616383|304847961.49|42316.23|43078.907068|762.677068|3.990205|4.993083|
0830|TEXTILE SPINNING|67743334410|4114750|18611904|17812.86|17971.548785|158.688785|.950189|4.885115|
0831|TEXTILE WEAVING|3465780986|755500|4248410|2243.04|2332.380615|89.340615|.047166|17.299054|
0832|TOBACCO|289459262933|7900|1604849.5|69310.39|68682.157598|-628.232401|4.133685|.00131|
0833|TRANSPORT|55228205573|9716000|65151071|34488.77|34508.53958|19.76958|.781101|13.510712|
0834|VANASPATI & ALLIED INDUSTRIES|1307295381|2200|185002|36573.92|35407.361638|-1166.558361|.019109|36.869534|
0835|WOOLLEN|323212500|0|0|4970.61|4970.609638|-.000361|.004573|.000415|
0836|REAL ESTATE INVESTMENT TRUST|32243650000|31500|457415|22263.41|22496.12856|232.71856|.451568|.075348|
0837|EXCHANGE TRADED FUNDS|6625700|142500|1155670|4054.37|4102.295804|47.925804|.000092|.022161|
36|BONDS|0|1450||0|0|0|0|0|
40|FUTURE CONTRACTS|0|268915500|7795810460|0|0|0|0|0|
41|STOCK INDEX FUTURE CONTRACTS|0|0||0|0|0|0|0|
|TOTAL|7123366948421|796589688|21770113246.03||||100.010038|418.153064|
