30MAY2022|HGFA|0806|HBL Growth Fund|5.50|5.60|5.50|5.60|14000|5.56|||
30MAY2022|HIFA|0806|HBL Invest Fund|2.14|2.20|2.02|2.20|29500|2.14|||
30MAY2022|TSMF|0806|Tri-Star Mutual|6.70|6.70|4.76|6.40|6500|5.75|||
30MAY2022|BRR|0819|B.R.R.Guardian|11.50|11.50|11.50|11.50|500|12.40|||
30MAY2022|FECM|0819|Elite Cap.Mod|3.21|3.21|3.21|3.21|500|3.17|||
30MAY2022|OLPM|0819|OLP Modaraba|15.77|15.77|15.74|15.75|14000|15.76|||
30MAY2022|FIMM|0819|Imrooz Modaraba|0|0|0|134.38|0|125.01|||
30MAY2022|KASBM|0819|KASB Mod|1.99|1.99|1.76|1.76|6500|1.89|||
30MAY2022|MODAM|0819|Mod.Al-Mali|6.47|6.47|6.20|6.20|13000|6.43|||
30MAY2022|PAKMI|0819|Pak Mod.|2.45|2.45|2.40|2.40|1500|2.45|||
30MAY2022|PMI|0819|Prud Mod.1st|1.61|1.70|1.60|1.65|33500|1.61|||
30MAY2022|FPJM|0819|Punjab Mod|1.75|1.81|1.75|1.81|6000|1.92|||
30MAY2022|FTSM|0819|Tri-Star 1st. M|8|8|8|8|5500|9|||
30MAY2022|FUDLM|0819|U.D.L.Modaraba|6.69|7|6.65|6.65|22500|6.60|||
30MAY2022|UCAPM|0819|Unicap Modaraba|1.90|1.90|1.90|1.90|2500|1.90|||
30MAY2022|GRYL|0815|Grays Leasing|3.52|3.52|3.52|3.50|1000|3.50|||
30MAY2022|OLPL|0813|OLP FinancialXD|20.89|20.89|20.13|20.15|9000|20|||
30MAY2022|MCBAH|0813|MCB-ARIF Habib|24.98|24.98|24.98|24.98|500|23.96|||
30MAY2022|AHL|0813|Arif Habib Ltd.|40.01|40.60|40|40.57|23000|41|||
30MAY2022|AHCL|0809|Arif Habib Corp|37|38.48|37|38|3000|38.47|||
30MAY2022|ICIBL|0813|Invest Bank|1.70|1.74|1.47|1.67|74500|1.70|||
30MAY2022|FDIBL|0813|Ist.Dawood Bank|2.20|2.36|2.20|2.21|129500|2.20|||
30MAY2022|JSCL|0813|Jah.Sidd. Co.|13.75|13.75|13.25|13.29|82500|13.55|||
30MAY2022|BIPLS|0813|BIPL Securities|35.99|38.90|35.99|38.34|3000|38.90|||
30MAY2022|NEXT|0813|Next Capital|6.30|6.60|6.30|6.36|6000|6.61|||
30MAY2022|ESBL|0813|Escorts Bank|6.65|7.30|6.65|7.18|1500|7.05|||
30MAY2022|PSX|0813|Pak Stock Exchange|11.25|11.35|11.11|11.20|97000|11.13|||
30MAY2022|FCSC|0813|Ist.Capital Sec|1.67|1.68|1.53|1.65|283500|1.60|||
30MAY2022|EFGH|0813|EFG Hermes Pak|15.50|15.50|15.50|15.50|1000|15.02|||
30MAY2022|FNEL|0813|F. Nat.Equities|6.33|6.42|6.21|6.23|307500|6.32|||
30MAY2022|JSIL|0813|JS Investments|10.51|10.51|10.50|10.50|5000|10.75|||
30MAY2022|DEL|0813|Dawood Equities|5.30|5.30|5|5.28|8500|5.20|||
30MAY2022|PASL|0813|Pervez Ahmed Co|0.90|0.96|0.89|0.89|38500|0.90|||
30MAY2022|SIBL|0813|Sec. Inv. Bank|4.15|5|4.15|5|1000|5.10|||
30MAY2022|ABL|0807|Allied Bank Ltd|71|71.89|71|71.26|12500|70.95|||
30MAY2022|SMBL|0807|Summit Bank|2.48|2.57|2.47|2.50|160000|2.48|||
30MAY2022|AKBL|0807|Askari Bank|18.75|19|18.50|18.98|9000|18.75|||
30MAY2022|BAFL|0807|Bank Al-Falah|34.35|34.50|33.80|33.87|127241|34.12|||
30MAY2022|BIPL|0807|Bankislami Pak.|12.89|12.89|12.16|12.18|9000|12.43|||
30MAY2022|BOK|0807|Bank Of KhyberXB|14.22|14.89|14.22|14.89|5000|14.93|||
30MAY2022|BAHL|0807|Bank AL-Habib|66.80|66.80|65.51|65.69|164636|66.03|||
30MAY2022|BOP|0807|B.O.Punjab|5.91|6|5.91|5.96|748000|5.91|||
30MAY2022|FABL|0807|Faysal Bank|23.23|23.74|23.10|23.28|238000|23.45|||
30MAY2022|HBL|0807|Habib Bank|104|105.38|102.21|103.44|84055|103.71|||
30MAY2022|MEBL|0807|Meezan Bank|130.02|131.25|129.63|130.82|1389175|129.63|||
30MAY2022|NBP|0807|National BankXD|29.49|29.69|29.21|29.51|60000|29.13|||
30MAY2022|HMB|0807|Habib Metropol.|42.90|44.95|42.35|42.85|33500|43|||
30MAY2022|MCB|0807|MCB Bank Ltd|137.50|137.50|134.80|135.63|132666|135.31|||
30MAY2022|JSBL|0807|JS Bank Ltd|4.10|4.24|4.10|4.15|107500|4.15|||
30MAY2022|SBL|0807|Samba Bank|9.50|10.20|9.50|10.20|50000|10.25|||
30MAY2022|SILK|0807|Silk Bank Ltd|1.29|1.35|1.25|1.28|3056000|1.30|||
30MAY2022|SNBL|0807|Soneri Bank Ltd|9.48|9.50|9.35|9.50|79500|9.50|||
30MAY2022|SCBPL|0807|St.Chart.Bank|31.11|31.11|27.50|27.80|5500|28.95|||
30MAY2022|UBL|0807|United Bank|129.55|131.90|129.05|130.66|1346872|129.64|||
30MAY2022|AICL|0812|Adamjee Ins.|31.17|32.40|31.05|32.13|275500|31.17|||
30MAY2022|ALIFE|0812|Adamjee Life As|21.50|22.50|21.20|22.50|93000|22.06|||
30MAY2022|IGIL|0812|IGI Life Ins|31.90|32|29.63|31.30|4500|31.97|||
30MAY2022|AGIC|0812|Ask.Gen.Insur.XD|18.10|18.10|17.90|17.90|4500|18.09|||
30MAY2022|CYAN|0812|Cyan Limited|29.89|29.89|28.70|29.50|7000|29.89|||
30MAY2022|CENI|0812|Century Ins.|18|18.50|18|18.50|2000|18.95|||
30MAY2022|JLICL|0812|Jubile Life Ins|170|170|170|170|600|172.10|||
30MAY2022|CSIL|0812|Cres.Star Ins.|1.81|2|1.81|1.90|47000|1.94|||
30MAY2022|EFUG|0812|EFU General|101|101|101|100.06|100|100.06|||
30MAY2022|EFUL|0812|EFU Life Assr|184.01|184.03|183|183.11|5100|184|||
30MAY2022|IGIHL|0812|IGI Holdings|114.20|120.60|114.20|119.79|1200|120.17|||
30MAY2022|ALAC|0812|Askari Life Ass|6.39|6.39|6|6.05|13500|6.21|||
30MAY2022|ATIL|0812|Atlas Ins. Ltd|52.15|54.50|52.15|54.50|2500|54.99|||
30MAY2022|PKGI|0812|Pak Gen.Ins.|8.05|8.05|7.35|8|15500|8.21|||
30MAY2022|PAKRI|0812|Pak Reinsurance|9.40|9.60|9.10|9.17|1441000|9.43|||
30MAY2022|PINL|0812|Premier Ins.|4.50|5.15|4.41|4.66|2000|5.34|||
30MAY2022|TPLI|0812|TPL Insurance|26.95|26.95|26.92|26.93|6500|29.10|||
30MAY2022|ASTM|0830|Asim Textile|6.60|6.66|6.60|6.65|2500|7|||
30MAY2022|BILF|0830|Bilal Fibres|2.39|2.49|2.25|2.48|28500|2.26|||
30MAY2022|HIRAT|0830|Hira Textile|2.73|2.90|2.73|2.89|13000|2.92|||
30MAY2022|DFSM|0830|Dewan Farooque Sp.|2.28|2.28|2.20|2.20|1500|2.29|||
30MAY2022|DWTM|0830|Dewan Textile|2.90|2.95|2.90|2.93|1000|2.30|||
30MAY2022|DSIL|0830|D.S. Ind. Ltd.|4.43|4.44|4.19|4.22|64500|4.37|||
30MAY2022|ELSM|0830|Ellcot Spinning|128|136|117.84|136|1100|127.3878|||
30MAY2022|FZCM|0829|Fazal Cloth|232.01|249|232|248.75|700|250|||
30MAY2022|GADT|0830|Gadoon Textile|265.55|265.55|265.54|265.54|300|285|||
30MAY2022|IDYM|0830|Indus Dyeing|220.01|225.49|220|222.50|1100|226|||
30MAY2022|JDMT|0830|Janana D Mal|60.99|60.99|57|57.05|4500|60.34|||
30MAY2022|ARCTM|0830|Arctic Textile|10.01|10.01|10|10|16000|10.65|||
30MAY2022|KOHTM|0830|Kohat Textile|15.98|17.41|15.98|17.41|4500|16.20|||
30MAY2022|KOSM|0830|Kohinoor Spining|3.16|3.16|2.85|3.06|137000|3.10|||
30MAY2022|LMSM|0830|Land Mark Spinning|10.81|10.81|10.81|10.81|500|11.76|||
30MAY2022|NAGC|0830|Nagina Cotton|72.77|72.77|72.77|72.77|500|78.66|||
30MAY2022|BECO|0808|Beco Steel Ltd|20.23|20.23|19.20|19.44|196500|19.46|||
30MAY2022|SAIF|0830|Saif Textile|21.90|22|21.90|22|55000|21.25|||
30MAY2022|SSML|0830|Saritow Spinning|7.14|7.58|7.14|7.54|26500|7.47|||
30MAY2022|SERT|0830|Service Textile|8.75|9.15|8.60|9.15|6500|9.25|||
30MAY2022|SHDT|0830|Shadab Textile|21.70|21.80|21.70|21.76|5000|21.17|||
30MAY2022|SHCM|0830|Shadman Cotton|13.50|13.50|13.50|13.50|500|14.39|||
30MAY2022|SUTM|0830|Sunrays Textile|215|215|215|210|100|210|||
30MAY2022|UNITY|0810|Unity Foods Ltd|22.81|23.09|22.46|22.74|2199860|22.72|||
30MAY2022|TATM|0830|Tata Textile|70.15|70.15|70.15|70.15|500|70.01|||
30MAY2022|PRWM|0831|Prosperity Weav|46.01|47.95|45.50|47.95|2500|48.97|||
30MAY2022|GTECH|0805|G3 Technologies|9.63|9.85|9.52|9.59|3395500|9.58|||
30MAY2022|STJT|0831|Shahtaj Textile|104.44|104.44|104.44|104.44|500|99.97|||
30MAY2022|YOUW|0831|Yousuf Weaving|5.12|5.13|4.98|5.01|343500|5.01|||
30MAY2022|ADMM|0829|Artistic Denim|59.50|59.50|57.01|57.50|2000|57.10|||
30MAY2022|CRTM|0829|Crescent Tex.|18.11|18.48|18.11|18.15|15500|18.13|||
30MAY2022|NCL|0829|Nishat (Chun.)|48|48|47.25|47.45|170699|47.64|||
30MAY2022|DLL|0813|Dawood Law|179.99|180|179.99|180|1100|187.25|||
30MAY2022|REWM|0829|Reliance Weaving|70|72|68.20|69.50|7000|69|||
30MAY2022|GATM|0829|Gul Ahmed|39.22|39.65|38.76|38.98|123343|39.19|||
30MAY2022|HAEL|0829|Hala Enterprise|8.45|8.45|8.45|8.45|500|7.89|||
30MAY2022|ILP|0829|Interloop Ltd.|67.75|69.50|67.30|68.81|90564|67.52|||
30MAY2022|JUBS|0829|Jubilee Spinning|3.34|3.59|3.34|3.59|9000|3.64|||
30MAY2022|KOIL|0829|Kohinoor Ind.|5.50|5.50|5.50|5.50|2000|5.60|||
30MAY2022|KTML|0829|Kohinoor Textile|53.49|55|53.49|54.49|50000|53.50|||
30MAY2022|ANL|0829|Azgard Nine|11.31|11.58|11.04|11.14|1599000|11.26|||
30MAY2022|MEHT|0829|Mehmood Tex.|875|875|875|875|500|945|||
30MAY2022|CLVL|0833|Cordoba Logist|13.49|13.50|13|13.16|10500|13.26|||
30MAY2022|NML|0829|Nishat Mills Ltd|74.90|75|73.11|73.95|517974|74.48|||
30MAY2022|SFL|0829|Sapphire Fiber|998.88|1115|998.88|1115|3850|1079.86|||
30MAY2022|STML|0829|Shams Textile|54.99|54.99|54.99|54.99|500|59.44|||
30MAY2022|SURC|0829|Suraj Cotton|215|215|210|215|1100|220.88|||
30MAY2022|TOWL|0829|Towellers Limited|0|102|102|102|1500|102|||
30MAY2022|ZAHID|0829|ZahidJee Tex.|22.85|23.10|22.85|22.95|2000|21.52|||
30MAY2022|BNL|0810|Bunnys Limited|22.15|22.15|21.50|21.51|7500|22.50|||
30MAY2022|AGL|0805|Agritech Limited|5.10|5.34|5.06|5.18|3713500|5.16|||
30MAY2022|GATI|0827|Gatron Ind.|375.01|400|375.01|399.67|350|400.01|||
30MAY2022|IBFL|0827|Ibrahim Fibres|170.25|170.25|170.25|170.25|200|170.25|||
30MAY2022|RUPL|0827|Rupali Polyester|40|40.50|39.51|40|11000|40.50|||
30MAY2022|IMAGE|0827|Image Pakistan|14.83|15.20|14.66|14.83|643000|14.81|||
30MAY2022|THALL|0802|Thal Limited|326|330|326|328.29|2300|328.70|||
30MAY2022|ADAMS|0826|Adam Sugar|41.50|41.50|41.50|41.50|500|40|||
30MAY2022|AABS|0826|AL-Abbas Sugar|275|290|275|288.62|600|294.70|||
30MAY2022|AGSML|0826|Abdullah Shah|11.90|12.09|11.71|12.02|29000|11.55|||
30MAY2022|ALNRS|0826|AL-Noor Sugar|47.70|52.50|47.70|52.50|1000|51.51|||
30MAY2022|IML|0813|Imperial Limite|0|14|14|14|175000|14|||
30MAY2022|FCEPL|0810|Frieslandcampina|74.49|74.81|72|72.49|77796|73.48|||
30MAY2022|FRSM|0826|Faran Sugar|46|47.90|45|47.10|10500|45.80|||
30MAY2022|HABSM|0826|Habib Sugar|32.39|33|31.02|32.05|24000|32.01|||
30MAY2022|JDWS|0826|J.D.W.Sugar|215|215|215|215|200|200|||
30MAY2022|MRNS|0826|Mehran Sugar|45|45|44|44|6000|44.04|||
30MAY2022|NONS|0826|Noon Sugar|0|0|0|65.3333|0|65|||
30MAY2022|SKRS|0826|Sakrand Sugar|8.50|9.26|8.11|8.80|127000|8.78|||
30MAY2022|SHJS|0826|Shahtaj Sugar|49|49|49|49|500|51|||
30MAY2022|SHSML|0826|Shahmurad Sugar|0|86|86|86|3500|86|||
30MAY2022|SASML|0826|Sindh Abadgar|16.69|16.74|15.60|16.74|5500|15.58|||
30MAY2022|TICL|0826|Thal Ind.Corp.|235.01|258.99|235.01|253.99|500|253.91|||
30MAY2022|ACPL|0804|Attock CementXD|82.05|82.95|81.86|81.99|5800|82.02|||
30MAY2022|BWCL|0804|Bestway Cement|136.50|136.60|134|135.20|3900|137.50|||
30MAY2022|CHCC|0804|Cherat Cement|112|112.65|109.02|109.99|376853|110.53|||
30MAY2022|DNCC|0804|Dandot Cement|8.80|8.80|8.80|8.80|500|8.20|||
30MAY2022|DGKC|0804|D.G.K.Cement|61.25|63.93|61.25|61.91|2764583|60.72|||
30MAY2022|POWER|0804|Power Cement|5.32|5.62|5.32|5.52|421500|5.39|||
30MAY2022|FCCL|0804|Fauji Cement|15.35|15.80|15.19|15.25|4423000|15.48|||
30MAY2022|FECTC|0804|Fecto Cement|19.99|20.50|19.35|19.66|3000|20.89|||
30MAY2022|FLYNG|0804|Flying Cement|8.26|8.40|8.05|8.10|3874500|8.13|||
30MAY2022|GWLC|0804|Gharibwal Cement|21.90|21.90|21.90|21.90|1000|21.41|||
30MAY2022|KOHC|0804|Kohat Cement|145|145|139|140.04|40400|141.12|||
30MAY2022|LUCK|0804|Lucky Cement|488|496.88|485.01|488.64|129320|485.85|||
30MAY2022|MLCF|0804|Maple Leaf|27.60|28.12|27.40|27.46|3964020|27.59|||
30MAY2022|DCL|0804|Dewan Cement|5.88|6|5.60|5.61|911500|5.78|||
30MAY2022|PIOC|0804|Pioneer Cement|61.25|63.50|61|61.99|1064094|61.11|||
30MAY2022|THCCL|0804|Thatta Cement|15.60|15.73|15.25|15.25|18000|15.53|||
30MAY2022|KHTC|0832|Khyber Tobacco|190|207.02|190|207.02|9600|192.58|||
30MAY2022|PMPK|0832|Philip Morris Pak.|545|545|526|526|1200|536.53|||
30MAY2022|PAKT|0832|Pak Tobacco|1000|1011|1000|1011|100|1000|||
30MAY2022|ATRL|0825|Attock Refinery|165.01|167.99|163.10|163.40|1302628|163.55|||
30MAY2022|CNERGY|0825|Cnergyico PK|5.73|5.83|5.62|5.65|9972736|5.73|||
30MAY2022|NRL|0825|National Refinery|244.99|246.98|241.02|242.56|347504|242.59|||
30MAY2022|PRL|0825|Pak Refinery|17.88|18.20|17.60|17.82|17238890|17.79|||
30MAY2022|ALTN|0824|Altern Energy|17.25|17.25|16.85|16.98|3500|17.01|||
30MAY2022|EPQL|0824|Engro Powergen|21.15|21.15|21|21.06|141000|21.01|||
30MAY2022|AEL|0824|Arshad Energy|12|12|12|12|1000|12.59|||
30MAY2022|HUBC|0824|Hub Power Co.|64.50|65|63.90|64.29|292169|63.93|||
30MAY2022|KEL|0824|K-Electric Ltd.|2.66|2.70|2.66|2.66|1722000|2.68|||
30MAY2022|KOHE|0824|Kohinoor Energy|37.70|37.90|37.45|37.77|23500|37.61|||
30MAY2022|KOHP|0824|Kohinoor Power|3.50|3.50|3.50|3.50|500|3.65|||
30MAY2022|LPL|0824|Lalpir Power|13.60|13.85|13.51|13.73|109000|13.60|||
30MAY2022|KAPCO|0824|Kot Addu Power|27.50|27.95|27.45|27.53|944225|27.51|||
30MAY2022|NCPL|0824|Nishat ChunPow|15.50|16|15.50|15.99|24000|15.70|||
30MAY2022|NPL|0824|Nishat Power|17.25|17.65|17.23|17.54|26500|17.55|||
30MAY2022|SPWL|0824|Saif Power Ltd.|18.18|18.30|17.80|18|134000|17.98|||
30MAY2022|SGPL|0824|S.G.Power|4.56|4.75|4.54|4.59|9500|4.54|||
30MAY2022|SEL|0824|Sitara Energy|10.99|11.48|10.80|10.80|4000|10.80|||
30MAY2022|TSPL|0824|Tri-Star Power|3.21|3.39|3.20|3.35|26000|3.15|||
30MAY2022|APL|0821|Attock Petroleum|312.75|312.79|305.38|305.94|47000|310.54|||
30MAY2022|PSO|0821|P.S.O.|161.50|165.20|161.02|163.75|943625|161.56|||
30MAY2022|BPL|0821|Burshane LPG|19.51|20.48|19.50|20.48|9000|19.51|||
30MAY2022|SHEL|0821|Shell Pakistan|115.70|116.99|114.03|115.02|199600|114.13|||
30MAY2022|SSGC|0821|Sui South Gas|8.65|9.44|8.65|9.30|1620000|8.68|||
30MAY2022|SNGP|0821|Sui North Gas|28.35|29.63|28.13|29.63|4901409|27.57|||
30MAY2022|HASCOL|0821|Hascol Petrol|4.71|4.82|4.68|4.71|1055000|4.69|||
30MAY2022|HTL|0821|HI-Tech Lub.|40.69|42.90|40.60|41.04|1834500|40.36|||
30MAY2022|MARI|0820|Mari Petroleum|1624.99|1633.99|1582.01|1611.06|22469|1631.33|||
30MAY2022|OGDC|0820|Oil & Gas Dev.|79.50|81.70|78.38|80.01|8486888|77.02|||
30MAY2022|POL|0820|Pak Oilfields|389.84|393.81|387|392.74|134531|386.01|||
30MAY2022|PPL|0820|Pak Petroleum|67.17|69.39|67.17|68.03|6220523|66.69|||
30MAY2022|AGHA|0808|Agha Steel Ind.|15.98|15.98|15.75|15.79|97000|15.72|||
30MAY2022|ASL|0808|Aisha Steel Mill|12.14|12.55|12.03|12.23|558972|12.08|||
30MAY2022|ASTL|0808|Amreli Steels|27.27|27.27|26.31|26.44|212000|26.97|||
30MAY2022|BCL|0808|Bolan Casting|61|62|60.11|60.88|1800|60|||
30MAY2022|DSL|0808|Dost Steels Ltd.|5.12|5.12|4.71|5.03|2487500|4.82|||
30MAY2022|CSAP|0808|Crescent Steel|37.45|38.40|37.10|37.71|37000|37.52|||
30MAY2022|OBOY|0821|Oilboy EnergyXR|10.20|10.25|10|10|12000|9.97|||
30MAY2022|INIL|0808|Int. Ind.Ltd.|104|106.80|102.50|106.08|2288254|103.15|||
30MAY2022|ISL|0808|Inter.Steel Ltd|61.44|62.65|61|61.79|207623|61.44|||
30MAY2022|ITTEFAQ|0808|Ittefaq Iron Ind|7.40|7.60|7.40|7.44|399000|7.36|||
30MAY2022|KSBP|0808|K.S.B.PumpsXD|104|105|101.61|102.03|11100|103.60|||
30MAY2022|MUGHAL|0808|Mughal Iron|63.10|64.95|62.50|62.61|569801|63.06|||
30MAY2022|PECO|0808|Pak Engineering|0|0|0|293.1805|0|295|||
30MAY2022|AGTL|0801|AL-Ghazi Tractors|384.37|395|384.37|393.49|7400|384.37|||
30MAY2022|ATLH|0801|Atlas Honda Ltd|397|397.07|397|397.07|300|398.21|||
30MAY2022|DFML|0801|Dewan Motors|4.77|4.88|4.70|4.74|57000|4.78|||
30MAY2022|GHNI|0801|Ghandhara Ind.|151.50|153.95|150|150.87|175100|151.27|||
30MAY2022|GHNL|0801|Ghand Nissan|62.36|62.38|60.62|60.74|111500|61.12|||
30MAY2022|HINO|0801|Hinopak Motor|296|298|296|298|300|300.01|||
30MAY2022|HCAR|0801|Honda Atlas Cars|182.17|186.90|181.50|182.29|56478|184.31|||
30MAY2022|INDU|0801|Indus Motor Co|1277.85|1289|1242|1250.07|7561|1277.85|||
30MAY2022|MTL|0801|Millat Tractors|853.99|879|851|873.21|145890|846.09|||
30MAY2022|PSMC|0801|Pak Suzuki|187.98|187.98|182.19|183.42|42661|186.21|||
30MAY2022|SAZEW|0801|Sazgar Eng|67.61|68.59|67.05|67.67|36700|68.08|||
30MAY2022|AGIL|0802|Agriautos Ind.|151.48|151.48|150|150.74|200|156.48|||
30MAY2022|ATBA|0802|Atlas Battery|161.05|167|161.05|164.07|6000|163.12|||
30MAY2022|BWHL|0802|Bal.WheelsXD|72.81|75|72.81|75|1000|78.64|||
30MAY2022|EXIDE|0802|Exide (PAK)|260|269|260|263|900|259.50|||
30MAY2022|GTYR|0802|Ghandhara Tyre|39.50|39.50|38|38.22|53000|39.26|||
30MAY2022|LOADS|0802|Loads Limited|10.64|10.85|10.60|10.71|80000|10.74|||
30MAY2022|PTL|0802|Panther Tyres Ltd.|28.49|28.88|27.81|28.41|313000|28.41|||
30MAY2022|JOPP|0803|Johnson & Philips|48|48.75|48|48.75|2500|45.49|||
30MAY2022|PCAL|0803|Pakistan Cables|147.99|147.99|147.99|147.99|200|141.75|||
30MAY2022|PAEL|0803|Pak Elektron|16.81|17.10|16.53|16.60|5576500|16.71|||
30MAY2022|TPL|0828|TPL Corp Ltd|10.05|10.44|9.90|10.06|3966500|9.98|||
30MAY2022|AIRLINK|0828|Air Link Commun|41.74|42.20|40.75|40.98|687500|41.81|||
30MAY2022|AVN|0828|Avanceon Ltd|81.50|81.50|79.30|80.28|1061045|80.34|||
30MAY2022|WAVES|0803|Waves Singer|13.70|13.75|13.37|13.40|1089000|13.54|||
30MAY2022|SIEM|0803|Siemens Pak.|655|687.95|645|675|11900|639.96|||
30MAY2022|SPEL|0818|Synthetic Prod|15.06|15.50|15.06|15.25|11000|15.20|||
30MAY2022|PNSC|0833|P.N.S.C|51|51|51|51|1500|50.69|||
30MAY2022|GEMUNSL|0833|Universal Net (GEM)|50|52.50|50|51.17|6000|50|||
30MAY2022|PIBTL|0833|Pak Int.Bulk|6.10|6.21|6.05|6.15|2207000|6.04|||
30MAY2022|PICT|0833|Pak.Int.Cont.|162.90|164.35|161|161.23|6900|161.69|||
30MAY2022|PIAA|0833|P.I.A.C.(A)|3.50|3.55|3.48|3.50|129000|3.50|||
30MAY2022|HUMNL|0828|Hum Network|7.10|7.20|6.96|7|3013500|7.02|||
30MAY2022|NETSOL|0828|Netsol Tech.|94.20|95.50|93.40|93.69|1086257|94.06|||
30MAY2022|PAKD|0828|Pak Datacom|42.20|42.20|41.40|41.80|3000|43.25|||
30MAY2022|OCTOPUS|0828|Octopus Digital|69.84|71.15|68.32|69.54|641000|68.24|||
30MAY2022|MDTL|0828|Media Times Ltd|2.08|2.08|2|2|41000|2.02|||
30MAY2022|SYS|0828|Systems Limited|327|340.72|327|334.21|358905|328.92|||
30MAY2022|PTC|0828|P.T.C.L.|7.72|7.85|7.61|7.64|555500|7.72|||
30MAY2022|TRG|0828|TRG Pak Ltd|81.50|82.90|81.20|81.57|2219999|81.36|||
30MAY2022|TELE|0828|Telecard Limited|11.94|11.95|11.57|11.68|5500500|11.72|||
30MAY2022|WTL|0828|WorldCall Telecom|1.59|1.60|1.55|1.56|6256500|1.57|||
30MAY2022|GEMSPNL|0828|Supernet Ltd.|16.50|17.95|15.70|17.76|110000|16.70|||
30MAY2022|DAWH|0813|Dawood HerculesXD|97.99|98|94.50|94.50|7500|95.41|||
30MAY2022|ENGRO|0809|Engro Corp|269.89|269.89|263|266.37|61762|265.22|||
30MAY2022|EFERT|0809|Engro Fert.|88|88.30|87.05|87.29|685100|87.09|||
30MAY2022|FFBL|0809|Fauji Fert Bin|21.94|22.42|21.50|21.59|270000|21.93|||
30MAY2022|FFC|0809|Fauji Fert.|115.95|115.95|114.05|114.74|141581|114.74|||
30MAY2022|ABOT|0823|Abbott Lab.|638.07|640|638.07|640|250|638.07|||
30MAY2022|AGP|0823|AGP Limited|83.50|83.50|81.60|82|18408|82.54|||
30MAY2022|CPHL|0823|Citi Pharma Ltd|31.21|31.82|30.75|30.88|236500|31.08|||
30MAY2022|FEROZ|0823|Ferozsons (Lab)|254.94|254.94|251|251.51|3000|251.90|||
30MAY2022|GLAXO|0823|GlaxoSmithKlineXD|124.40|124.40|123.20|124|5600|124.45|||
30MAY2022|GSKCH|0823|Glaxo Healthcar|232|232|224.30|229.90|8500|232.10|||
30MAY2022|HINOON|0823|Highnoon (Lab)|531.93|531.93|523.20|525|13300|528.61|||
30MAY2022|SAPL|0823|Sanofi-Aventis|776|800|775|800|2150|820|||
30MAY2022|OTSU|0823|Otsuka Pak|0|0|0|228.1188|0|229.99|||
30MAY2022|SEARL|0823|The Searle Co.|104.55|107.50|104.40|104.76|404037|104.41|||
30MAY2022|BAPL|0805|Bawany Air Products|8.90|8.99|8.84|8.99|10000|9.06|||
30MAY2022|BIFO|0805|Biafo Ind.|69.10|69.50|69.10|69.20|4500|69.50|||
30MAY2022|BERG|0805|Berger Paints|77.17|77.17|75|75.57|9000|77.02|||
30MAY2022|BUXL|0805|Buxly Paints|123|125|122|123.15|3400|124.01|||
30MAY2022|ARPL|0805|Archroma Pak|574.99|575|569.05|570|2350|574.01|||
30MAY2022|COLG|0805|Colgate Palm|2113|2152|2113|2152|180|2110|||
30MAY2022|CTM|0830|Colony Tex.Mills Ltd|3.81|4.10|3.70|3.70|73000|3.91|||
30MAY2022|DOL|0805|Descon Oxychem|16.11|16.38|16|16.03|125000|16.23|||
30MAY2022|EPCL|0805|Engro Polymer|86.98|87.80|84.52|84.94|1759964|86.59|||
30MAY2022|EPCLPS|0805|Engro Poly(Pref)|11.89|11.89|11.89|11.89|500|11.90|||
30MAY2022|FATIMA|0809|Fatima Fert.|36.89|36.89|36.23|36.69|17309|36.68|||
30MAY2022|GGL|0805|Ghani Glo Hol|17.21|17.55|16.94|17.07|8704617|17.01|||
30MAY2022|ICI|0805|ICI Pakistan|700|734.44|700|731.91|1500|725|||
30MAY2022|ICL|0805|Ittehad Chem.|30.12|31|30.12|31|1000|31.24|||
30MAY2022|LPGL|0805|Leiner Pak Gelat|15.97|17.20|15.97|17.20|15000|16|||
30MAY2022|LOTCHEM|0805|Lotte Chemical|27.50|28.80|27.35|27.80|3551021|27.10|||
30MAY2022|NICL|0805|Nimir Ind.Chem.|94.80|94.80|94.30|94.48|2300|94|||
30MAY2022|PAKOXY|0805|Pak Oxygen Ltd.|133.50|133.50|130.85|131.10|1800|131.10|||
30MAY2022|NRSL|0805|Nimir Resins|15|15.20|14.60|14.64|196000|15.05|||
30MAY2022|SITC|0805|Sitara Chemical|360|360|359.99|359.99|200|360|||
30MAY2022|SPL|0805|Sitara Peroxide|14.98|15.10|14.90|14.99|21000|15.05|||
30MAY2022|CEPB|0822|Century Paper|64.39|64.50|63.51|63.70|36000|63.97|||
30MAY2022|CPPL|0822|Cherat Pack|105.98|106|103|105|2600|106.54|||
30MAY2022|MERIT|0822|Merit Packaging|9.30|9.55|9.30|9.55|7500|9.60|||
30MAY2022|PKGS|0822|Packages Ltd.|399.99|402.99|399|400|2300|401.82|||
30MAY2022|GEMPAPL|0822|Pak Agro Pack(Gem)|0|12.85|12.85|12.85|1500|12.85|||
30MAY2022|RPL|0822|Roshan Packages|16.31|16.31|16.14|16.23|14500|16.26|||
30MAY2022|SEPL|0822|Security Paper|113.10|114.66|113.01|113.34|500|114.66|||
30MAY2022|POML|0834|Punjab Oil|143.45|143.45|143.45|143.45|200|155.01|||
30MAY2022|SSOM|0834|S.S.Oil|75.05|80|75.05|80|1500|79|||
30MAY2022|SGF|0816|Service Global Foot|42.50|42.50|41.06|41.24|139000|42.02|||
30MAY2022|SRVI|0816|Service Ind.Ltd|365.55|371|360|360.16|2600|366.16|||
30MAY2022|ASC|0810|Al-Shaheer Corp|9.77|10.05|9.77|9.88|185500|9.87|||
30MAY2022|PREMA|0810|At-Tahur Ltd.|20.99|21.45|20.50|21.40|70000|20.60|||
30MAY2022|CLOV|0810|Clover Pakistan|21.43|21.65|21|21.03|16500|21.64|||
30MAY2022|GLPL|0810|Gillette Pak|114|114|114|116|100|116|||
30MAY2022|IBLHL|0823|IBL HealthCare|43.80|44|42.25|42.59|34000|43|||
30MAY2022|ISIL|0810|Ismail Ind|415.01|473.81|415.01|473.81|400|440.76|||
30MAY2022|MFL|0810|Matco Foods Ltd|30.13|30.13|30.10|30.10|4000|30.88|||
30MAY2022|NESTLE|0810|Nestle Pakistan|5770|5795|5770|5773.41|1040|5775|||
30MAY2022|MFFL|0810|MithchellsFruit|83|83.94|76|76.40|105100|81.48|||
30MAY2022|NATF|0810|National Foods|146.84|147.84|144.35|145.65|13700|145.02|||
30MAY2022|FFL|0810|Fauji Foods LtdXD|6.89|7.01|6.80|6.83|1795500|6.91|||
30MAY2022|QUICE|0810|Quice Food|3.82|3.85|3.80|3.80|31000|3.81|||
30MAY2022|RMPL|0810|Rafhan Maize|9800|9800|9800|9800|20|9990|||
30MAY2022|TOMCL|0810|The Organic Meat|22.89|23|22.50|23|52500|22.70|||
30MAY2022|TREET|0810|Treet Corp|30.14|30.40|29.55|29.65|2627000|29.97|||
30MAY2022|ZIL|0810|ZIL Limited|90.37|90.37|90.37|90.37|8500|84.07|||
30MAY2022|BGL|0811|Bal.Glass|6.38|6.60|6.20|6.24|443000|6.38|||
30MAY2022|EMCO|0803|EMCO Industries|27.59|27.59|26.55|27.20|9500|26.70|||
30MAY2022|GHGL|0811|Ghani Glass Ltd|42.55|42.95|42.50|42.70|22000|43.01|||
30MAY2022|GGGL|0811|GhaniGlobalGlass|12.25|12.50|12.02|12.08|1617500|12.23|||
30MAY2022|KCL|0811|Karam Ceramics|56.20|56.99|56.20|56.74|2000|56|||
30MAY2022|TGL|0811|Tariq Glass Ind.|115.50|116|111|111.37|185750|114.48|||
30MAY2022|STCL|0811|Shabbir Tiles|15.83|16.75|15.69|16.04|327500|15.83|||
30MAY2022|MACFL|0818|MACPAC Films|14.85|15.50|14.81|15.09|13500|15.16|||
30MAY2022|ECOP|0818|ECOPACK Ltd|33.35|34.43|31.30|33.29|992000|32.03|||
30MAY2022|PABC|0818|Pakistan Alumin|31|31.70|30.60|31.50|330000|31.50|||
30MAY2022|PACE|0818|Pace (Pak) Ltd.|3.06|3.18|3.02|3.05|72500|3.10|||
30MAY2022|PHDL|0818|Pak Hotels|114.90|118.40|114.90|118.40|2200|110.14|||
30MAY2022|AKDHL|0818|AKD Hospitality|142.29|149.97|142|149.97|1400|148.99|||
30MAY2022|SHFA|0818|Shifa Int.Hosp|179.16|180|179.16|180|400|179.78|||
30MAY2022|STPL|0818|Siddiqsons Tin|11.29|11.34|11.09|11.10|52500|11.13|||
30MAY2022|TPLP|0818|TPL Properties|18.90|19.90|18.89|19.28|18538935|18.62|||
30MAY2022|TRIPF|0818|Tri-Pack FilmsXD|157.20|169|157.20|168.30|900|167.75|||
30MAY2022|UBDL|0818|United Brands|15.94|15.94|15.50|15.94|1500|15.50|||
30MAY2022|UDPL|0818|United Dist.|34.31|34.31|34.30|34.30|2000|37|||
30MAY2022|BAFLTFC6|36|Bank Al-Falah(T|0|0|0|99.7498|0|99.7498|||
30MAY2022|AKBLTFC6|36|Askari Bank(TFC|0|0|0|100.0357|0|100.0357|||
30MAY2022|SNBLTFC3|36|Soneri Bank(TFC|0|0|0|100.25|0|100.25|||
30MAY2022|EPCLSC|36|Engro Polymer(S|0|0|0|102|0|102|||
30MAY2022|BIPLSC|36|Bank IslamiSC|0|0|0|99.9999|0|99.9999|||
30MAY2022|SBLTFC|36|Samba Bank Ltd.|0|0|0|100|0|100|||
30MAY2022|HUBC-JUN|40|HUBC-JUN|65|65|65|65|10000|64.29|||
30MAY2022|PSO-JUN|40|PSO-JUN|163|166.70|163|165.14|277500|164.09|||
30MAY2022|SNGP-JUN|40|SNGP-JUN|28.40|29.89|28.40|29.89|1632000|27.81|||
30MAY2022|NML-JUN|40|NML-JUN|75|75.50|74.50|74.60|43500|75.18|||
30MAY2022|PTC-JUN|40|PTC-JUN|7.76|7.89|7.75|7.76|20000|7.85|||
30MAY2022|FFBL-JUN|40|FFBL-JUN|22.07|22.20|21.90|21.97|7000|22.21|||
30MAY2022|LOTCHEM-JUN|40|LOTCHEM-JUN|26.99|28|26.80|27.22|4070500|26.48|||
30MAY2022|HUBC-JUL|40|HUBC-JUL|0|0|0|66.29|0|65.80|||
30MAY2022|PSO-JUL|40|PSO-JUL|0|0|0|168.84|0|166.28|||
30MAY2022|SNGP-JUL|40|SNGP-JUL|29.63|29.63|29.63|29.63|5000|28.37|||
30MAY2022|MCB-JUL|40|MCB-JUL|0|0|0|139.84|0|139.26|||
30MAY2022|NML-JUL|40|NML-JUL|0|0|0|76.25|0|76.65|||
30MAY2022|PTC-JUL|40|PTC-JUL|0|0|0|7.88|0|7.95|||
30MAY2022|ENGRO-JUL|40|ENGRO-JUL|0|0|0|274.65|0|272.96|||
30MAY2022|FFC-JUL|40|FFC-JUL|0|0|0|118.30|0|118.09|||
30MAY2022|FFBL-JUL|40|FFBL-JUL|0|0|0|22.26|0|22.57|||
30MAY2022|LOTCHEM-JUL|40|LOTCHEM-JUL|0|0|0|28.66|0|27.89|||
30MAY2022|HUBC-AUG|40|HUBC-AUG|0|0|0|67.19|0|66.85|||
30MAY2022|PSO-AUG|40|PSO-AUG|0|0|0|171.13|0|168.93|||
30MAY2022|SNGP-AUG|40|SNGP-AUG|0|0|0|30.97|0|28.83|||
30MAY2022|MCB-AUG|40|MCB-AUG|0|0|0|141.75|0|141.48|||
30MAY2022|NML-AUG|40|NML-AUG|0|0|0|77.29|0|77.88|||
30MAY2022|PTC-AUG|40|PTC-AUG|0|0|0|7.98|0|8.07|||
30MAY2022|ENGRO-AUG|40|ENGRO-AUG|0|0|0|278.38|0|277.31|||
30MAY2022|FFC-AUG|40|FFC-AUG|0|0|0|119.91|0|119.97|||
30MAY2022|FFBL-AUG|40|FFBL-AUG|0|0|0|22.56|0|22.93|||
30MAY2022|LOTCHEM-AUG|40|LOTCHEM-AUG|0|0|0|29.05|0|28.34|||
30MAY2022|OGDC-JUL|40|OGDC-JUL|0|0|0|82.50|0|79.27|||
30MAY2022|DGKC-JUL|40|DGKC-JUL|0|0|0|63.83|0|62.49|||
30MAY2022|POL-JUL|40|POL-JUL|0|0|0|404.94|0|397.28|||
30MAY2022|NBP-JUL|40|NBP-JUL|0|0|0|30.43|0|29.98|||
30MAY2022|MLCF-JUL|40|MLCF-JUL|0|0|0|28.31|0|28.40|||
30MAY2022|LUCK-JUL|40|LUCK-JUL|0|0|0|503.82|0|500.03|||
30MAY2022|SSGC-JUL|40|SSGC-JUL|0|0|0|9.59|0|8.93|||
30MAY2022|OGDC-AUG|40|OGDC-AUG|0|0|0|83.62|0|80.53|||
30MAY2022|DGKC-AUG|40|DGKC-AUG|0|0|0|64.70|0|63.49|||
30MAY2022|POL-AUG|40|POL-AUG|0|0|0|410.45|0|403.61|||
30MAY2022|NBP-AUG|40|NBP-AUG|0|0|0|30.84|0|30.46|||
30MAY2022|MLCF-AUG|40|MLCF-AUG|0|0|0|28.70|0|28.85|||
30MAY2022|LUCK-AUG|40|LUCK-AUG|0|0|0|510.68|0|508|||
30MAY2022|SSGC-AUG|40|SSGC-AUG|0|0|0|9.72|0|9.08|||
30MAY2022|PPL-JUN|40|PPL-JUN|68.39|69.87|67.83|68.67|1874000|67.82|||
30MAY2022|DGKC-JUN|40|DGKC-JUN|61.50|64.35|61.50|62.44|674500|61.35|||
30MAY2022|POL-JUN|40|POL-JUN|367|395|367|395|7000|392.16|||
30MAY2022|NBP-JUN|40|NBP-JUN|0|0|0|29.91|0|29.50|||
30MAY2022|MLCF-JUN|40|MLCF-JUN|28.10|28.40|27.60|27.71|1666000|27.99|||
30MAY2022|LUCK-JUN|40|LUCK-JUN|495|496.99|490|492.28|40000|491.21|||
30MAY2022|SSGC-JUN|40|SSGC-JUN|9.09|9.56|9.09|9.43|126000|9.20|||
30MAY2022|BOP-JUN|40|BOP-JUN|6.05|6.09|6|6.01|53500|6.01|||
30MAY2022|FABL-JUN|40|FABL-JUN|23.63|23.82|23.30|23.54|157500|23.40|||
30MAY2022|TELE-JUN|40|TELE-JUN|12|12.05|11.67|11.79|3254500|11.87|||
30MAY2022|WTL-JUN|40|WTL-JUN|1.55|1.62|1.55|1.58|104500|1.58|||
30MAY2022|PPL-JUL|40|PPL-JUL|0|0|0|70.14|0|68.64|||
30MAY2022|BOP-JUL|40|BOP-JUL|0|0|0|6.15|0|6.08|||
30MAY2022|FABL-JUL|40|FABL-JUL|0|0|0|24|0|24.13|||
30MAY2022|TELE-JUL|40|TELE-JUL|0|0|0|12.04|0|12.06|||
30MAY2022|WTL-JUL|40|WTL-JUL|0|0|0|1.61|0|1.62|||
30MAY2022|PPL-AUG|40|PPL-AUG|0|0|0|71.10|0|69.73|||
30MAY2022|BOP-AUG|40|BOP-AUG|0|0|0|6.23|0|6.18|||
30MAY2022|FABL-AUG|40|FABL-AUG|0|0|0|24.33|0|24.52|||
30MAY2022|TELE-AUG|40|TELE-AUG|0|0|0|12.21|0|12.25|||
30MAY2022|WTL-AUG|40|WTL-AUG|0|0|0|1.63|0|1.64|||
30MAY2022|PIOC-JUN|40|PIOC-JUN|62|63.89|61.50|62.44|544500|61.83|||
30MAY2022|BAFL-JUN|40|BAFL-JUN|0|0|0|34.33|0|34.56|||
30MAY2022|PIAA-JUN|40|PIAA-JUN|0|0|0|3.55|0|3.55|||
30MAY2022|KAPCO-JUN|40|KAPCO-JUN|28|28.25|27.75|27.82|215500|27.96|||
30MAY2022|BAFL-JUL|40|BAFL-JUL|0|0|0|34.92|0|35.12|||
30MAY2022|PIAA-JUL|40|PIAA-JUL|0|0|0|3.61|0|3.60|||
30MAY2022|PIOC-JUL|40|PIOC-JUL|0|0|0|63.92|0|62.89|||
30MAY2022|KAPCO-JUL|40|KAPCO-JUL|0|0|0|28.39|0|28.31|||
30MAY2022|BAFL-AUG|40|BAFL-AUG|0|0|0|35.40|0|35.68|||
30MAY2022|PIAA-AUG|40|PIAA-AUG|0|0|0|3.66|0|3.66|||
30MAY2022|PIOC-AUG|40|PIOC-AUG|0|0|0|64.79|0|63.90|||
30MAY2022|KAPCO-AUG|40|KAPCO-AUG|0|0|0|28.77|0|28.76|||
30MAY2022|ATRL-JUN|40|ATRL-JUN|165.25|168.40|164.01|164.55|1399000|164.75|||
30MAY2022|ANL-JUN|40|ANL-JUN|11.44|11.60|11.19|11.26|446500|11.34|||
30MAY2022|PACE-JUN|40|PACE-JUN|3.10|3.10|3.10|3.10|20000|3.16|||
30MAY2022|FCCL-JUN|40|FCCL-JUN|15.80|15.92|15.30|15.33|134500|15.63|||
30MAY2022|NETSOL-JUN|40|NETSOL-JUN|95|96.05|94.03|94.59|624500|95.32|||
30MAY2022|NRL-JUN|40|NRL-JUN|245.45|248.99|243.55|244.71|403500|245.62|||
30MAY2022|ABL-JUL|40|ABL-JUL|0|0|0|73.47|0|73.02|||
30MAY2022|ATRL-JUL|40|ATRL-JUL|0|0|0|168.48|0|168.32|||
30MAY2022|ANL-JUL|40|ANL-JUL|0|0|0|11.49|0|11.59|||
30MAY2022|PACE-JUL|40|PACE-JUL|0|0|0|3.14|0|3.19|||
30MAY2022|FCCL-JUL|40|FCCL-JUL|0|0|0|15.72|0|15.93|||
30MAY2022|NETSOL-JUL|40|NETSOL-JUL|0|0|0|96.60|0|96.81|||
30MAY2022|UBL-JUL|40|UBL-JUL|0|0|0|134.72|0|133.42|||
30MAY2022|NRL-JUL|40|NRL-JUL|0|0|0|250.10|0|249.67|||
30MAY2022|HBL-JUL|40|HBL-JUL|0|0|0|106.65|0|106.74|||
30MAY2022|ABL-AUG|40|ABL-AUG|0|0|0|74.47|0|74.19|||
30MAY2022|ATRL-AUG|40|ATRL-AUG|0|0|0|170.77|0|171.01|||
30MAY2022|ANL-AUG|40|ANL-AUG|0|0|0|11.64|0|11.77|||
30MAY2022|PACE-AUG|40|PACE-AUG|0|0|0|3.19|0|3.24|||
30MAY2022|FCCL-AUG|40|FCCL-AUG|0|0|0|15.94|0|16.19|||
30MAY2022|NETSOL-AUG|40|NETSOL-AUG|0|0|0|97.92|0|98.35|||
30MAY2022|UBL-AUG|40|UBL-AUG|0|0|0|136.55|0|135.55|||
30MAY2022|NRL-AUG|40|NRL-AUG|0|0|0|253.50|0|253.65|||
30MAY2022|HBL-AUG|40|HBL-AUG|0|0|0|108.11|0|108.44|||
30MAY2022|BAHL-JUN|40|BAHL-JUN|0|0|0|66.58|0|66.89|||
30MAY2022|BAHL-JUL|40|BAHL-JUL|0|0|0|67.73|0|67.96|||
30MAY2022|FATIMA-JUL|40|FATIMA-JUL|0|0|0|37.83|0|37.75|||
30MAY2022|BAHL-AUG|40|BAHL-AUG|0|0|0|68.65|0|69.04|||
30MAY2022|FATIMA-AUG|40|FATIMA-AUG|0|0|0|38.34|0|38.35|||
30MAY2022|CHCC-JUN|40|CHCC-JUN|113|114|110.01|110.67|15000|111.41|||
30MAY2022|NCL-JUN|40|NCL-JUN|48.15|48.15|47.85|48.11|52500|48|||
30MAY2022|CHCC-JUL|40|CHCC-JUL|0|0|0|113.41|0|113.76|||
30MAY2022|FCEPL-JUL|40|FCEPL-JUL|0|0|0|74.74|0|75.62|||
30MAY2022|NCL-JUL|40|NCL-JUL|0|0|0|48.92|0|49.03|||
30MAY2022|CHCC-AUG|40|CHCC-AUG|0|0|0|114.95|0|115.57|||
30MAY2022|NCL-AUG|40|NCL-AUG|0|0|0|49.59|0|49.81|||
30MAY2022|GATM-JUN|40|GATM-JUN|40|40|39.01|39.64|7000|39.64|||
30MAY2022|KEL-JUN|40|KEL-JUN|2.70|2.72|2.61|2.71|127000|2.70|||
30MAY2022|PAEL-JUN|40|PAEL-JUN|16.99|17.25|16.70|16.76|2088000|16.94|||
30MAY2022|SEARL-JUN|40|SEARL-JUN|106.70|108|105.60|105.72|61500|105.59|||
30MAY2022|EFERT-JUL|40|EFERT-JUL|0|0|0|90|0|89.63|||
30MAY2022|GATM-JUL|40|GATM-JUL|0|0|0|40.19|0|40.33|||
30MAY2022|KEL-JUL|40|KEL-JUL|0|0|0|2.74|0|2.76|||
30MAY2022|PAEL-JUL|40|PAEL-JUL|0|0|0|17.12|0|17.20|||
30MAY2022|SEARL-JUL|40|SEARL-JUL|0|0|0|108.01|0|107.46|||
30MAY2022|EFERT-AUG|40|EFERT-AUG|0|0|0|91.23|0|91.06|||
30MAY2022|KEL-AUG|40|KEL-AUG|0|0|0|2.78|0|2.80|||
30MAY2022|PAEL-AUG|40|PAEL-AUG|0|0|0|17.35|0|17.47|||
30MAY2022|SEARL-AUG|40|SEARL-AUG|0|0|0|109.48|0|109.17|||
30MAY2022|DCL-JUN|40|DCL-JUN|5.90|5.90|5.70|5.70|34500|5.79|||
30MAY2022|ISL-JUN|40|ISL-JUN|62.30|63.25|62.02|62.31|98000|62.20|||
30MAY2022|POWER-JUN|40|POWER-JUN|5.66|5.66|5.60|5.65|2000|5.52|||
30MAY2022|TPL-JUN|40|TPL-JUN|10.20|10.50|10.02|10.16|2092500|10.15|||
30MAY2022|TRG-JUN|40|TRG-JUN|82.23|83.60|82|82.38|2757500|82.12|||
30MAY2022|DCL-JUL|40|DCL-JUL|0|0|0|5.78|0|5.95|||
30MAY2022|ISL-JUL|40|ISL-JUL|0|0|0|63.71|0|63.23|||
30MAY2022|POWER-JUL|40|POWER-JUL|0|0|0|5.69|0|5.55|||
30MAY2022|TPL-JUL|40|TPL-JUL|0|0|0|10.37|0|10.27|||
30MAY2022|TRG-JUL|40|TRG-JUL|0|0|0|84.10|0|89.19|||
30MAY2022|HUMNL-JUL|40|HUMNL-JUL|0|0|0|7.22|0|7.22|||
30MAY2022|DCL-AUG|40|DCL-AUG|0|0|0|5.86|0|6.04|||
30MAY2022|ISL-AUG|40|ISL-AUG|0|0|0|64.58|0|64.24|||
30MAY2022|POWER-AUG|40|POWER-AUG|0|0|0|5.77|0|5.64|||
30MAY2022|TPL-AUG|40|TPL-AUG|0|0|0|10.51|0|10.44|||
30MAY2022|TRG-AUG|40|TRG-AUG|0|0|0|85.25|0|85.07|||
30MAY2022|TREET-JUN|40|TREET-JUN|30.30|30.60|29.85|29.92|2364000|30.10|||
30MAY2022|TREET-JUL|40|TREET-JUL|0|0|0|30.57|0|30.84|||
30MAY2022|TREET-AUG|40|TREET-AUG|0|0|0|30.99|0|31.34|||
30MAY2022|LOADS-JUN|40|LOADS-JUN|0|0|0|10.85|0|10.88|||
30MAY2022|MUGHAL-JUN|40|MUGHAL-JUN|65|65|63.10|63.54|25500|64.55|||
30MAY2022|PRL-JUN|40|PRL-JUN|18.08|18.33|17.80|17.99|7720000|18.04|||
30MAY2022|ASL-JUN|40|ASL-JUN|12.49|12.49|12.34|12.35|1500|12.18|||
30MAY2022|HMB-JUN|40|HMB-JUN|0|0|0|43.43|0|43.56|||
30MAY2022|INIL-JUN|40|INIL-JUN|104.50|107.80|104|107.29|113000|104.18|||
30MAY2022|PIBTL-JUN|40|PIBTL-JUN|6.29|7.12|6.13|6.23|98000|6.12|||
30MAY2022|LOADS-JUL|40|LOADS-JUL|0|0|0|11.04|0|11.05|||
30MAY2022|MUGHAL-JUL|40|MUGHAL-JUL|0|0|0|64.56|0|64.90|||
30MAY2022|PRL-JUL|40|PRL-JUL|0|0|0|18.37|0|18.31|||
30MAY2022|ASL-JUL|40|ASL-JUL|0|0|0|12.61|0|12.43|||
30MAY2022|EPCL-JUL|40|EPCL-JUL|0|0|0|87.58|0|85.20|||
30MAY2022|HMB-JUL|40|HMB-JUL|0|0|0|44.18|0|44.26|||
30MAY2022|INIL-JUL|40|INIL-JUL|0|0|0|109.38|0|106.16|||
30MAY2022|PIBTL-JUL|40|PIBTL-JUL|0|0|0|6.34|0|6.22|||
30MAY2022|ASL-AUG|40|ASL-AUG|0|0|0|12.78|0|12.63|||
30MAY2022|EPCL-AUG|40|EPCL-AUG|0|0|0|88.77|0|90.54|||
30MAY2022|HMB-AUG|40|HMB-AUG|0|0|0|44.78|0|44.96|||
30MAY2022|INIL-AUG|40|INIL-AUG|0|0|0|110.86|0|107.85|||
30MAY2022|LOADS-AUG|40|LOADS-AUG|0|0|0|11.19|0|11.23|||
30MAY2022|PIBTL-AUG|40|PIBTL-AUG|0|0|0|6.43|0|6.32|||
30MAY2022|ASTL-JUN|40|ASTL-JUN|27.25|27.25|26.40|26.48|186000|27.29|||
30MAY2022|FFL-JUN|40|FFL-JUN|7|7.10|6.90|6.92|504500|7|||
30MAY2022|UNITY-JUN|40|UNITY-JUN|23.05|23.33|22.63|22.95|1343500|23.03|||
30MAY2022|MEBL-JUL|40|MEBL-JUL|0|0|0|134.88|0|133.41|||
30MAY2022|ASTL-JUL|40|ASTL-JUL|0|0|0|27.26|0|27.76|||
30MAY2022|DCR-JUL|40|DCR-JUL|0|0|0|14.93|0|14.92|||
30MAY2022|FFL-JUL|40|FFL-JUL|0|0|0|7.04|0|7.11|||
30MAY2022|UNITY-JUL|40|UNITY-JUL|23.30|24.17|22.75|24.17|20500|24.25|||
30MAY2022|GHNI-JUL|40|GHNI-JUL|0|0|0|155.56|0|155.69|||
30MAY2022|PSMC-JUL|40|PSMC-JUL|0|0|0|189.12|0|191.64|||
30MAY2022|WAVES-JUL|40|WAVES-JUL|0|0|0|13.82|0|13.94|||
30MAY2022|MEBL-AUG|40|MEBL-AUG|0|0|0|136.72|0|135.54|||
30MAY2022|ASTL-AUG|40|ASTL-AUG|0|0|0|27.63|0|28.20|||
30MAY2022|DCR-AUG|40|DCR-AUG|0|0|0|15.13|0|15.16|||
30MAY2022|FFL-AUG|40|FFL-AUG|0|0|0|7.14|0|7.23|||
30MAY2022|UNITY-AUG|40|UNITY-AUG|0|0|0|23.77|0|23.76|||
30MAY2022|GHNI-AUG|40|GHNI-AUG|0|0|0|157.67|0|158.17|||
30MAY2022|PSMC-AUG|40|PSMC-AUG|0|0|0|191.69|0|194.70|||
30MAY2022|WAVES-AUG|40|WAVES-AUG|0|0|0|14|0|14.16|||
30MAY2022|MUGHAL-AUG|40|MUGHAL-AUG|0|0|0|65.43|0|65.94|||
30MAY2022|PRL-AUG|40|PRL-AUG|0|0|0|18.62|0|18.60|||
30MAY2022|GATM-AUG|40|GATM-AUG|0|0|0|40.74|0|40.98|||
30MAY2022|FCEPL-AUG|40|FCEPL-AUG|0|0|0|75.76|0|76.83|||
30MAY2022|FCEPL-JUN|40|FCEPL-JUN|0|0|0|73.47|0|74.43|||
30MAY2022|GHNI-JUN|40|GHNI-JUN|153.50|154.64|151.70|151.84|59000|153.24|||
30MAY2022|KOHC-JUN|40|KOHC-JUN|0|0|0|141.93|0|142.95|||
30MAY2022|AVN-JUL|40|AVN-JUL|0|0|0|82.77|0|82.68|||
30MAY2022|KOHC-JUL|40|KOHC-JUL|0|0|0|144.39|0|145.24|||
30MAY2022|AVN-AUG|40|AVN-AUG|0|0|0|83.90|0|84|||
30MAY2022|KOHC-AUG|40|KOHC-AUG|0|0|0|146.36|0|147.56|||
30MAY2022|TGL-JUN|40|TGL-JUN|115.60|115.60|112.25|112.56|36500|115.19|||
30MAY2022|BIPL-JUN|40|BIPL-JUN|0|0|0|12.34|0|12.59|||
30MAY2022|GGL-JUN|40|GGL-JUN|17.25|17.69|17.07|17.24|6109500|17.15|||
30MAY2022|PSMC-JUN|40|PSMC-JUN|185|185.50|184.01|184.01|10000|186.01|||
30MAY2022|ASC-JUN|40|ASC-JUN|10|10|10|10|11000|10.01|||
30MAY2022|WAVES-JUN|40|WAVES-JUN|13.78|13.89|13.51|13.52|162000|13.78|||
30MAY2022|TGL-JUL|40|TGL-JUL|0|0|0|114.83|0|117.82|||
30MAY2022|BIPL-JUL|40|BIPL-JUL|0|0|0|12.56|0|12.79|||
30MAY2022|GGL-JUL|40|GGL-JUL|0|0|0|17.60|0|17.51|||
30MAY2022|ASC-JUL|40|ASC-JUL|0|0|0|10.19|0|10.16|||
30MAY2022|AGHA-AUG|40|AGHA-AUG|0|0|0|16.50|0|16.44|||
30MAY2022|ASC-AUG|40|ASC-AUG|0|0|0|10.33|0|10.32|||
30MAY2022|BIPL-AUG|40|BIPL-AUG|0|0|0|12.73|0|13|||
30MAY2022|GGGL-AUG|40|GGGL-AUG|0|0|0|12.62|0|12.79|||
30MAY2022|GGL-AUG|40|GGL-AUG|0|0|0|17.84|0|17.79|||
30MAY2022|HUMNL-AUG|40|HUMNL-AUG|0|0|0|7.32|0|7.34|||
30MAY2022|SILK-AUG|40|SILK-AUG|0|0|0|1.34|0|1.36|||
30MAY2022|TGL-AUG|40|TGL-AUG|0|0|0|116.39|0|119.70|||
30MAY2022|UBLPETF-AUG|40|UBLPETF-AUG|0|0|0|12.04|0|12.21|||
30MAY2022|AGHA-JUN|40|AGHA-JUN|0|0|0|16|0|16.17|||
30MAY2022|CNERGY-JUN|40|CNERGY-JUN|5.80|5.88|5.68|5.70|2064500|5.80|||
30MAY2022|FEROZ-JUN|40|FEROZ-JUN|0|0|0|254.91|0|255.17|||
30MAY2022|FLYNG-JUN|40|FLYNG-JUN|8.46|8.46|8.15|8.17|660500|8.27|||
30MAY2022|GGGL-JUN|40|GGGL-JUN|12.43|12.64|12.12|12.21|413000|12.34|||
30MAY2022|GHGL-JUN|40|GHGL-JUN|0|0|0|43.28|0|43.57|||
30MAY2022|KOSM-JUN|40|KOSM-JUN|0|0|0|3.10|0|3.14|||
30MAY2022|MZNPETF-JUN|40|MZNPETF-JUN|0|0|0|8.11|0|7.97|||
30MAY2022|NBPGETF-JUN|40|NBPGETF-JUN|0|0|0|9.74|0|9.73|||
30MAY2022|NITGETF-JUN|40|NITGETF-JUN|0|0|0|10.75|0|10.75|||
30MAY2022|SHEL-JUN|40|SHEL-JUN|116|116|115.50|116|2000|115.02|||
30MAY2022|SILK-JUN|40|SILK-JUN|1.30|1.30|1.29|1.30|12000|1.31|||
30MAY2022|SMBL-JUN|40|SMBL-JUN|0|0|0|2.53|0|2.51|||
30MAY2022|SYS-JUN|40|SYS-JUN|333.33|344.30|331.90|337.05|124000|332.28|||
30MAY2022|THALL-JUN|40|THALL-JUN|0|0|0|332.73|0|332.96|||
30MAY2022|TPLP-JUN|40|TPLP-JUN|19|20.10|18.96|19.45|11302000|18.78|||
30MAY2022|UBLPETF-JUN|40|UBLPETF-JUN|0|0|0|11.68|0|11.83|||
30MAY2022|YOUW-JUN|40|YOUW-JUN|5.30|5.30|5.05|5.05|135000|5.01|||
30MAY2022|AGP-JUNB|40|AGP-JUNB|0|0|0|83.11|0|83.61|||
30MAY2022|AVN-JUNB|40|AVN-JUNB|81.49|82.43|80.15|80.79|446500|81.30|||
30MAY2022|FATIMA-JUNB|40|FATIMA-JUNB|0|0|0|37.19|0|37.16|||
30MAY2022|AGHA-JUL|40|AGHA-JUL|0|0|0|16.28|0|16.18|||
30MAY2022|AGP-JUL|40|AGP-JUL|0|0|0|84.55|0|84.95|||
30MAY2022|CNERGY-JUL|40|CNERGY-JUL|0|0|0|5.83|0|5.90|||
30MAY2022|FEROZ-JUL|40|FEROZ-JUL|0|0|0|259.32|0|259.25|||
30MAY2022|FLYNG-JUL|40|FLYNG-JUL|0|0|0|8.35|0|8.37|||
30MAY2022|GGGL-JUL|40|GGGL-JUL|0|0|0|12.46|0|12.59|||
30MAY2022|GHGL-JUL|40|GHGL-JUL|0|0|0|44.03|0|44.27|||
30MAY2022|KOSM-JUL|40|KOSM-JUL|0|0|0|3.16|0|3.19|||
30MAY2022|MTL-JUL|40|MTL-JUL|0|0|0|900.34|0|870.78|||
30MAY2022|MZNPETF-JUL|40|MZNPETF-JUL|0|0|0|8.25|0|8.10|||
30MAY2022|NBPGETF-JUL|40|NBPGETF-JUL|0|0|0|9.91|0|9.89|||
30MAY2022|NITGETF-JUL|40|NITGETF-JUL|0|0|0|10.94|0|10.92|||
30MAY2022|SHEL-JUL|40|SHEL-JUL|0|0|0|118.59|0|117.46|||
30MAY2022|SILK-JUL|40|SILK-JUL|0|0|0|1.32|0|1.34|||
30MAY2022|SMBL-JUL|40|SMBL-JUL|0|0|0|2.58|0|2.55|||
30MAY2022|SYS-JUL|40|SYS-JUL|0|0|0|344.59|0|338.52|||
30MAY2022|THALL-JUL|40|THALL-JUL|0|0|0|338.49|0|338.29|||
30MAY2022|TPLP-JUL|40|TPLP-JUL|18.02|18.02|18.02|18.02|2000|19.16|||
30MAY2022|UBLPETF-JUL|40|UBLPETF-JUL|0|0|0|11.88|0|12.02|||
30MAY2022|YOUW-JUL|40|YOUW-JUL|0|0|0|5.17|0|5.16|||
30MAY2022|AGL-JUL|40|AGL-JUL|0|0|0|5.34|0|5.31|||
30MAY2022|AIRLINK-JUL|40|AIRLINK-JUL|0|0|0|42.25|0|43.03|||
30MAY2022|PABC-JUL|40|PABC-JUL|0|0|0|32.48|0|32.42|||
30MAY2022|CPHL-JUL|40|CPHL-JUL|0|0|0|31.84|0|31.99|||
30MAY2022|AGL-JUN|40|AGL-JUN|0|5.23|5.23|5.23|2750000|5.23|||
30MAY2022|AIRLINK-JUN|40|AIRLINK-JUN|0|0|0|41.53|0|42.35|||
30MAY2022|PABC-JUN|40|PABC-JUN|0|0|0|31.93|0|31.91|||
30MAY2022|CPHL-JUN|40|CPHL-JUN|0|0|0|31.30|0|31.48|||
30MAY2022|DCR-JUNB|40|DCR-JUNB|0|0|0|14.68|0|14.69|||
30MAY2022|EPCL-JUNB|40|EPCL-JUNB|84.10|85.85|84.10|84.89|930000|84.30|||
30MAY2022|EFERT-JUNB|40|EFERT-JUNB|88.17|88.20|88|88.20|9000|88.07|||
30MAY2022|ABL-JUNB|40|ABL-JUNB|0|0|0|72.22|0|71.87|||
30MAY2022|UBL-JUNB|40|UBL-JUNB|130.50|130.85|130.50|130.85|1500|131.25|||
30MAY2022|ENGRO-JUNB|40|ENGRO-JUNB|267.92|269.79|267.42|269.79|5500|270|||
30MAY2022|HBL-JUNB|40|HBL-JUNB|104.10|104.10|104.10|104.10|1000|105|||
30MAY2022|HUMNL-JUNB|40|HUMNL-JUNB|7.11|7.25|7.02|7.11|927000|7.09|||
30MAY2022|MEBL-JUNB|40|MEBL-JUNB|130.39|131.50|130.39|131.50|1000|130.78|||
30MAY2022|MCB-JUNB|40|MCB-JUNB|136.50|136.50|136.50|136.50|1000|137.48|||
30MAY2022|FFC-JUNB|40|FFC-JUNB|116|116|115|115.04|57000|115|||
30MAY2022|OGDC-JUNB|40|OGDC-JUNB|79.75|82.50|79|80.76|1835500|77.90|||
30MAY2022|MTL-JUNB|40|MTL-JUNB|0|0|0|885.02|0|857.07|||
30MAY2022|AGL-AUG|40|AGL-AUG|0|0|0|5.41|0|5.40|||
30MAY2022|AGP-AUG|40|AGP-AUG|0|0|0|85.70|0|86.30|||
30MAY2022|AIRLINK-AUG|40|AIRLINK-AUG|0|0|0|42.83|0|43.72|||
30MAY2022|CNERGY-AUG|40|CNERGY-AUG|0|0|0|5.90|0|5.99|||
30MAY2022|CPHL-AUG|40|CPHL-AUG|0|0|0|32.27|0|32.50|||
30MAY2022|FLYNG-AUG|40|FLYNG-AUG|0|0|0|8.47|0|8.50|||
30MAY2022|KOSM-AUG|40|KOSM-AUG|0|0|0|3.20|0|3.24|||
30MAY2022|MTL-AUG|40|MTL-AUG|0|0|0|912.59|0|884.67|||
30MAY2022|MZNPETF-AUG|40|MZNPETF-AUG|0|0|0|8.36|0|8.23|||
30MAY2022|NBPGETF-AUG|40|NBPGETF-AUG|0|0|0|10.04|0|10.05|||
30MAY2022|NITGETF-AUG|40|NITGETF-AUG|0|0|0|11.09|0|11.09|||
30MAY2022|PABC-AUG|40|PABC-AUG|0|0|0|32.92|0|32.94|||
30MAY2022|SHEL-AUG|40|SHEL-AUG|0|0|0|120.21|0|119.33|||
30MAY2022|SMBL-AUG|40|SMBL-AUG|0|0|0|2.61|0|2.59|||
30MAY2022|SYS-AUG|40|SYS-AUG|0|0|0|349.28|0|343.92|||
30MAY2022|THALL-AUG|40|THALL-AUG|0|0|0|343.10|0|343.69|||
30MAY2022|TPLP-AUG|40|TPLP-AUG|0|0|0|20.15|0|19.47|||
30MAY2022|YOUW-AUG|40|YOUW-AUG|0|0|0|5.24|0|5.24|||
30MAY2022|DCR|0836|Dolmen City|14.40|14.50|14.40|14.48|20500|14.50|||
30MAY2022|UBLPETF|0837|UBLPakistanETF|11.52|11.52|11.52|11.52|10000|11.68|||
30MAY2022|MZNPETF|0837|Meezan PakistanXD|7.90|8.02|7.90|8|39500|7.87|||
30MAY2022|JSMFETF|0837|JS Momentum|8.90|8.90|8.90|8.90|6000|9.34|||
30MAY2022|ACIETF|0837|Alfalah Consumer|8.17|8.19|8.17|8.19|11500|8.79|||
